#
# There is insufficient memory for the Java Runtime Environment to continue.
# Native memory allocation (malloc) failed to allocate 923056 bytes for Chunk::new
# Possible reasons:
#   The system is out of physical RAM or swap space
#   In 32 bit mode, the process size limit was hit
# Possible solutions:
#   Reduce memory load on the system
#   Increase physical memory or swap space
#   Check if swap backing store is full
#   Use 64 bit Java on a 64 bit OS
#   Decrease Java heap size (-Xmx/-Xms)
#   Decrease number of Java threads
#   Decrease Java thread stack sizes (-Xss)
#   Set larger code cache with -XX:ReservedCodeCacheSize=
# This output file may be truncated or incomplete.
#
#  Out of Memory Error (allocation.cpp:390), pid=8988, tid=0x00000000000014f4
#
# JRE version: OpenJDK Runtime Environment (8.0_152-b02) (build 1.8.0_152-release-1024-b02)
# Java VM: OpenJDK 64-Bit Server VM (25.152-b02 mixed mode windows-amd64 compressed oops)
# Failed to write core dump. Minidumps are not enabled by default on client versions of Windows
#

---------------  T H R E A D  ---------------

Current thread (0x000000001880c800):  JavaThread "C2 CompilerThread1" daemon [_thread_in_native, id=5364, stack(0x000000001a080000,0x000000001a180000)]

Stack: [0x000000001a080000,0x000000001a180000]
[error occurred during error reporting (printing stack bounds), id 0xc0000005]

Native frames: (J=compiled Java code, j=interpreted, Vv=VM code, C=native code)


Current CompileTask:
C2:  13668 3543       4       org.gradle.model.internal.type.ModelType::wrap (219 bytes)


---------------  P R O C E S S  ---------------

Java Threads: ( => current thread )
  0x000000001bdfd800 JavaThread "Memory manager" [_thread_blocked, id=10888, stack(0x0000000023f10000,0x0000000024010000)]
  0x000000001f2ae000 JavaThread "pool-1-thread-1" [_thread_blocked, id=4168, stack(0x0000000023c10000,0x0000000023d10000)]
  0x000000001f2a7800 JavaThread "build operations Thread 4" [_thread_blocked, id=2704, stack(0x0000000023710000,0x0000000023810000)]
  0x000000001f2a7000 JavaThread "build operations Thread 3" [_thread_blocked, id=9864, stack(0x0000000023390000,0x0000000023490000)]
  0x000000001f2ad000 JavaThread "build operations Thread 2" [_thread_blocked, id=3304, stack(0x0000000023290000,0x0000000023390000)]
  0x000000001f2ab800 JavaThread "build operations" [_thread_blocked, id=1392, stack(0x0000000023190000,0x0000000023290000)]
  0x000000001f2aa000 JavaThread "Cache worker for Artifact transforms cache (C:\Users\Septima\.gradle\caches\transforms-1)" [_thread_blocked, id=12832, stack(0x0000000022f90000,0x0000000023090000)]
  0x000000001d889800 JavaThread "Cache worker for file hash cache (C:\Users\Septima\AndroidStudioProjects\UnitConverter\.gradle\4.4\fileHashes)" [_thread_blocked, id=1704, stack(0x000000001e4a0000,0x000000001e5a0000)]
  0x000000001bd1c000 JavaThread "File lock request listener" [_thread_in_native, id=11136, stack(0x000000001d3d0000,0x000000001d4d0000)]
  0x000000001bd1b800 JavaThread "Cache worker for file hash cache (C:\Users\Septima\.gradle\caches\4.4\fileHashes)" [_thread_blocked, id=11880, stack(0x000000001d2d0000,0x000000001d3d0000)]
  0x000000001acba800 JavaThread "Stdin handler" [_thread_blocked, id=3116, stack(0x000000001cfd0000,0x000000001d0d0000)]
  0x000000001acb9800 JavaThread "Asynchronous log dispatcher for DefaultDaemonConnection: socket connection from /127.0.0.1:50539 to /127.0.0.1:50540" [_thread_blocked, id=3500, stack(0x000000001ced0000,0x000000001cfd0000)]
  0x000000001b882800 JavaThread "Daemon worker" [_thread_in_native, id=2888, stack(0x000000001cdd0000,0x000000001ced0000)]
  0x000000001b880800 JavaThread "Cancel handler" [_thread_blocked, id=13100, stack(0x000000001ccd0000,0x000000001cdd0000)]
  0x000000001b8fd800 JavaThread "Handler for socket connection from /127.0.0.1:50539 to /127.0.0.1:50540" [_thread_in_native, id=12536, stack(0x000000001c9d0000,0x000000001cad0000)]
  0x000000001b8fa800 JavaThread "Daemon" [_thread_blocked, id=6052, stack(0x000000001c8d0000,0x000000001c9d0000)]
  0x000000001b8d0800 JavaThread "Daemon periodic checks" [_thread_blocked, id=10364, stack(0x000000001c7d0000,0x000000001c8d0000)]
  0x000000001b8c4000 JavaThread "Incoming local TCP Connector on port 50539" [_thread_in_native, id=2572, stack(0x000000001c590000,0x000000001c690000)]
  0x000000001a2a9800 JavaThread "Service Thread" daemon [_thread_blocked, id=8860, stack(0x000000001a680000,0x000000001a780000)]
  0x000000001881b000 JavaThread "C1 CompilerThread2" daemon [_thread_blocked, id=12976, stack(0x000000001a180000,0x000000001a280000)]
=>0x000000001880c800 JavaThread "C2 CompilerThread1" daemon [_thread_in_native, id=5364, stack(0x000000001a080000,0x000000001a180000)]
  0x0000000018819000 JavaThread "C2 CompilerThread0" daemon [_thread_blocked, id=10216, stack(0x0000000019f80000,0x000000001a080000)]
  0x0000000018817000 JavaThread "Attach Listener" daemon [_thread_blocked, id=11068, stack(0x0000000019e80000,0x0000000019f80000)]
  0x0000000018816000 JavaThread "Signal Dispatcher" daemon [_thread_blocked, id=3300, stack(0x0000000019d80000,0x0000000019e80000)]
  0x00000000187f8800 JavaThread "Finalizer" daemon [_thread_blocked, id=12184, stack(0x0000000019a90000,0x0000000019b90000)]
  0x0000000004e92800 JavaThread "Reference Handler" daemon [_thread_blocked, id=6772, stack(0x0000000019990000,0x0000000019a90000)]
  0x0000000004da2800 JavaThread "main" [_thread_blocked, id=2060, stack(0x0000000004ca0000,0x0000000004da0000)]

Other Threads:
  0x00000000187d5000 VMThread [stack: 0x0000000019890000,0x0000000019990000] [id=2408]
  0x000000001886e800 WatcherThread [stack: 0x000000001a780000,0x000000001a880000] [id=13012]

VM state:not at safepoint (normal execution)

VM Mutex/Monitor currently owned by a thread: None

Heap:
 PSYoungGen      total 140800K, used 81425K [0x00000000e0000000, 0x00000000eaa00000, 0x0000000100000000)
  eden space 130560K, 62% used [0x00000000e0000000,0x00000000e4f847c0,0x00000000e7f80000)
  from space 10240K, 0% used [0x00000000e7f80000,0x00000000e7f80000,0x00000000e8980000)
  to   space 12800K, 0% used [0x00000000e9d80000,0x00000000e9d80000,0x00000000eaa00000)
 ParOldGen       total 98816K, used 19344K [0x00000000a0000000, 0x00000000a6080000, 0x00000000e0000000)
  object space 98816K, 19% used [0x00000000a0000000,0x00000000a12e4240,0x00000000a6080000)
 Metaspace       used 39097K, capacity 39866K, committed 40152K, reserved 1083392K
  class space    used 5330K, capacity 5581K, committed 5632K, reserved 1048576K

Card table byte_map: [0x0000000014260000,0x0000000014570000] byte_map_base: 0x0000000013d60000

Marking Bits: (ParMarkBitMap*) 0x0000000074f84970
 Begin Bits: [0x0000000014b70000, 0x0000000016370000)
 End Bits:   [0x0000000016370000, 0x0000000017b70000)

Polling page: 0x0000000004b60000

CodeCache: size=245760Kb used=12019Kb max_used=12030Kb free=233740Kb
 bounds [0x0000000004ea0000, 0x0000000005a70000, 0x0000000013ea0000]
 total_blobs=4274 nmethods=3561 adapters=625
 compilation: enabled

Compilation events (10 events):
Event: 13.562 Thread 0x0000000018819000 nmethod 3841 0x0000000005a5c2d0 code [0x0000000005a5c400, 0x0000000005a5c478]
Event: 13.581 Thread 0x0000000018819000 3883       4       java.util.jar.JarFile::getManifest (5 bytes)
Event: 13.605 Thread 0x000000001881b000 3884       3       sun.reflect.generics.reflectiveObjects.TypeVariableImpl::make (66 bytes)
Event: 13.605 Thread 0x000000001881b000 nmethod 3884 0x0000000005a5f290 code [0x0000000005a5f4c0, 0x0000000005a60348]
Event: 13.608 Thread 0x000000001881b000 3885       3       com.google.common.base.Preconditions::checkNotNull (14 bytes)
Event: 13.608 Thread 0x000000001881b000 nmethod 3885 0x0000000005a5bdd0 code [0x0000000005a5bf40, 0x0000000005a5c168]
Event: 13.609 Thread 0x000000001881b000 3886       3       java.lang.invoke.MemberName::getType (19 bytes)
Event: 13.609 Thread 0x000000001881b000 nmethod 3886 0x0000000005a5d1d0 code [0x0000000005a5d360, 0x0000000005a5d8b8]
Event: 13.610 Thread 0x000000001881b000 3887       3       com.google.common.collect.AbstractIndexedListIterator::hasNext (17 bytes)
Event: 13.610 Thread 0x000000001881b000 nmethod 3887 0x0000000005a5ce50 code [0x0000000005a5cfa0, 0x0000000005a5d150]

GC Heap History (10 events):
Event: 3.972 GC heap before
{Heap before GC invocations=5 (full 0):
 PSYoungGen      total 71680K, used 18345K [0x00000000e0000000, 0x00000000e4b00000, 0x0000000100000000)
  eden space 66560K, 19% used [0x00000000e0000000,0x00000000e0cf2400,0x00000000e4100000)
  from space 5120K, 99% used [0x00000000e4600000,0x00000000e4af8020,0x00000000e4b00000)
  to   space 5120K, 0% used [0x00000000e4100000,0x00000000e4100000,0x00000000e4600000)
 ParOldGen       total 87552K, used 5673K [0x00000000a0000000, 0x00000000a5580000, 0x00000000e0000000)
  object space 87552K, 6% used [0x00000000a0000000,0x00000000a058a4f0,0x00000000a5580000)
 Metaspace       used 20854K, capacity 21200K, committed 21248K, reserved 1067008K
  class space    used 2909K, capacity 3038K, committed 3072K, reserved 1048576K
Event: 3.981 GC heap after
Heap after GC invocations=5 (full 0):
 PSYoungGen      total 71680K, used 5092K [0x00000000e0000000, 0x00000000e9600000, 0x0000000100000000)
  eden space 66560K, 0% used [0x00000000e0000000,0x00000000e0000000,0x00000000e4100000)
  from space 5120K, 99% used [0x00000000e4100000,0x00000000e45f9050,0x00000000e4600000)
  to   space 10240K, 0% used [0x00000000e8c00000,0x00000000e8c00000,0x00000000e9600000)
 ParOldGen       total 87552K, used 8300K [0x00000000a0000000, 0x00000000a5580000, 0x00000000e0000000)
  object space 87552K, 9% used [0x00000000a0000000,0x00000000a081b258,0x00000000a5580000)
 Metaspace       used 20854K, capacity 21200K, committed 21248K, reserved 1067008K
  class space    used 2909K, capacity 3038K, committed 3072K, reserved 1048576K
}
Event: 3.981 GC heap before
{Heap before GC invocations=6 (full 1):
 PSYoungGen      total 71680K, used 5092K [0x00000000e0000000, 0x00000000e9600000, 0x0000000100000000)
  eden space 66560K, 0% used [0x00000000e0000000,0x00000000e0000000,0x00000000e4100000)
  from space 5120K, 99% used [0x00000000e4100000,0x00000000e45f9050,0x00000000e4600000)
  to   space 10240K, 0% used [0x00000000e8c00000,0x00000000e8c00000,0x00000000e9600000)
 ParOldGen       total 87552K, used 8300K [0x00000000a0000000, 0x00000000a5580000, 0x00000000e0000000)
  object space 87552K, 9% used [0x00000000a0000000,0x00000000a081b258,0x00000000a5580000)
 Metaspace       used 20854K, capacity 21200K, committed 21248K, reserved 1067008K
  class space    used 2909K, capacity 3038K, committed 3072K, reserved 1048576K
Event: 4.029 GC heap after
Heap after GC invocations=6 (full 1):
 PSYoungGen      total 71680K, used 0K [0x00000000e0000000, 0x00000000e9600000, 0x0000000100000000)
  eden space 66560K, 0% used [0x00000000e0000000,0x00000000e0000000,0x00000000e4100000)
  from space 5120K, 0% used [0x00000000e4100000,0x00000000e4100000,0x00000000e4600000)
  to   space 10240K, 0% used [0x00000000e8c00000,0x00000000e8c00000,0x00000000e9600000)
 ParOldGen       total 60416K, used 8041K [0x00000000a0000000, 0x00000000a3b00000, 0x00000000e0000000)
  object space 60416K, 13% used [0x00000000a0000000,0x00000000a07da6a8,0x00000000a3b00000)
 Metaspace       used 20854K, capacity 21200K, committed 21248K, reserved 1067008K
  class space    used 2909K, capacity 3038K, committed 3072K, reserved 1048576K
}
Event: 6.012 GC heap before
{Heap before GC invocations=7 (full 1):
 PSYoungGen      total 71680K, used 66560K [0x00000000e0000000, 0x00000000e9600000, 0x0000000100000000)
  eden space 66560K, 100% used [0x00000000e0000000,0x00000000e4100000,0x00000000e4100000)
  from space 5120K, 0% used [0x00000000e4100000,0x00000000e4100000,0x00000000e4600000)
  to   space 10240K, 0% used [0x00000000e8c00000,0x00000000e8c00000,0x00000000e9600000)
 ParOldGen       total 60416K, used 8041K [0x00000000a0000000, 0x00000000a3b00000, 0x00000000e0000000)
  object space 60416K, 13% used [0x00000000a0000000,0x00000000a07da6a8,0x00000000a3b00000)
 Metaspace       used 26576K, capacity 27066K, committed 27136K, reserved 1073152K
  class space    used 3663K, capacity 3831K, committed 3840K, reserved 1048576K
Event: 6.022 GC heap after
Heap after GC invocations=7 (full 1):
 PSYoungGen      total 109056K, used 7548K [0x00000000e0000000, 0x00000000e9380000, 0x0000000100000000)
  eden space 101376K, 0% used [0x00000000e0000000,0x00000000e0000000,0x00000000e6300000)
  from space 7680K, 98% used [0x00000000e8c00000,0x00000000e935f028,0x00000000e9380000)
  to   space 10240K, 0% used [0x00000000e7f80000,0x00000000e7f80000,0x00000000e8980000)
 ParOldGen       total 60416K, used 8049K [0x00000000a0000000, 0x00000000a3b00000, 0x00000000e0000000)
  object space 60416K, 13% used [0x00000000a0000000,0x00000000a07dc6a8,0x00000000a3b00000)
 Metaspace       used 26576K, capacity 27066K, committed 27136K, reserved 1073152K
  class space    used 3663K, capacity 3831K, committed 3840K, reserved 1048576K
}
Event: 11.510 GC heap before
{Heap before GC invocations=8 (full 1):
 PSYoungGen      total 109056K, used 98475K [0x00000000e0000000, 0x00000000e9380000, 0x0000000100000000)
  eden space 101376K, 89% used [0x00000000e0000000,0x00000000e58cbd70,0x00000000e6300000)
  from space 7680K, 98% used [0x00000000e8c00000,0x00000000e935f028,0x00000000e9380000)
  to   space 10240K, 0% used [0x00000000e7f80000,0x00000000e7f80000,0x00000000e8980000)
 ParOldGen       total 60416K, used 8049K [0x00000000a0000000, 0x00000000a3b00000, 0x00000000e0000000)
  object space 60416K, 13% used [0x00000000a0000000,0x00000000a07dc6a8,0x00000000a3b00000)
 Metaspace       used 34682K, capacity 35260K, committed 35416K, reserved 1079296K
  class space    used 4779K, capacity 4972K, committed 4992K, reserved 1048576K
Event: 11.524 GC heap after
Heap after GC invocations=8 (full 1):
 PSYoungGen      total 140800K, used 10238K [0x00000000e0000000, 0x00000000eaa00000, 0x0000000100000000)
  eden space 130560K, 0% used [0x00000000e0000000,0x00000000e0000000,0x00000000e7f80000)
  from space 10240K, 99% used [0x00000000e7f80000,0x00000000e897f908,0x00000000e8980000)
  to   space 12800K, 0% used [0x00000000e9d80000,0x00000000e9d80000,0x00000000eaa00000)
 ParOldGen       total 60416K, used 10746K [0x00000000a0000000, 0x00000000a3b00000, 0x00000000e0000000)
  object space 60416K, 17% used [0x00000000a0000000,0x00000000a0a7ebc0,0x00000000a3b00000)
 Metaspace       used 34682K, capacity 35260K, committed 35416K, reserved 1079296K
  class space    used 4779K, capacity 4972K, committed 4992K, reserved 1048576K
}
Event: 11.524 GC heap before
{Heap before GC invocations=9 (full 2):
 PSYoungGen      total 140800K, used 10238K [0x00000000e0000000, 0x00000000eaa00000, 0x0000000100000000)
  eden space 130560K, 0% used [0x00000000e0000000,0x00000000e0000000,0x00000000e7f80000)
  from space 10240K, 99% used [0x00000000e7f80000,0x00000000e897f908,0x00000000e8980000)
  to   space 12800K, 0% used [0x00000000e9d80000,0x00000000e9d80000,0x00000000eaa00000)
 ParOldGen       total 60416K, used 10746K [0x00000000a0000000, 0x00000000a3b00000, 0x00000000e0000000)
  object space 60416K, 17% used [0x00000000a0000000,0x00000000a0a7ebc0,0x00000000a3b00000)
 Metaspace       used 34682K, capacity 35260K, committed 35416K, reserved 1079296K
  class space    used 4779K, capacity 4972K, committed 4992K, reserved 1048576K
Event: 11.622 GC heap after
Heap after GC invocations=9 (full 2):
 PSYoungGen      total 140800K, used 0K [0x00000000e0000000, 0x00000000eaa00000, 0x0000000100000000)
  eden space 130560K, 0% used [0x00000000e0000000,0x00000000e0000000,0x00000000e7f80000)
  from space 10240K, 0% used [0x00000000e7f80000,0x00000000e7f80000,0x00000000e8980000)
  to   space 12800K, 0% used [0x00000000e9d80000,0x00000000e9d80000,0x00000000eaa00000)
 ParOldGen       total 98816K, used 19344K [0x00000000a0000000, 0x00000000a6080000, 0x00000000e0000000)
  object space 98816K, 19% used [0x00000000a0000000,0x00000000a12e4240,0x00000000a6080000)
 Metaspace       used 34682K, capacity 35260K, committed 35416K, reserved 1079296K
  class space    used 4779K, capacity 4972K, committed 4992K, reserved 1048576K
}

Deoptimization events (10 events):
Event: 12.656 Thread 0x000000001b882800 Uncommon trap: reason=unstable_if action=reinterpret pc=0x0000000005a0e2a0 method=java.lang.reflect.Modifier.toString(I)Ljava/lang/String; @ 123
Event: 12.656 Thread 0x000000001b882800 Uncommon trap: reason=unstable_if action=reinterpret pc=0x00000000059e3ee4 method=java.lang.reflect.Modifier.toString(I)Ljava/lang/String; @ 123
Event: 12.944 Thread 0x000000001b882800 Uncommon trap: reason=unstable_if action=reinterpret pc=0x00000000056e924c method=java.util.jar.Attributes$Name.isDigit(C)Z @ 3
Event: 12.968 Thread 0x000000001b882800 Uncommon trap: reason=unstable_if action=reinterpret pc=0x00000000059320c0 method=java.lang.ThreadLocal.get()Ljava/lang/Object; @ 11
Event: 13.003 Thread 0x000000001b882800 Uncommon trap: reason=unstable_if action=reinterpret pc=0x000000000530273c method=java.lang.CharacterDataLatin1.isWhitespace(I)Z @ 14
Event: 13.083 Thread 0x000000001b882800 Uncommon trap: reason=unstable_if action=reinterpret pc=0x00000000059553a4 method=java.util.jar.JarFile.getInputStream(Ljava/util/zip/ZipEntry;)Ljava/io/InputStream; @ 37
Event: 13.114 Thread 0x000000001b882800 Uncommon trap: reason=unstable_if action=reinterpret pc=0x0000000005926eb0 method=java.security.CodeSource.<init>(Ljava/net/URL;[Ljava/security/CodeSigner;)V @ 25
Event: 13.116 Thread 0x000000001b882800 Uncommon trap: reason=unstable_if action=reinterpret pc=0x00000000053fce2c method=java.security.CodeSource.getCertificates()[Ljava/security/cert/Certificate; @ 22
Event: 13.117 Thread 0x000000001b882800 Uncommon trap: reason=unstable_if action=reinterpret pc=0x000000000592cff0 method=java.security.CodeSource.matchCerts(Ljava/security/CodeSource;Z)Z @ 11
Event: 13.142 Thread 0x000000001b882800 Uncommon trap: reason=unstable_if action=reinterpret pc=0x000000000596baf8 method=java.util.LinkedHashMap.get(Ljava/lang/Object;)Ljava/lang/Object; @ 20

Classes redefined (0 events):
No events

Internal exceptions (10 events):
Event: 10.532 Thread 0x000000001b882800 Exception <a 'java/lang/ClassNotFoundException': build_97q1x5og8nfvslap9jkj6ivttCustomizer> (0x00000000e3f70370) thrown at [D:\src\AOSP-openjdk-cygwin\jdk8u\hotspot\src\share\vm\classfile\systemDictionary.cpp, line 210]
Event: 10.537 Thread 0x000000001b882800 Exception <a 'java/lang/ClassNotFoundException': org/gradle/api/internal/plugins/DefaultObjectConfigurationActionBeanInfo> (0x00000000e3fd6740) thrown at [D:\src\AOSP-openjdk-cygwin\jdk8u\hotspot\src\share\vm\classfile\systemDictionary.cpp, line 210]
Event: 10.538 Thread 0x000000001b882800 Exception <a 'java/lang/ClassNotFoundException': org/gradle/api/internal/plugins/DefaultObjectConfigurationActionCustomizer> (0x00000000e400dcc0) thrown at [D:\src\AOSP-openjdk-cygwin\jdk8u\hotspot\src\share\vm\classfile\systemDictionary.cpp, line 210]
Event: 11.183 Thread 0x000000001b882800 Exception <a 'sun/nio/fs/WindowsException'> (0x00000000e4fcb318) thrown at [D:\src\AOSP-openjdk-cygwin\jdk8u\hotspot\src\share\vm\prims\jni.cpp, line 709]
Event: 12.152 Thread 0x000000001b882800 Exception <a 'sun/nio/fs/WindowsException'> (0x00000000e05c21a8) thrown at [D:\src\AOSP-openjdk-cygwin\jdk8u\hotspot\src\share\vm\prims\jni.cpp, line 709]
Event: 12.968 Thread 0x000000001b882800 Implicit null exception at 0x0000000005931b68 to 0x00000000059320a9
Event: 13.487 Thread 0x000000001b882800 Exception <a 'java/lang/ClassNotFoundException': com/android/build/gradle/internal/api/DefaultAndroidSourceSet_DecoratedBeanInfo> (0x00000000e4abeef8) thrown at [D:\src\AOSP-openjdk-cygwin\jdk8u\hotspot\src\share\vm\classfile\systemDictionary.cpp, line 21
Event: 13.487 Thread 0x000000001b882800 Exception <a 'java/lang/ClassNotFoundException': com/android/build/gradle/internal/api/DefaultAndroidSourceSetBeanInfo> (0x00000000e4ad9950) thrown at [D:\src\AOSP-openjdk-cygwin\jdk8u\hotspot\src\share\vm\classfile\systemDictionary.cpp, line 210]
Event: 13.488 Thread 0x000000001b882800 Exception <a 'java/lang/ClassNotFoundException': com/android/build/gradle/internal/api/DefaultAndroidSourceSetCustomizer> (0x00000000e4af4868) thrown at [D:\src\AOSP-openjdk-cygwin\jdk8u\hotspot\src\share\vm\classfile\systemDictionary.cpp, line 210]
Event: 13.490 Thread 0x000000001b882800 Exception <a 'java/lang/ClassNotFoundException': com/android/build/gradle/internal/api/DefaultAndroidSourceSet_DecoratedCustomizer> (0x00000000e4b53348) thrown at [D:\src\AOSP-openjdk-cygwin\jdk8u\hotspot\src\share\vm\classfile\systemDictionary.cpp, line 

Events (10 events):
Event: 13.603 loading class com/google/common/reflect/Types$JavaVersion
Event: 13.603 loading class com/google/common/reflect/Types$JavaVersion done
Event: 13.603 loading class com/google/common/reflect/Types$JavaVersion$1
Event: 13.603 loading class com/google/common/reflect/Types$JavaVersion$1 done
Event: 13.604 loading class com/google/common/reflect/Types$JavaVersion$2
Event: 13.604 loading class com/google/common/reflect/Types$JavaVersion$2 done
Event: 13.604 loading class com/google/common/reflect/Types$JavaVersion$3
Event: 13.604 loading class com/google/common/reflect/Types$JavaVersion$3 done
Event: 13.607 loading class java/util/concurrent/locks/ReentrantReadWriteLock$NonfairSync
Event: 13.607 loading class java/util/concurrent/locks/ReentrantReadWriteLock$NonfairSync done


Dynamic libraries:
0x00007ff71c090000 - 0x00007ff71c0c1000 	C:\Program Files\Android\Android Studio\jre\bin\java.exe
0x00007ffd3c5f0000 - 0x00007ffd3c7d0000 	C:\WINDOWS\SYSTEM32\ntdll.dll
0x00007ffcfe130000 - 0x00007ffcfe164000 	C:\Program Files\AVAST Software\Avast\x64\aswhooka.dll
0x00007ffd3c270000 - 0x00007ffd3c31e000 	C:\WINDOWS\System32\KERNEL32.DLL
0x00007ffd39850000 - 0x00007ffd39ab6000 	C:\WINDOWS\System32\KERNELBASE.dll
0x00007ffd39f60000 - 0x00007ffd3a001000 	C:\WINDOWS\System32\ADVAPI32.dll
0x00007ffd3ab50000 - 0x00007ffd3abed000 	C:\WINDOWS\System32\msvcrt.dll
0x00007ffd3c560000 - 0x00007ffd3c5bb000 	C:\WINDOWS\System32\sechost.dll
0x00007ffd3c410000 - 0x00007ffd3c52f000 	C:\WINDOWS\System32\RPCRT4.dll
0x00007ffd39dd0000 - 0x00007ffd39f5f000 	C:\WINDOWS\System32\USER32.dll
0x00007ffd38af0000 - 0x00007ffd38b10000 	C:\WINDOWS\System32\win32u.dll
0x00007ffd3c530000 - 0x00007ffd3c558000 	C:\WINDOWS\System32\GDI32.dll
0x00007ffd38b70000 - 0x00007ffd38d03000 	C:\WINDOWS\System32\gdi32full.dll
0x00007ffd397b0000 - 0x00007ffd3984b000 	C:\WINDOWS\System32\msvcp_win.dll
0x00007ffd389f0000 - 0x00007ffd38ae6000 	C:\WINDOWS\System32\ucrtbase.dll
0x00007ffd2c840000 - 0x00007ffd2caa9000 	C:\WINDOWS\WinSxS\amd64_microsoft.windows.common-controls_6595b64144ccf1df_6.0.16299.431_none_15c7d3ee93659e73\COMCTL32.dll
0x00007ffd3a6c0000 - 0x00007ffd3a9c8000 	C:\WINDOWS\System32\combase.dll
0x00007ffd39730000 - 0x00007ffd397a2000 	C:\WINDOWS\System32\bcryptPrimitives.dll
0x00007ffd3ada0000 - 0x00007ffd3adcd000 	C:\WINDOWS\System32\IMM32.DLL
0x0000000075f20000 - 0x0000000075ff2000 	C:\Program Files\Android\Android Studio\jre\jre\bin\msvcr100.dll
0x00000000747c0000 - 0x0000000074fff000 	C:\Program Files\Android\Android Studio\jre\jre\bin\server\jvm.dll
0x00007ffd3a030000 - 0x00007ffd3a038000 	C:\WINDOWS\System32\PSAPI.DLL
0x00007ffd37640000 - 0x00007ffd37649000 	C:\WINDOWS\SYSTEM32\WSOCK32.dll
0x00007ffd3c3a0000 - 0x00007ffd3c40c000 	C:\WINDOWS\System32\WS2_32.dll
0x00007ffd32380000 - 0x00007ffd323a3000 	C:\WINDOWS\SYSTEM32\WINMM.dll
0x00007ffd31bd0000 - 0x00007ffd31bda000 	C:\WINDOWS\SYSTEM32\VERSION.dll
0x00007ffd32320000 - 0x00007ffd3234a000 	C:\WINDOWS\SYSTEM32\WINMMBASE.dll
0x00007ffd39510000 - 0x00007ffd3955a000 	C:\WINDOWS\System32\cfgmgr32.dll
0x00007ffd330c0000 - 0x00007ffd330cf000 	C:\Program Files\Android\Android Studio\jre\jre\bin\verify.dll
0x00007ffd2c0f0000 - 0x00007ffd2c119000 	C:\Program Files\Android\Android Studio\jre\jre\bin\java.dll
0x00007ffd32300000 - 0x00007ffd32316000 	C:\Program Files\Android\Android Studio\jre\jre\bin\zip.dll
0x00007ffd3add0000 - 0x00007ffd3c208000 	C:\WINDOWS\System32\SHELL32.dll
0x00007ffd3abf0000 - 0x00007ffd3ac96000 	C:\WINDOWS\System32\shcore.dll
0x00007ffd38dc0000 - 0x00007ffd39507000 	C:\WINDOWS\System32\windows.storage.dll
0x00007ffd3c210000 - 0x00007ffd3c261000 	C:\WINDOWS\System32\shlwapi.dll
0x00007ffd38940000 - 0x00007ffd38951000 	C:\WINDOWS\System32\kernel.appcore.dll
0x00007ffd389a0000 - 0x00007ffd389ec000 	C:\WINDOWS\System32\powrprof.dll
0x00007ffd38960000 - 0x00007ffd3897b000 	C:\WINDOWS\System32\profapi.dll
0x00007ffd2bb10000 - 0x00007ffd2bb2a000 	C:\Program Files\Android\Android Studio\jre\jre\bin\net.dll
0x00007ffd381d0000 - 0x00007ffd38236000 	C:\WINDOWS\system32\mswsock.dll
0x00007ffd2baf0000 - 0x00007ffd2bb01000 	C:\Program Files\Android\Android Studio\jre\jre\bin\nio.dll
0x00007ffd28810000 - 0x00007ffd2882e000 	C:\Users\Septima\.gradle\native\25\windows-amd64\native-platform.dll
0x00007ffd330b0000 - 0x00007ffd330bd000 	C:\Program Files\Android\Android Studio\jre\jre\bin\management.dll
0x00007ffd38390000 - 0x00007ffd383a7000 	C:\WINDOWS\SYSTEM32\CRYPTSP.dll
0x00007ffd37dd0000 - 0x00007ffd37e03000 	C:\WINDOWS\system32\rsaenh.dll
0x00007ffd384a0000 - 0x00007ffd384c5000 	C:\WINDOWS\SYSTEM32\bcrypt.dll
0x00007ffd38870000 - 0x00007ffd38899000 	C:\WINDOWS\SYSTEM32\USERENV.dll
0x00007ffd383b0000 - 0x00007ffd383bb000 	C:\WINDOWS\SYSTEM32\CRYPTBASE.dll
0x00007ffd37f60000 - 0x00007ffd37f99000 	C:\WINDOWS\SYSTEM32\IPHLPAPI.DLL
0x00007ffd3a9d0000 - 0x00007ffd3a9d8000 	C:\WINDOWS\System32\NSI.dll
0x00007ffd31450000 - 0x00007ffd31466000 	C:\WINDOWS\SYSTEM32\dhcpcsvc6.DLL
0x00007ffd311c0000 - 0x00007ffd311da000 	C:\WINDOWS\SYSTEM32\dhcpcsvc.DLL

VM Arguments:
jvm_args: -Xmx1536m -Dfile.encoding=windows-1252 -Duser.country=US -Duser.language=en -Duser.variant 
java_command: org.gradle.launcher.daemon.bootstrap.GradleDaemon 4.4
java_class_path (initial): C:\Users\Septima\.gradle\wrapper\dists\gradle-4.4-all\9br9xq1tocpiv8o6njlyu5op1\gradle-4.4\lib\gradle-launcher-4.4.jar
Launcher Type: SUN_STANDARD

Environment Variables:
PATH=C:\Program Files\Microsoft MPI\Bin\;C:\Program Files\Docker\Docker\Resources\bin;C:\ProgramData\Oracle\Java\javapath;C:\Windows\system32;C:\Windows;C:\Windows\System32\Wbem;C:\Windows\System32\WindowsPowerShell\v1.0\;C:\Program Files (x86)\NVIDIA Corporation\PhysX\Common;C:\MinGW\bin;;C:\WINDOWS\system32;C:\WINDOWS;C:\WINDOWS\System32\Wbem;C:\WINDOWS\System32\WindowsPowerShell\v1.0\;C:\Program Files (x86)\Microsoft SQL Server\130\Tools\Binn\;C:\Program Files\Microsoft SQL Server\130\Tools\Binn\;C:\Program Files (x86)\Microsoft SQL Server\130\DTS\Binn\;C:\Program Files\Microsoft SQL Server\130\DTS\Binn\;C:\Program Files\Microsoft SQL Server\Client SDK\ODBC\130\Tools\Binn\;C:\Program Files (x86)\Microsoft SQL Server\Client SDK\ODBC\130\Tools\Binn\;C:\Program Files (x86)\Microsoft SQL Server\140\Tools\Binn\;C:\Program Files (x86)\Microsoft SQL Server\140\DTS\Binn\;C:\Program Files (x86)\Microsoft SQL Server\140\Tools\Binn\ManagementStudio\;C:\Program Files (x86)\Microsoft SQL Server\110\DTS\Binn\;C:\Program Files (x86)\Microsoft SQL Server\120\DTS\Binn\;C:\Program Files (x86)\Microsoft SQL Server\120\Tools\Binn\ManagementStudio\;C:\Program Files (x86)\Microsoft SQL Server\120\Tools\Binn\;C:\Program Files (x86)\Microsoft Visual Studio 12.0\Common7\IDE\PrivateAssemblies\;C:\Users\Septima\AppData\Local\Programs\Python\Python36-32\Scripts\;C:\Users\Septima\AppData\Local\Programs\Python\Python36-32\;C:\Users\Septima\AppData\Local\Microsoft\WindowsApps;C:\Program Files\Microsoft VS Code\bin;C:\Users\Septima\AppData\Local\atom\bin;C:\Users\Septima\AppData\Local\NASM;C:\Users\Septima\Anaconda2;
USERNAME=Septima
OS=Windows_NT
PROCESSOR_IDENTIFIER=Intel64 Family 6 Model 78 Stepping 3, GenuineIntel



---------------  S Y S T E M  ---------------

OS: Windows 10.0 , 64 bit Build 16299 (10.0.16299.431)

CPU:total 4 (initial active 4) (2 cores per cpu, 2 threads per core) family 6 model 78 stepping 3, cmov, cx8, fxsr, mmx, sse, sse2, sse3, ssse3, sse4.1, sse4.2, popcnt, avx, avx2, aes, clmul, erms, 3dnowpref, lzcnt, ht, tsc, tscinvbit, bmi1, bmi2, adx

Memory: 4k page, physical 8279168k(2472660k free), swap 8279168k(5684k free)

vm_info: OpenJDK 64-Bit Server VM (25.152-b02) for windows-amd64 JRE (1.8.0_152-release-1024-b02), built by "builder" with MS VC++ 10.0 (VS2010)

time: Tue May 22 18:21:52 2018
elapsed time: 13 seconds (0d 0h 0m 13s)

