#
# There is insufficient memory for the Java Runtime Environment to continue.
# Native memory allocation (malloc) failed to allocate 2181456 bytes for Chunk::new
# Possible reasons:
#   The system is out of physical RAM or swap space
#   In 32 bit mode, the process size limit was hit
# Possible solutions:
#   Reduce memory load on the system
#   Increase physical memory or swap space
#   Check if swap backing store is full
#   Use 64 bit Java on a 64 bit OS
#   Decrease Java heap size (-Xmx/-Xms)
#   Decrease number of Java threads
#   Decrease Java thread stack sizes (-Xss)
#   Set larger code cache with -XX:ReservedCodeCacheSize=
# This output file may be truncated or incomplete.
#
#  Out of Memory Error (allocation.cpp:390), pid=2800, tid=0x0000000000002cd4
#
# JRE version: OpenJDK Runtime Environment (8.0_152-b02) (build 1.8.0_152-release-1024-b02)
# Java VM: OpenJDK 64-Bit Server VM (25.152-b02 mixed mode windows-amd64 compressed oops)
# Failed to write core dump. Minidumps are not enabled by default on client versions of Windows
#

---------------  T H R E A D  ---------------

Current thread (0x00000000191dc800):  JavaThread "C2 CompilerThread1" daemon [_thread_in_native, id=11476, stack(0x000000001aa30000,0x000000001ab30000)]

Stack: [0x000000001aa30000,0x000000001ab30000]
[error occurred during error reporting (printing stack bounds), id 0xc0000005]

Native frames: (J=compiled Java code, j=interpreted, Vv=VM code, C=native code)


Current CompileTask:
C2:   2826 1441       4       java.net.URLClassLoader$1::run (5 bytes)


---------------  P R O C E S S  ---------------

Java Threads: ( => current thread )
  0x000000001ac50800 JavaThread "Service Thread" daemon [_thread_blocked, id=7860, stack(0x000000001b030000,0x000000001b130000)]
  0x00000000191e3800 JavaThread "C1 CompilerThread2" daemon [_thread_blocked, id=12672, stack(0x000000001ab30000,0x000000001ac30000)]
=>0x00000000191dc800 JavaThread "C2 CompilerThread1" daemon [_thread_in_native, id=11476, stack(0x000000001aa30000,0x000000001ab30000)]
  0x00000000191e9800 JavaThread "C2 CompilerThread0" daemon [_thread_in_native, id=6912, stack(0x000000001a930000,0x000000001aa30000)]
  0x00000000191e8000 JavaThread "Attach Listener" daemon [_thread_blocked, id=4200, stack(0x000000001a830000,0x000000001a930000)]
  0x00000000191e7000 JavaThread "Signal Dispatcher" daemon [_thread_blocked, id=6128, stack(0x000000001a730000,0x000000001a830000)]
  0x00000000191c8800 JavaThread "Finalizer" daemon [_thread_blocked, id=11348, stack(0x000000001a440000,0x000000001a540000)]
  0x0000000004693800 JavaThread "Reference Handler" daemon [_thread_blocked, id=3436, stack(0x000000001a340000,0x000000001a440000)]
  0x00000000045a3800 JavaThread "main" [_thread_in_vm, id=580, stack(0x00000000044a0000,0x00000000045a0000)]

Other Threads:
  0x00000000191a5000 VMThread [stack: 0x000000001a240000,0x000000001a340000] [id=7004]
  0x000000001ac72800 WatcherThread [stack: 0x000000001b130000,0x000000001b230000] [id=12680]

VM state:not at safepoint (normal execution)

VM Mutex/Monitor currently owned by a thread: None

Heap:
 PSYoungGen      total 38400K, used 21865K [0x00000000d5e00000, 0x00000000d8880000, 0x0000000100000000)
  eden space 33280K, 65% used [0x00000000d5e00000,0x00000000d735a660,0x00000000d7e80000)
  from space 5120K, 0% used [0x00000000d7e80000,0x00000000d7e80000,0x00000000d8380000)
  to   space 5120K, 0% used [0x00000000d8380000,0x00000000d8380000,0x00000000d8880000)
 ParOldGen       total 68608K, used 9513K [0x0000000081a00000, 0x0000000085d00000, 0x00000000d5e00000)
  object space 68608K, 13% used [0x0000000081a00000,0x000000008234a740,0x0000000085d00000)
 Metaspace       used 24250K, capacity 24602K, committed 25088K, reserved 1071104K
  class space    used 3141K, capacity 3243K, committed 3328K, reserved 1048576K

Card table byte_map: [0x0000000013a60000,0x0000000013e60000] byte_map_base: 0x0000000013653000

Marking Bits: (ParMarkBitMap*) 0x00000000621f4970
 Begin Bits: [0x0000000014510000, 0x00000000164a8000)
 End Bits:   [0x00000000164a8000, 0x0000000018440000)

Polling page: 0x0000000002a40000

CodeCache: size=245760Kb used=4993Kb max_used=4993Kb free=240766Kb
 bounds [0x00000000046a0000, 0x0000000004b90000, 0x00000000136a0000]
 total_blobs=2076 nmethods=1691 adapters=298
 compilation: enabled

Compilation events (10 events):
Event: 2.693 Thread 0x00000000191e3800 1634       3       kotlin.sequences.GeneratorSequence$iterator$1::calcNext (68 bytes)
Event: 2.693 Thread 0x00000000191e3800 nmethod 1634 0x0000000004b3fcd0 code [0x0000000004b3fec0, 0x0000000004b40748]
Event: 2.693 Thread 0x00000000191e3800 1631       3       kotlin.sequences.GeneratorSequence$iterator$1::next (55 bytes)
Event: 2.694 Thread 0x00000000191e3800 nmethod 1631 0x0000000004b40b90 code [0x0000000004b40d20, 0x0000000004b41108]
Event: 2.694 Thread 0x00000000191e3800 1632       3       org.jetbrains.kotlin.container.CacheKt$getRegistrations$superClasses$1::invoke (9 bytes)
Event: 2.694 Thread 0x00000000191e3800 nmethod 1632 0x0000000004b41290 code [0x0000000004b41400, 0x0000000004b41708]
Event: 2.694 Thread 0x00000000191e3800 1636       1       kotlin.sequences.SequencesKt__SequencesKt$generateSequence$2::invoke (5 bytes)
Event: 2.694 Thread 0x00000000191e3800 nmethod 1636 0x0000000004b417d0 code [0x0000000004b41920, 0x0000000004b41a30]
Event: 2.694 Thread 0x00000000191e3800 1635       1       kotlin.sequences.GeneratorSequence::access$getGetInitialValue$p (5 bytes)
Event: 2.694 Thread 0x00000000191e3800 nmethod 1635 0x0000000004b41a90 code [0x0000000004b41be0, 0x0000000004b41cd0]

GC Heap History (8 events):
Event: 0.830 GC heap before
{Heap before GC invocations=1 (full 0):
 PSYoungGen      total 38400K, used 33280K [0x00000000d5e00000, 0x00000000d8880000, 0x0000000100000000)
  eden space 33280K, 100% used [0x00000000d5e00000,0x00000000d7e80000,0x00000000d7e80000)
  from space 5120K, 0% used [0x00000000d8380000,0x00000000d8380000,0x00000000d8880000)
  to   space 5120K, 0% used [0x00000000d7e80000,0x00000000d7e80000,0x00000000d8380000)
 ParOldGen       total 87552K, used 0K [0x0000000081a00000, 0x0000000086f80000, 0x00000000d5e00000)
  object space 87552K, 0% used [0x0000000081a00000,0x0000000081a00000,0x0000000086f80000)
 Metaspace       used 9188K, capacity 9940K, committed 10112K, reserved 1058816K
  class space    used 1056K, capacity 1104K, committed 1152K, reserved 1048576K
Event: 0.840 GC heap after
Heap after GC invocations=1 (full 0):
 PSYoungGen      total 38400K, used 5118K [0x00000000d5e00000, 0x00000000d8880000, 0x0000000100000000)
  eden space 33280K, 0% used [0x00000000d5e00000,0x00000000d5e00000,0x00000000d7e80000)
  from space 5120K, 99% used [0x00000000d7e80000,0x00000000d837f980,0x00000000d8380000)
  to   space 5120K, 0% used [0x00000000d8380000,0x00000000d8380000,0x00000000d8880000)
 ParOldGen       total 87552K, used 2900K [0x0000000081a00000, 0x0000000086f80000, 0x00000000d5e00000)
  object space 87552K, 3% used [0x0000000081a00000,0x0000000081cd5140,0x0000000086f80000)
 Metaspace       used 9188K, capacity 9940K, committed 10112K, reserved 1058816K
  class space    used 1056K, capacity 1104K, committed 1152K, reserved 1048576K
}
Event: 1.653 GC heap before
{Heap before GC invocations=2 (full 0):
 PSYoungGen      total 38400K, used 38398K [0x00000000d5e00000, 0x00000000d8880000, 0x0000000100000000)
  eden space 33280K, 100% used [0x00000000d5e00000,0x00000000d7e80000,0x00000000d7e80000)
  from space 5120K, 99% used [0x00000000d7e80000,0x00000000d837f980,0x00000000d8380000)
  to   space 5120K, 0% used [0x00000000d8380000,0x00000000d8380000,0x00000000d8880000)
 ParOldGen       total 87552K, used 2900K [0x0000000081a00000, 0x0000000086f80000, 0x00000000d5e00000)
  object space 87552K, 3% used [0x0000000081a00000,0x0000000081cd5140,0x0000000086f80000)
 Metaspace       used 17856K, capacity 18176K, committed 18688K, reserved 1064960K
  class space    used 2326K, capacity 2436K, committed 2560K, reserved 1048576K
Event: 1.664 GC heap after
Heap after GC invocations=2 (full 0):
 PSYoungGen      total 38400K, used 5119K [0x00000000d5e00000, 0x00000000d8880000, 0x0000000100000000)
  eden space 33280K, 0% used [0x00000000d5e00000,0x00000000d5e00000,0x00000000d7e80000)
  from space 5120K, 99% used [0x00000000d8380000,0x00000000d887fed0,0x00000000d8880000)
  to   space 5120K, 0% used [0x00000000d7e80000,0x00000000d7e80000,0x00000000d8380000)
 ParOldGen       total 87552K, used 7665K [0x0000000081a00000, 0x0000000086f80000, 0x00000000d5e00000)
  object space 87552K, 8% used [0x0000000081a00000,0x000000008217c468,0x0000000086f80000)
 Metaspace       used 17856K, capacity 18176K, committed 18688K, reserved 1064960K
  class space    used 2326K, capacity 2436K, committed 2560K, reserved 1048576K
}
Event: 2.229 GC heap before
{Heap before GC invocations=3 (full 0):
 PSYoungGen      total 38400K, used 29776K [0x00000000d5e00000, 0x00000000d8880000, 0x0000000100000000)
  eden space 33280K, 74% used [0x00000000d5e00000,0x00000000d76141b8,0x00000000d7e80000)
  from space 5120K, 99% used [0x00000000d8380000,0x00000000d887fed0,0x00000000d8880000)
  to   space 5120K, 0% used [0x00000000d7e80000,0x00000000d7e80000,0x00000000d8380000)
 ParOldGen       total 87552K, used 7665K [0x0000000081a00000, 0x0000000086f80000, 0x00000000d5e00000)
  object space 87552K, 8% used [0x0000000081a00000,0x000000008217c468,0x0000000086f80000)
 Metaspace       used 20734K, capacity 21044K, committed 21296K, reserved 1067008K
  class space    used 2722K, capacity 2852K, committed 2944K, reserved 1048576K
Event: 2.241 GC heap after
Heap after GC invocations=3 (full 0):
 PSYoungGen      total 38400K, used 5096K [0x00000000d5e00000, 0x00000000d8880000, 0x0000000100000000)
  eden space 33280K, 0% used [0x00000000d5e00000,0x00000000d5e00000,0x00000000d7e80000)
  from space 5120K, 99% used [0x00000000d7e80000,0x00000000d837a178,0x00000000d8380000)
  to   space 5120K, 0% used [0x00000000d8380000,0x00000000d8380000,0x00000000d8880000)
 ParOldGen       total 87552K, used 12201K [0x0000000081a00000, 0x0000000086f80000, 0x00000000d5e00000)
  object space 87552K, 13% used [0x0000000081a00000,0x00000000825ea590,0x0000000086f80000)
 Metaspace       used 20734K, capacity 21044K, committed 21296K, reserved 1067008K
  class space    used 2722K, capacity 2852K, committed 2944K, reserved 1048576K
}
Event: 2.241 GC heap before
{Heap before GC invocations=4 (full 1):
 PSYoungGen      total 38400K, used 5096K [0x00000000d5e00000, 0x00000000d8880000, 0x0000000100000000)
  eden space 33280K, 0% used [0x00000000d5e00000,0x00000000d5e00000,0x00000000d7e80000)
  from space 5120K, 99% used [0x00000000d7e80000,0x00000000d837a178,0x00000000d8380000)
  to   space 5120K, 0% used [0x00000000d8380000,0x00000000d8380000,0x00000000d8880000)
 ParOldGen       total 87552K, used 12201K [0x0000000081a00000, 0x0000000086f80000, 0x00000000d5e00000)
  object space 87552K, 13% used [0x0000000081a00000,0x00000000825ea590,0x0000000086f80000)
 Metaspace       used 20734K, capacity 21044K, committed 21296K, reserved 1067008K
  class space    used 2722K, capacity 2852K, committed 2944K, reserved 1048576K
Event: 2.292 GC heap after
Heap after GC invocations=4 (full 1):
 PSYoungGen      total 38400K, used 0K [0x00000000d5e00000, 0x00000000d8880000, 0x0000000100000000)
  eden space 33280K, 0% used [0x00000000d5e00000,0x00000000d5e00000,0x00000000d7e80000)
  from space 5120K, 0% used [0x00000000d7e80000,0x00000000d7e80000,0x00000000d8380000)
  to   space 5120K, 0% used [0x00000000d8380000,0x00000000d8380000,0x00000000d8880000)
 ParOldGen       total 68608K, used 9513K [0x0000000081a00000, 0x0000000085d00000, 0x00000000d5e00000)
  object space 68608K, 13% used [0x0000000081a00000,0x000000008234a740,0x0000000085d00000)
 Metaspace       used 20734K, capacity 21044K, committed 21296K, reserved 1067008K
  class space    used 2722K, capacity 2852K, committed 2944K, reserved 1048576K
}

Deoptimization events (10 events):
Event: 1.403 Thread 0x00000000045a3800 Uncommon trap: reason=unstable_if action=reinterpret pc=0x000000000486ace8 method=sun.misc.MetaIndex.mayContain(Ljava/lang/String;)Z @ 38
Event: 1.457 Thread 0x00000000045a3800 Uncommon trap: reason=range_check action=make_not_entrant pc=0x0000000004956160 method=sun.reflect.generics.parser.SignatureParser.current()C @ 34
Event: 1.893 Thread 0x00000000045a3800 Uncommon trap: reason=unstable_if action=reinterpret pc=0x0000000004861af8 method=java.lang.String.<init>([CII)V @ 18
Event: 2.321 Thread 0x00000000045a3800 Uncommon trap: reason=unstable_if action=reinterpret pc=0x0000000004a0509c method=java.lang.ref.ReferenceQueue.poll()Ljava/lang/ref/Reference; @ 4
Event: 2.537 Thread 0x00000000045a3800 Uncommon trap: reason=class_check action=maybe_recompile pc=0x0000000004b03b0c method=org.jetbrains.kotlin.protobuf.CodedInputStream.tryRefillBuffer(I)Z @ 177
Event: 2.540 Thread 0x00000000045a3800 Uncommon trap: reason=class_check action=maybe_recompile pc=0x0000000004b03b0c method=org.jetbrains.kotlin.protobuf.CodedInputStream.tryRefillBuffer(I)Z @ 177
Event: 2.542 Thread 0x00000000045a3800 Uncommon trap: reason=unstable_if action=reinterpret pc=0x0000000004a6fdb0 method=java.lang.String.startsWith(Ljava/lang/String;I)Z @ 25
Event: 2.543 Thread 0x00000000045a3800 Uncommon trap: reason=class_check action=maybe_recompile pc=0x0000000004b03b0c method=org.jetbrains.kotlin.protobuf.CodedInputStream.tryRefillBuffer(I)Z @ 177
Event: 2.543 Thread 0x00000000045a3800 Uncommon trap: reason=class_check action=maybe_recompile pc=0x0000000004b03b0c method=org.jetbrains.kotlin.protobuf.CodedInputStream.tryRefillBuffer(I)Z @ 177
Event: 2.545 Thread 0x00000000045a3800 Uncommon trap: reason=unstable_if action=reinterpret pc=0x0000000004804478 method=java.lang.String.startsWith(Ljava/lang/String;I)Z @ 25

Classes redefined (0 events):
No events

Internal exceptions (10 events):
Event: 0.341 Thread 0x00000000045a3800 Exception <a 'java/security/PrivilegedActionException'> (0x00000000d67fe148) thrown at [D:\src\AOSP-openjdk-cygwin\jdk8u\hotspot\src\share\vm\prims\jvm.cpp, line 1390]
Event: 0.341 Thread 0x00000000045a3800 Exception <a 'java/security/PrivilegedActionException'> (0x00000000d67fe540) thrown at [D:\src\AOSP-openjdk-cygwin\jdk8u\hotspot\src\share\vm\prims\jvm.cpp, line 1390]
Event: 0.694 Thread 0x00000000045a3800 Exception <a 'java/lang/ArrayIndexOutOfBoundsException'> (0x00000000d77d5e98) thrown at [D:\src\AOSP-openjdk-cygwin\jdk8u\hotspot\src\share\vm\runtime\sharedRuntime.cpp, line 605]
Event: 1.003 Thread 0x00000000045a3800 Exception <a 'java/lang/NoSuchFieldError': method resolution failed> (0x00000000d649a628) thrown at [D:\src\AOSP-openjdk-cygwin\jdk8u\hotspot\src\share\vm\prims\methodHandles.cpp, line 1167]
Event: 1.013 Thread 0x00000000045a3800 Exception <a 'java/lang/NoSuchFieldError': method resolution failed> (0x00000000d64a7b30) thrown at [D:\src\AOSP-openjdk-cygwin\jdk8u\hotspot\src\share\vm\prims\methodHandles.cpp, line 1167]
Event: 1.255 Thread 0x00000000045a3800 Implicit null exception at 0x000000000492086f to 0x00000000049208d9
Event: 1.334 Thread 0x00000000045a3800 Exception <a 'java/lang/NoSuchMethodError': java.lang.Object.lambda$comparing$77a9974f$1(Ljava/util/function/Function;Ljava/lang/Object;Ljava/lang/Object;)I> (0x00000000d70dd320) thrown at [D:\src\AOSP-openjdk-cygwin\jdk8u\hotspot\src\share\vm\interpreter
Event: 1.457 Thread 0x00000000045a3800 Exception <a 'java/lang/ArrayIndexOutOfBoundsException': 60> (0x00000000d766def0) thrown at [D:\src\AOSP-openjdk-cygwin\jdk8u\hotspot\src\share\vm\interpreter\interpreterRuntime.cpp, line 366]
Event: 1.649 Thread 0x00000000045a3800 Exception <a 'java/lang/NoSuchMethodError': java.lang.Object.lambda$static$0(I)[Lorg/jetbrains/kotlin/com/intellij/openapi/editor/event/DocumentListener;> (0x00000000d7e52a60) thrown at [D:\src\AOSP-openjdk-cygwin\jdk8u\hotspot\src\share\vm\interpreter\li
Event: 1.724 Thread 0x00000000045a3800 Exception <a 'java/lang/NoSuchMethodError': java.lang.Object.lambda$static$0(I)[Lorg/jetbrains/kotlin/com/intellij/psi/PsiAnnotation;> (0x00000000d5fa1f10) thrown at [D:\src\AOSP-openjdk-cygwin\jdk8u\hotspot\src\share\vm\interpreter\linkResolver.cpp, line

Events (10 events):
Event: 2.697 loading class org/jetbrains/kotlin/frontend/di/InjectionKt
Event: 2.697 loading class org/jetbrains/kotlin/frontend/di/InjectionKt done
Event: 2.698 loading class org/jetbrains/kotlin/resolve/jvm/checkers/JvmReflectionAPICallChecker
Event: 2.698 loading class org/jetbrains/kotlin/resolve/jvm/checkers/JvmReflectionAPICallChecker done
Event: 2.698 loading class org/jetbrains/kotlin/resolve/calls/checkers/AbstractReflectionApiCallChecker
Event: 2.698 loading class org/jetbrains/kotlin/resolve/calls/checkers/AbstractReflectionApiCallChecker done
Event: 2.699 loading class org/jetbrains/kotlin/container/SingletonTypeComponentDescriptor
Event: 2.699 loading class org/jetbrains/kotlin/container/SingletonTypeComponentDescriptor done
Event: 2.703 loading class org/jetbrains/kotlin/container/SingletonDescriptor
Event: 2.703 loading class org/jetbrains/kotlin/container/SingletonDescriptor done


Dynamic libraries:
0x00007ff7106d0000 - 0x00007ff710701000 	C:\Program Files\Android\Android Studio\jre\jre\bin\java.exe
0x00007ffda6a80000 - 0x00007ffda6c60000 	C:\WINDOWS\SYSTEM32\ntdll.dll
0x00007ffd97860000 - 0x00007ffd97894000 	C:\Program Files\AVAST Software\Avast\x64\aswhooka.dll
0x00007ffda4410000 - 0x00007ffda44be000 	C:\WINDOWS\System32\KERNEL32.DLL
0x00007ffda30a0000 - 0x00007ffda3306000 	C:\WINDOWS\System32\KERNELBASE.dll
0x00007ffda4920000 - 0x00007ffda49c1000 	C:\WINDOWS\System32\ADVAPI32.dll
0x00007ffda4bb0000 - 0x00007ffda4c4d000 	C:\WINDOWS\System32\msvcrt.dll
0x00007ffda4d60000 - 0x00007ffda4dbb000 	C:\WINDOWS\System32\sechost.dll
0x00007ffda6340000 - 0x00007ffda645f000 	C:\WINDOWS\System32\RPCRT4.dll
0x00007ffda6850000 - 0x00007ffda69df000 	C:\WINDOWS\System32\USER32.dll
0x00007ffda34c0000 - 0x00007ffda34e0000 	C:\WINDOWS\System32\win32u.dll
0x00007ffda4dc0000 - 0x00007ffda4de8000 	C:\WINDOWS\System32\GDI32.dll
0x00007ffda2e80000 - 0x00007ffda3013000 	C:\WINDOWS\System32\gdi32full.dll
0x00007ffda34e0000 - 0x00007ffda357b000 	C:\WINDOWS\System32\msvcp_win.dll
0x00007ffda3370000 - 0x00007ffda3466000 	C:\WINDOWS\System32\ucrtbase.dll
0x00007ffd96620000 - 0x00007ffd96889000 	C:\WINDOWS\WinSxS\amd64_microsoft.windows.common-controls_6595b64144ccf1df_6.0.16299.431_none_15c7d3ee93659e73\COMCTL32.dll
0x00007ffda3f50000 - 0x00007ffda4258000 	C:\WINDOWS\System32\combase.dll
0x00007ffda3020000 - 0x00007ffda3092000 	C:\WINDOWS\System32\bcryptPrimitives.dll
0x00007ffda4270000 - 0x00007ffda429d000 	C:\WINDOWS\System32\IMM32.DLL
0x0000000061950000 - 0x0000000061a22000 	C:\Program Files\Android\Android Studio\jre\jre\bin\msvcr100.dll
0x0000000061a30000 - 0x000000006226f000 	C:\Program Files\Android\Android Studio\jre\jre\bin\server\jvm.dll
0x00007ffda4260000 - 0x00007ffda4268000 	C:\WINDOWS\System32\PSAPI.DLL
0x00007ffda1950000 - 0x00007ffda1959000 	C:\WINDOWS\SYSTEM32\WSOCK32.dll
0x00007ffda4b40000 - 0x00007ffda4bac000 	C:\WINDOWS\System32\WS2_32.dll
0x00007ffda0430000 - 0x00007ffda0453000 	C:\WINDOWS\SYSTEM32\WINMM.dll
0x00007ffd98450000 - 0x00007ffd9845a000 	C:\WINDOWS\SYSTEM32\VERSION.dll
0x00007ffda03d0000 - 0x00007ffda03fa000 	C:\WINDOWS\SYSTEM32\WINMMBASE.dll
0x00007ffda3470000 - 0x00007ffda34ba000 	C:\WINDOWS\System32\cfgmgr32.dll
0x00007ffda02c0000 - 0x00007ffda02cf000 	C:\Program Files\Android\Android Studio\jre\jre\bin\verify.dll
0x00007ffd89520000 - 0x00007ffd89549000 	C:\Program Files\Android\Android Studio\jre\jre\bin\java.dll
0x00007ffd99e60000 - 0x00007ffd99e76000 	C:\Program Files\Android\Android Studio\jre\jre\bin\zip.dll
0x00007ffda4f00000 - 0x00007ffda6338000 	C:\WINDOWS\System32\SHELL32.dll
0x00007ffda4df0000 - 0x00007ffda4e96000 	C:\WINDOWS\System32\shcore.dll
0x00007ffda3580000 - 0x00007ffda3cc7000 	C:\WINDOWS\System32\windows.storage.dll
0x00007ffda4ea0000 - 0x00007ffda4ef1000 	C:\WINDOWS\System32\shlwapi.dll
0x00007ffda2e40000 - 0x00007ffda2e51000 	C:\WINDOWS\System32\kernel.appcore.dll
0x00007ffda2dd0000 - 0x00007ffda2e1c000 	C:\WINDOWS\System32\powrprof.dll
0x00007ffda2e20000 - 0x00007ffda2e3b000 	C:\WINDOWS\System32\profapi.dll
0x00007ffd92d60000 - 0x00007ffd92d7a000 	C:\Program Files\Android\Android Studio\jre\jre\bin\net.dll
0x00007ffda2660000 - 0x00007ffda26c6000 	C:\WINDOWS\system32\mswsock.dll
0x00007ffd8a000000 - 0x00007ffd8a011000 	C:\Program Files\Android\Android Studio\jre\jre\bin\nio.dll

VM Arguments:
java_command: org.jetbrains.kotlin.cli.jvm.K2JVMCompiler -Xadd-compiler-builtins -Xbuild-file=C:\Users\Septima\AppData\Local\Temp\kjps4988225914811808488app_debug.script.xml -classpath C:\Users\Septima\.gradle\caches\modules-2\files-2.1\org.jetbrains.kotlin\kotlin-stdlib-jre7\1.2.20\1ba23e74292b5af8980efde762fdd44fb61ddc2\kotlin-stdlib-jre7-1.2.20.jar;C:\Users\Septima\.gradle\caches\transforms-1\files-1.1\appcompat-v7-26.1.0.aar\034671ec24942821c116bdb801bb9ba2\jars\classes.jar;C:\Users\Septima\.gradle\caches\transforms-1\files-1.1\constraint-layout-1.1.0.aar\4bb1052304c8dee7f1866c8efc11fb04\jars\classes.jar;C:\Users\Septima\.gradle\caches\modules-2\files-2.1\org.jetbrains.kotlin\kotlin-stdlib\1.2.20\1ce9e25c74aade0aa039cce459f2906a8c8ffc8e\kotlin-stdlib-1.2.20.jar;C:\Users\Septima\.gradle\caches\transforms-1\files-1.1\animated-vector-drawable-26.1.0.aar\2ba48232cbf50402ea8e83b74121f95b\jars\classes.jar;C:\Users\Septima\.gradle\caches\transforms-1\files-1.1\support-vector-drawable-26.1.0.aar\ffc68cbe628c75fb32867a89b465c3ed\jars\classes.jar;C:\Users\Septima\.gradle\caches\transforms-1\files-1.1\support-v4-26.1.0.aar\ec4f4b7aa1975b55c00481fd40509e49\jars\classes.jar;C:\Users\Septima\.gradle\caches\transforms-1\files-1.1\support-media-compat-26.1.0.aar\30099d1d50b3e60d76cab9a49e8cd148\jars\classes.jar;C:\Users\Septima\.gradle\caches\transforms-1\files-1.1\support-fragment-26.1.0.aar\9f020912b9ac0c96489afa04bede0475\jars\classes.jar;C:\Users\Septima\.gradle\caches\transforms-1\files-1.1\support-core-utils-26.1.0.aar\1e7dc446f0cb68d3fce7bda4d4b02fca\jars\classes.jar;C:\Users\Septima\.gradle\caches\transforms-1\files-1.1\support-core-ui-26.1.0.aar\186da5a409093ddef4c1de376b2da253\jars\classes.jar;C:\Users\Septima\.gradle\caches\transforms-1\files-1.1\support-compat-26.1.0.aar\c5a7e6e4e63cecd54ac6057bd7fce03a\jars\classes.jar;C:\Users\Septima\.gradle\caches\modules-2\files-2.1\com.android.support\support-annotations\26.1.0\814258103cf26a15fcc26ecce35f5b7d24b73f8\support
java_class_path (initial): C:\Users\Septima\.gradle\caches\modules-2\files-2.1\org.jetbrains.kotlin\kotlin-compiler-embeddable\1.2.20\27671864206ef5bd946972619ed4ac4ae1397b2\kotlin-compiler-embeddable-1.2.20.jar;C:\Users\Septima\.gradle\caches\modules-2\files-2.1\org.jetbrains.kotlin\kotlin-stdlib\1.2.20\1ce9e25c74aade0aa039cce459f2906a8c8ffc8e\kotlin-stdlib-1.2.20.jar;C:\Users\Septima\.gradle\caches\modules-2\files-2.1\org.jetbrains.kotlin\kotlin-script-runtime\1.2.20\5aace4d747ac901b2235cd5bd9970b87508389a0\kotlin-script-runtime-1.2.20.jar;C:\Users\Septima\.gradle\caches\modules-2\files-2.1\org.jetbrains.kotlin\kotlin-reflect\1.2.20\f6f78911d9abbc803697a9030962258d9bda49b3\kotlin-reflect-1.2.20.jar;C:\Program Files\Android\Android Studio\jre\lib\tools.jar
Launcher Type: SUN_STANDARD

Environment Variables:
PATH=C:\Program Files\Microsoft MPI\Bin\;C:\ProgramData\Oracle\Java\javapath;C:\Windows\system32;C:\Windows;C:\Windows\System32\Wbem;C:\Windows\System32\WindowsPowerShell\v1.0\;C:\Program Files (x86)\NVIDIA Corporation\PhysX\Common;C:\MinGW\bin;;C:\WINDOWS\system32;C:\WINDOWS;C:\WINDOWS\System32\Wbem;C:\WINDOWS\System32\WindowsPowerShell\v1.0\;C:\Program Files (x86)\Microsoft SQL Server\130\Tools\Binn\;C:\Program Files\Microsoft SQL Server\130\Tools\Binn\;C:\Program Files (x86)\Microsoft SQL Server\130\DTS\Binn\;C:\Program Files\Microsoft SQL Server\130\DTS\Binn\;C:\Program Files\Microsoft SQL Server\Client SDK\ODBC\130\Tools\Binn\;C:\Program Files (x86)\Microsoft SQL Server\Client SDK\ODBC\130\Tools\Binn\;C:\Program Files (x86)\Microsoft SQL Server\140\Tools\Binn\;C:\Program Files (x86)\Microsoft SQL Server\140\DTS\Binn\;C:\Program Files (x86)\Microsoft SQL Server\140\Tools\Binn\ManagementStudio\;C:\Program Files (x86)\Microsoft SQL Server\110\DTS\Binn\;C:\Program Files (x86)\Microsoft SQL Server\120\DTS\Binn\;C:\Program Files (x86)\Microsoft SQL Server\120\Tools\Binn\ManagementStudio\;C:\Program Files (x86)\Microsoft SQL Server\120\Tools\Binn\;C:\Program Files (x86)\Microsoft Visual Studio 12.0\Common7\IDE\PrivateAssemblies\;C:\Users\Septima\AppData\Local\Programs\Python\Python36-32\Scripts\;C:\Users\Septima\AppData\Local\Programs\Python\Python36-32\;C:\Users\Septima\AppData\Local\Microsoft\WindowsApps;C:\Users\Septima\AppData\Local\atom\bin;C:\Users\Septima\AppData\Local\NASM;C:\Users\Septima\Anaconda2
USERNAME=Septima
OS=Windows_NT
PROCESSOR_IDENTIFIER=Intel64 Family 6 Model 78 Stepping 3, GenuineIntel



---------------  S Y S T E M  ---------------

OS: Windows 10.0 , 64 bit Build 16299 (10.0.16299.431)

CPU:total 4 (initial active 4) (2 cores per cpu, 2 threads per core) family 6 model 78 stepping 3, cmov, cx8, fxsr, mmx, sse, sse2, sse3, ssse3, sse4.1, sse4.2, popcnt, avx, avx2, aes, clmul, erms, 3dnowpref, lzcnt, ht, tsc, tscinvbit, bmi1, bmi2, adx

Memory: 4k page, physical 8279168k(998600k free), swap 8279168k(6704k free)

vm_info: OpenJDK 64-Bit Server VM (25.152-b02) for windows-amd64 JRE (1.8.0_152-release-1024-b02), built by "builder" with MS VC++ 10.0 (VS2010)

time: Wed May 23 22:22:41 2018
elapsed time: 2 seconds (0d 0h 0m 2s)

