#
# There is insufficient memory for the Java Runtime Environment to continue.
# Native memory allocation (malloc) failed to allocate 1314496 bytes for Chunk::new
# Possible reasons:
#   The system is out of physical RAM or swap space
#   In 32 bit mode, the process size limit was hit
# Possible solutions:
#   Reduce memory load on the system
#   Increase physical memory or swap space
#   Check if swap backing store is full
#   Use 64 bit Java on a 64 bit OS
#   Decrease Java heap size (-Xmx/-Xms)
#   Decrease number of Java threads
#   Decrease Java thread stack sizes (-Xss)
#   Set larger code cache with -XX:ReservedCodeCacheSize=
# This output file may be truncated or incomplete.
#
#  Out of Memory Error (allocation.cpp:390), pid=3716, tid=0x0000000000000a08
#
# JRE version: OpenJDK Runtime Environment (8.0_152-b02) (build 1.8.0_152-release-1024-b02)
# Java VM: OpenJDK 64-Bit Server VM (25.152-b02 mixed mode windows-amd64 compressed oops)
# Failed to write core dump. Minidumps are not enabled by default on client versions of Windows
#

---------------  T H R E A D  ---------------

Current thread (0x0000000018982000):  JavaThread "C2 CompilerThread1" daemon [_thread_in_native, id=2568, stack(0x000000001a1c0000,0x000000001a2c0000)]

Stack: [0x000000001a1c0000,0x000000001a2c0000]
[error occurred during error reporting (printing stack bounds), id 0xc0000005]

Native frames: (J=compiled Java code, j=interpreted, Vv=VM code, C=native code)


Current CompileTask:
C2: 895222 8652       4       org.jetbrains.kotlin.protobuf.AbstractMessageLite::writeDelimitedTo (40 bytes)


---------------  P R O C E S S  ---------------

Java Threads: ( => current thread )
  0x000000001dda9800 JavaThread "RMI RenewClean-[localhost:50555,org.jetbrains.kotlin.daemon.common.LoopbackNetworkInterface$ClientLoopbackSocketFactory@40d60c9]" daemon [_thread_blocked, id=9852, stack(0x0000000023d00000,0x0000000023e00000)]
  0x000000001dda8000 JavaThread "RMI TCP Connection(8)-127.0.0.1" daemon [_thread_blocked, id=9848, stack(0x0000000023c00000,0x0000000023d00000)]
  0x000000001ddab800 JavaThread "RMI TCP Connection(7)-127.0.0.1" daemon [_thread_in_native, id=3600, stack(0x0000000023b00000,0x0000000023c00000)]
  0x000000001ddad000 JavaThread "RMI RenewClean-[localhost:50555,org.jetbrains.kotlin.daemon.common.LoopbackNetworkInterface$ClientLoopbackSocketFactory@640dd26d]" daemon [_thread_blocked, id=8500, stack(0x0000000023800000,0x0000000023900000)]
  0x000000001abfe000 JavaThread "RMI RenewClean-[localhost:50555,org.jetbrains.kotlin.daemon.common.LoopbackNetworkInterface$ClientLoopbackSocketFactory@3558b9f]" daemon [_thread_blocked, id=3300, stack(0x000000001c040000,0x000000001c140000)]
  0x000000001ac07800 JavaThread "RMI Scheduler(0)" daemon [_thread_blocked, id=2884, stack(0x000000001be40000,0x000000001bf40000)]
  0x0000000004f12800 JavaThread "DestroyJavaVM" [_thread_blocked, id=3728, stack(0x0000000004e10000,0x0000000004f10000)]
  0x000000001ab61800 JavaThread "GC Daemon" daemon [_thread_blocked, id=7440, stack(0x000000001b900000,0x000000001ba00000)]
  0x000000001ab6c800 JavaThread "RMI Reaper" [_thread_blocked, id=9796, stack(0x000000001b800000,0x000000001b900000)]
  0x000000001aa1e800 JavaThread "Timer-0" daemon [_thread_blocked, id=2824, stack(0x000000001b600000,0x000000001b700000)]
  0x000000001a9f6800 JavaThread "RMI TCP Accept-17700" daemon [_thread_in_native, id=5492, stack(0x000000001b500000,0x000000001b600000)]
  0x00000000189de000 JavaThread "Service Thread" daemon [_thread_blocked, id=8076, stack(0x000000001a7c0000,0x000000001a8c0000)]
  0x00000000189ab800 JavaThread "C1 CompilerThread2" daemon [_thread_blocked, id=9664, stack(0x000000001a2c0000,0x000000001a3c0000)]
=>0x0000000018982000 JavaThread "C2 CompilerThread1" daemon [_thread_in_native, id=2568, stack(0x000000001a1c0000,0x000000001a2c0000)]
  0x000000001897d000 JavaThread "C2 CompilerThread0" daemon [_thread_in_native, id=2736, stack(0x000000001a0c0000,0x000000001a1c0000)]
  0x000000001897c000 JavaThread "Attach Listener" daemon [_thread_blocked, id=2288, stack(0x0000000019fc0000,0x000000001a0c0000)]
  0x000000001897b000 JavaThread "Signal Dispatcher" daemon [_thread_blocked, id=2284, stack(0x0000000019ec0000,0x0000000019fc0000)]
  0x000000001896e000 JavaThread "Finalizer" daemon [_thread_blocked, id=3608, stack(0x0000000019bd0000,0x0000000019cd0000)]
  0x0000000005005000 JavaThread "Reference Handler" daemon [_thread_blocked, id=2332, stack(0x0000000019ad0000,0x0000000019bd0000)]

Other Threads:
  0x0000000018945800 VMThread [stack: 0x00000000199d0000,0x0000000019ad0000] [id=6380]
  0x000000001a403800 WatcherThread [stack: 0x000000001a8c0000,0x000000001a9c0000] [id=2344]

VM state:at safepoint (normal execution)

VM Mutex/Monitor currently owned by a thread:  ([mutex/lock_event])
[0x0000000004dee490] Threads_lock - owner thread: 0x0000000018945800
[0x0000000004dedf90] Heap_lock - owner thread: 0x000000001dda8000

Heap:
 PSYoungGen      total 103424K, used 101408K [0x00000000e0000000, 0x00000000e9e80000, 0x0000000100000000)
  eden space 71680K, 100% used [0x00000000e0000000,0x00000000e4600000,0x00000000e4600000)
  from space 31744K, 93% used [0x00000000e4600000,0x00000000e63080e0,0x00000000e6500000)
  to   space 35840K, 10% used [0x00000000e7b80000,0x00000000e7f00670,0x00000000e9e80000)
 ParOldGen       total 101888K, used 46533K [0x00000000a0000000, 0x00000000a6380000, 0x00000000e0000000)
  object space 101888K, 45% used [0x00000000a0000000,0x00000000a2d71678,0x00000000a6380000)
 Metaspace       used 54103K, capacity 55137K, committed 55424K, reserved 1097728K
  class space    used 6432K, capacity 6700K, committed 6784K, reserved 1048576K

Card table byte_map: [0x00000000143d0000,0x00000000146e0000] byte_map_base: 0x0000000013ed0000

Marking Bits: (ParMarkBitMap*) 0x0000000058c84970
 Begin Bits: [0x0000000014ce0000, 0x00000000164e0000)
 End Bits:   [0x00000000164e0000, 0x0000000017ce0000)

Polling page: 0x00000000036c0000

CodeCache: size=245760Kb used=24620Kb max_used=24620Kb free=221139Kb
 bounds [0x0000000005010000, 0x0000000006840000, 0x0000000014010000]
 total_blobs=8122 nmethods=7604 adapters=430
 compilation: enabled

Compilation events (10 events):
Event: 894.810 Thread 0x00000000189ab800 8686       3       org.jetbrains.kotlin.descriptors.impl.PackageFragmentDescriptorImpl::<init> (39 bytes)
Event: 894.811 Thread 0x00000000189ab800 nmethod 8686 0x000000000682a9d0 code [0x000000000682abc0, 0x000000000682b6a8]
Event: 894.837 Thread 0x000000001897d000 nmethod 8663 0x0000000006830d50 code [0x0000000006831000, 0x0000000006833408]
Event: 894.837 Thread 0x000000001897d000 8671       4       org.jetbrains.kotlin.load.java.typeEnhancement.SignatureEnhancement$SignatureParts$extractQualifiersFromAnnotations$1::invoke (110 bytes)
Event: 894.844 Thread 0x000000001897d000 nmethod 8671 0x000000000682cf90 code [0x000000000682d140, 0x000000000682d5d8]
Event: 894.844 Thread 0x000000001897d000 8675       4       org.jetbrains.org.objectweb.asm.ClassReader::readAnnotationValue (1211 bytes)
Event: 894.908 Thread 0x00000000189ab800 8688       3       org.jetbrains.kotlin.gnu.trove.TObjectHashIterator::objectAtIndex (10 bytes)
Event: 894.908 Thread 0x00000000189ab800 nmethod 8688 0x000000000682cb90 code [0x000000000682cce0, 0x000000000682ce70]
Event: 894.912 Thread 0x00000000189ab800 8690       3       org.jetbrains.kotlin.load.java.structure.impl.classFiles.BinaryJavaAnnotationVisitor::visitAnnotation (64 bytes)
Event: 894.913 Thread 0x00000000189ab800 nmethod 8690 0x000000000682bd90 code [0x000000000682bf80, 0x000000000682c868]

GC Heap History (10 events):
Event: 5.816 GC heap before
{Heap before GC invocations=7 (full 2):
 PSYoungGen      total 71680K, used 5100K [0x00000000e0000000, 0x00000000e7400000, 0x0000000100000000)
  eden space 66560K, 0% used [0x00000000e0000000,0x00000000e0000000,0x00000000e4100000)
  from space 5120K, 99% used [0x00000000e4100000,0x00000000e45fb178,0x00000000e4600000)
  to   space 15360K, 0% used [0x00000000e6500000,0x00000000e6500000,0x00000000e7400000)
 ParOldGen       total 57856K, used 20962K [0x00000000a0000000, 0x00000000a3880000, 0x00000000e0000000)
  object space 57856K, 36% used [0x00000000a0000000,0x00000000a1478b28,0x00000000a3880000)
 Metaspace       used 34589K, capacity 35098K, committed 35496K, reserved 1081344K
  class space    used 4371K, capacity 4523K, committed 4608K, reserved 1048576K
Event: 5.903 GC heap after
Heap after GC invocations=7 (full 2):
 PSYoungGen      total 71680K, used 0K [0x00000000e0000000, 0x00000000e7400000, 0x0000000100000000)
  eden space 66560K, 0% used [0x00000000e0000000,0x00000000e0000000,0x00000000e4100000)
  from space 5120K, 0% used [0x00000000e4100000,0x00000000e4100000,0x00000000e4600000)
  to   space 15360K, 0% used [0x00000000e6500000,0x00000000e6500000,0x00000000e7400000)
 ParOldGen       total 101888K, used 20720K [0x00000000a0000000, 0x00000000a6380000, 0x00000000e0000000)
  object space 101888K, 20% used [0x00000000a0000000,0x00000000a143c330,0x00000000a6380000)
 Metaspace       used 34589K, capacity 35098K, committed 35496K, reserved 1081344K
  class space    used 4371K, capacity 4523K, committed 4608K, reserved 1048576K
}
Event: 7.202 GC heap before
{Heap before GC invocations=8 (full 2):
 PSYoungGen      total 71680K, used 66560K [0x00000000e0000000, 0x00000000e7400000, 0x0000000100000000)
  eden space 66560K, 100% used [0x00000000e0000000,0x00000000e4100000,0x00000000e4100000)
  from space 5120K, 0% used [0x00000000e4100000,0x00000000e4100000,0x00000000e4600000)
  to   space 15360K, 0% used [0x00000000e6500000,0x00000000e6500000,0x00000000e7400000)
 ParOldGen       total 101888K, used 20720K [0x00000000a0000000, 0x00000000a6380000, 0x00000000e0000000)
  object space 101888K, 20% used [0x00000000a0000000,0x00000000a143c330,0x00000000a6380000)
 Metaspace       used 39833K, capacity 40434K, committed 41088K, reserved 1085440K
  class space    used 4990K, capacity 5159K, committed 5248K, reserved 1048576K
Event: 7.230 GC heap after
Heap after GC invocations=8 (full 2):
 PSYoungGen      total 101376K, used 14716K [0x00000000e0000000, 0x00000000e7f80000, 0x0000000100000000)
  eden space 86016K, 0% used [0x00000000e0000000,0x00000000e0000000,0x00000000e5400000)
  from space 15360K, 95% used [0x00000000e6500000,0x00000000e735f0f8,0x00000000e7400000)
  to   space 17408K, 0% used [0x00000000e5400000,0x00000000e5400000,0x00000000e6500000)
 ParOldGen       total 101888K, used 20728K [0x00000000a0000000, 0x00000000a6380000, 0x00000000e0000000)
  object space 101888K, 20% used [0x00000000a0000000,0x00000000a143e330,0x00000000a6380000)
 Metaspace       used 39833K, capacity 40434K, committed 41088K, reserved 1085440K
  class space    used 4990K, capacity 5159K, committed 5248K, reserved 1048576K
}
Event: 9.873 GC heap before
{Heap before GC invocations=9 (full 2):
 PSYoungGen      total 101376K, used 100732K [0x00000000e0000000, 0x00000000e7f80000, 0x0000000100000000)
  eden space 86016K, 100% used [0x00000000e0000000,0x00000000e5400000,0x00000000e5400000)
  from space 15360K, 95% used [0x00000000e6500000,0x00000000e735f0f8,0x00000000e7400000)
  to   space 17408K, 0% used [0x00000000e5400000,0x00000000e5400000,0x00000000e6500000)
 ParOldGen       total 101888K, used 20728K [0x00000000a0000000, 0x00000000a6380000, 0x00000000e0000000)
  object space 101888K, 20% used [0x00000000a0000000,0x00000000a143e330,0x00000000a6380000)
 Metaspace       used 47609K, capacity 48369K, committed 48896K, reserved 1091584K
  class space    used 5877K, capacity 6098K, committed 6144K, reserved 1048576K
Event: 9.899 GC heap after
Heap after GC invocations=9 (full 2):
 PSYoungGen      total 103424K, used 17395K [0x00000000e0000000, 0x00000000e7f80000, 0x0000000100000000)
  eden space 86016K, 0% used [0x00000000e0000000,0x00000000e0000000,0x00000000e5400000)
  from space 17408K, 99% used [0x00000000e5400000,0x00000000e64fcd90,0x00000000e6500000)
  to   space 15360K, 0% used [0x00000000e6500000,0x00000000e6500000,0x00000000e7400000)
 ParOldGen       total 101888K, used 29218K [0x00000000a0000000, 0x00000000a6380000, 0x00000000e0000000)
  object space 101888K, 28% used [0x00000000a0000000,0x00000000a1c88a70,0x00000000a6380000)
 Metaspace       used 47609K, capacity 48369K, committed 48896K, reserved 1091584K
  class space    used 5877K, capacity 6098K, committed 6144K, reserved 1048576K
}
Event: 386.411 GC heap before
{Heap before GC invocations=10 (full 2):
 PSYoungGen      total 103424K, used 103411K [0x00000000e0000000, 0x00000000e7f80000, 0x0000000100000000)
  eden space 86016K, 100% used [0x00000000e0000000,0x00000000e5400000,0x00000000e5400000)
  from space 17408K, 99% used [0x00000000e5400000,0x00000000e64fcd90,0x00000000e6500000)
  to   space 15360K, 0% used [0x00000000e6500000,0x00000000e6500000,0x00000000e7400000)
 ParOldGen       total 101888K, used 29218K [0x00000000a0000000, 0x00000000a6380000, 0x00000000e0000000)
  object space 101888K, 28% used [0x00000000a0000000,0x00000000a1c88a70,0x00000000a6380000)
 Metaspace       used 52566K, capacity 53501K, committed 54016K, reserved 1097728K
  class space    used 6371K, capacity 6582K, committed 6656K, reserved 1048576K
Event: 386.449 GC heap after
Heap after GC invocations=10 (full 2):
 PSYoungGen      total 87040K, used 15354K [0x00000000e0000000, 0x00000000eae80000, 0x0000000100000000)
  eden space 71680K, 0% used [0x00000000e0000000,0x00000000e0000000,0x00000000e4600000)
  from space 15360K, 99% used [0x00000000e6500000,0x00000000e73febe8,0x00000000e7400000)
  to   space 31744K, 0% used [0x00000000e4600000,0x00000000e4600000,0x00000000e6500000)
 ParOldGen       total 101888K, used 46533K [0x00000000a0000000, 0x00000000a6380000, 0x00000000e0000000)
  object space 101888K, 45% used [0x00000000a0000000,0x00000000a2d71678,0x00000000a6380000)
 Metaspace       used 52566K, capacity 53501K, committed 54016K, reserved 1097728K
  class space    used 6371K, capacity 6582K, committed 6656K, reserved 1048576K
}
Event: 387.649 GC heap before
{Heap before GC invocations=11 (full 2):
 PSYoungGen      total 87040K, used 87034K [0x00000000e0000000, 0x00000000eae80000, 0x0000000100000000)
  eden space 71680K, 100% used [0x00000000e0000000,0x00000000e4600000,0x00000000e4600000)
  from space 15360K, 99% used [0x00000000e6500000,0x00000000e73febe8,0x00000000e7400000)
  to   space 31744K, 0% used [0x00000000e4600000,0x00000000e4600000,0x00000000e6500000)
 ParOldGen       total 101888K, used 46533K [0x00000000a0000000, 0x00000000a6380000, 0x00000000e0000000)
  object space 101888K, 45% used [0x00000000a0000000,0x00000000a2d71678,0x00000000a6380000)
 Metaspace       used 53265K, capacity 54155K, committed 54528K, reserved 1097728K
  class space    used 6383K, capacity 6591K, committed 6656K, reserved 1048576K
Event: 387.690 GC heap after
Heap after GC invocations=11 (full 2):
 PSYoungGen      total 103424K, used 29728K [0x00000000e0000000, 0x00000000e9e80000, 0x0000000100000000)
  eden space 71680K, 0% used [0x00000000e0000000,0x00000000e0000000,0x00000000e4600000)
  from space 31744K, 93% used [0x00000000e4600000,0x00000000e63080e0,0x00000000e6500000)
  to   space 35840K, 0% used [0x00000000e7b80000,0x00000000e7b80000,0x00000000e9e80000)
 ParOldGen       total 101888K, used 46533K [0x00000000a0000000, 0x00000000a6380000, 0x00000000e0000000)
  object space 101888K, 45% used [0x00000000a0000000,0x00000000a2d71678,0x00000000a6380000)
 Metaspace       used 53265K, capacity 54155K, committed 54528K, reserved 1097728K
  class space    used 6383K, capacity 6591K, committed 6656K, reserved 1048576K
}

Deoptimization events (10 events):
Event: 389.079 Thread 0x000000001ddab800 Uncommon trap: reason=class_check action=maybe_recompile pc=0x000000000657c020 method=java.lang.reflect.Array.newInstance(Ljava/lang/Class;I)Ljava/lang/Object; @ 2
Event: 601.183 Thread 0x000000001abfe000 Uncommon trap: reason=class_check action=maybe_recompile pc=0x000000000657c020 method=java.lang.reflect.Array.newInstance(Ljava/lang/Class;I)Ljava/lang/Object; @ 2
Event: 685.720 Thread 0x000000001ddad000 Uncommon trap: reason=class_check action=maybe_recompile pc=0x000000000657c020 method=java.lang.reflect.Array.newInstance(Ljava/lang/Class;I)Ljava/lang/Object; @ 2
Event: 893.700 Thread 0x000000001dda8000 Uncommon trap: reason=class_check action=maybe_recompile pc=0x000000000657c020 method=java.lang.reflect.Array.newInstance(Ljava/lang/Class;I)Ljava/lang/Object; @ 2
Event: 893.875 Thread 0x000000001dda8000 Uncommon trap: reason=predicate action=maybe_recompile pc=0x000000000669d094 method=org.jetbrains.kotlin.parsing.KotlinExpressionParsing.parseBinaryExpression(Lorg/jetbrains/kotlin/parsing/KotlinExpressionParsing$Precedence;)V @ 17
Event: 893.875 Thread 0x000000001dda8000 Uncommon trap: reason=predicate action=maybe_recompile pc=0x000000000669d094 method=org.jetbrains.kotlin.parsing.KotlinExpressionParsing.parseBinaryExpression(Lorg/jetbrains/kotlin/parsing/KotlinExpressionParsing$Precedence;)V @ 17
Event: 893.877 Thread 0x000000001dda8000 Uncommon trap: reason=class_check action=maybe_recompile pc=0x000000000648db60 method=org.jetbrains.kotlin.com.intellij.lang.impl.PsiBuilderImpl.createLeaf(Lorg/jetbrains/kotlin/com/intellij/psi/tree/IElementType;II)Lorg/jetbrains/kotlin/com/intellij/psi/
Event: 893.877 Thread 0x000000001dda8000 Uncommon trap: reason=class_check action=maybe_recompile pc=0x000000000648db60 method=org.jetbrains.kotlin.com.intellij.lang.impl.PsiBuilderImpl.createLeaf(Lorg/jetbrains/kotlin/com/intellij/psi/tree/IElementType;II)Lorg/jetbrains/kotlin/com/intellij/psi/
Event: 894.400 Thread 0x000000001dda8000 Uncommon trap: reason=class_check action=maybe_recompile pc=0x000000000648db60 method=org.jetbrains.kotlin.com.intellij.lang.impl.PsiBuilderImpl.createLeaf(Lorg/jetbrains/kotlin/com/intellij/psi/tree/IElementType;II)Lorg/jetbrains/kotlin/com/intellij/psi/
Event: 894.400 Thread 0x000000001dda8000 Uncommon trap: reason=class_check action=maybe_recompile pc=0x000000000648db60 method=org.jetbrains.kotlin.com.intellij.lang.impl.PsiBuilderImpl.createLeaf(Lorg/jetbrains/kotlin/com/intellij/psi/tree/IElementType;II)Lorg/jetbrains/kotlin/com/intellij/psi/

Classes redefined (0 events):
No events

Internal exceptions (10 events):
Event: 9.780 Thread 0x000000001ac13800 Implicit null exception at 0x00000000055e9ccc to 0x00000000055e9d36
Event: 9.832 Thread 0x000000001ac13800 Implicit null exception at 0x0000000005cedc94 to 0x0000000005cedf42
Event: 10.012 Thread 0x000000001ac13800 Exception <a 'java/lang/NoSuchMethodError': java.lang.Object.lambda$static$0(Ljava/lang/Throwable;Ljava/lang/String;)V> (0x00000000e0603520) thrown at [D:\src\AOSP-openjdk-cygwin\jdk8u\hotspot\src\share\vm\interpreter\linkResolver.cpp, line 584]
Event: 10.203 Thread 0x000000001ac13800 Exception <a 'java/lang/NoSuchMethodError': java.lang.Object.lambda$static$0(Lorg/jetbrains/kotlin/descriptors/ValueParameterDescriptor;Lorg/jetbrains/kotlin/codegen/ExpressionCodegen;)Lorg/jetbrains/kotlin/codegen/StackValue;> (0x00000000e0ef3a80) thrown
Event: 11.182 Thread 0x000000001ac13800 Exception <a 'java/lang/NoSuchMethodError': <clinit>> (0x00000000e29524b8) thrown at [D:\src\AOSP-openjdk-cygwin\jdk8u\hotspot\src\share\vm\prims\jni.cpp, line 1613]
Event: 385.863 Thread 0x000000001ddab800 Exception <a 'sun/nio/fs/WindowsException'> (0x00000000e2f1c9f8) thrown at [D:\src\AOSP-openjdk-cygwin\jdk8u\hotspot\src\share\vm\prims\jni.cpp, line 709]
Event: 385.863 Thread 0x000000001ddab800 Exception <a 'java/lang/reflect/InvocationTargetException'> (0x00000000e2f1d240) thrown at [D:\src\AOSP-openjdk-cygwin\jdk8u\hotspot\src\share\vm\runtime\reflection.cpp, line 1092]
Event: 385.955 Thread 0x000000001ddab800 Implicit null exception at 0x0000000005575d78 to 0x000000000557dc95
Event: 386.799 Thread 0x000000001ddab800 Implicit null exception at 0x00000000063c4cbf to 0x00000000063c5cad
Event: 893.889 Thread 0x000000001dda8000 Exception <a 'sun/nio/fs/WindowsException'> (0x00000000e25f0730) thrown at [D:\src\AOSP-openjdk-cygwin\jdk8u\hotspot\src\share\vm\prims\jni.cpp, line 709]

Events (10 events):
Event: 894.532 loading class org/jetbrains/kotlin/android/synthetic/res/AndroidSyntheticPackageFragmentProvider
Event: 894.532 loading class org/jetbrains/kotlin/android/synthetic/res/AndroidSyntheticPackageFragmentProvider done
Event: 894.532 loading class org/jetbrains/kotlin/descriptors/PackageFragmentProvider
Event: 894.532 loading class org/jetbrains/kotlin/descriptors/PackageFragmentProvider done
Event: 894.631 loading class org/jetbrains/kotlin/descriptors/PackageFragmentDescriptor
Event: 894.632 loading class org/jetbrains/kotlin/descriptors/PackageFragmentDescriptor done
Event: 894.819 Thread 0x000000001dda8000 DEOPT PACKING pc=0x0000000005824cb1 sp=0x0000000023cf9cd0
Event: 894.819 Thread 0x000000001dda8000 DEOPT UNPACKING pc=0x00000000050575d0 sp=0x0000000023cf99e8 mode 0
Event: 894.909 Thread 0x000000001dda8000 DEOPT PACKING pc=0x0000000005824cb1 sp=0x0000000023cf7ba0
Event: 894.909 Thread 0x000000001dda8000 DEOPT UNPACKING pc=0x00000000050575d0 sp=0x0000000023cf78b8 mode 0


Dynamic libraries:
0x00007ff76f5b0000 - 0x00007ff76f5e1000 	C:\Program Files\Android\Android Studio\jre\jre\bin\java.exe
0x00007ffc95570000 - 0x00007ffc95750000 	C:\WINDOWS\SYSTEM32\ntdll.dll
0x00007ffc4cff0000 - 0x00007ffc4d024000 	C:\Program Files\AVAST Software\Avast\x64\aswhooka.dll
0x00007ffc92cc0000 - 0x00007ffc92d6e000 	C:\WINDOWS\System32\KERNEL32.DLL
0x00007ffc92330000 - 0x00007ffc92596000 	C:\WINDOWS\System32\KERNELBASE.dll
0x00007ffc94050000 - 0x00007ffc940f1000 	C:\WINDOWS\System32\ADVAPI32.dll
0x00007ffc92a40000 - 0x00007ffc92add000 	C:\WINDOWS\System32\msvcrt.dll
0x00007ffc92c00000 - 0x00007ffc92c5b000 	C:\WINDOWS\System32\sechost.dll
0x00007ffc92f30000 - 0x00007ffc9304f000 	C:\WINDOWS\System32\RPCRT4.dll
0x00007ffc93950000 - 0x00007ffc93adf000 	C:\WINDOWS\System32\USER32.dll
0x00007ffc919f0000 - 0x00007ffc91a10000 	C:\WINDOWS\System32\win32u.dll
0x00007ffc93920000 - 0x00007ffc93948000 	C:\WINDOWS\System32\GDI32.dll
0x00007ffc92650000 - 0x00007ffc927e3000 	C:\WINDOWS\System32\gdi32full.dll
0x00007ffc92850000 - 0x00007ffc928eb000 	C:\WINDOWS\System32\msvcp_win.dll
0x00007ffc928f0000 - 0x00007ffc929e6000 	C:\WINDOWS\System32\ucrtbase.dll
0x00007ffc89800000 - 0x00007ffc89a69000 	C:\WINDOWS\WinSxS\amd64_microsoft.windows.common-controls_6595b64144ccf1df_6.0.16299.431_none_15c7d3ee93659e73\COMCTL32.dll
0x00007ffc93610000 - 0x00007ffc93918000 	C:\WINDOWS\System32\combase.dll
0x00007ffc91970000 - 0x00007ffc919e2000 	C:\WINDOWS\System32\bcryptPrimitives.dll
0x00007ffc92c70000 - 0x00007ffc92c9d000 	C:\WINDOWS\System32\IMM32.DLL
0x0000000059a40000 - 0x0000000059b12000 	C:\Program Files\Android\Android Studio\jre\jre\bin\msvcr100.dll
0x00000000584c0000 - 0x0000000058cff000 	C:\Program Files\Android\Android Studio\jre\jre\bin\server\jvm.dll
0x00007ffc92c60000 - 0x00007ffc92c68000 	C:\WINDOWS\System32\PSAPI.DLL
0x00007ffc905f0000 - 0x00007ffc905f9000 	C:\WINDOWS\SYSTEM32\WSOCK32.dll
0x00007ffc93ae0000 - 0x00007ffc93b4c000 	C:\WINDOWS\System32\WS2_32.dll
0x00007ffc8cdd0000 - 0x00007ffc8cdf3000 	C:\WINDOWS\SYSTEM32\WINMM.dll
0x00007ffc8ad20000 - 0x00007ffc8ad2a000 	C:\WINDOWS\SYSTEM32\VERSION.dll
0x00007ffc8c740000 - 0x00007ffc8c76a000 	C:\WINDOWS\SYSTEM32\WINMMBASE.dll
0x00007ffc929f0000 - 0x00007ffc92a3a000 	C:\WINDOWS\System32\cfgmgr32.dll
0x00007ffc7e2c0000 - 0x00007ffc7e2cf000 	C:\Program Files\Android\Android Studio\jre\jre\bin\verify.dll
0x00007ffc6b730000 - 0x00007ffc6b759000 	C:\Program Files\Android\Android Studio\jre\jre\bin\java.dll
0x00007ffc70680000 - 0x00007ffc70696000 	C:\Program Files\Android\Android Studio\jre\jre\bin\zip.dll
0x00007ffc94100000 - 0x00007ffc95538000 	C:\WINDOWS\System32\SHELL32.dll
0x00007ffc93bf0000 - 0x00007ffc93c96000 	C:\WINDOWS\System32\shcore.dll
0x00007ffc91a10000 - 0x00007ffc92157000 	C:\WINDOWS\System32\windows.storage.dll
0x00007ffc93d00000 - 0x00007ffc93d51000 	C:\WINDOWS\System32\shlwapi.dll
0x00007ffc918e0000 - 0x00007ffc918f1000 	C:\WINDOWS\System32\kernel.appcore.dll
0x00007ffc91920000 - 0x00007ffc9196c000 	C:\WINDOWS\System32\powrprof.dll
0x00007ffc918c0000 - 0x00007ffc918db000 	C:\WINDOWS\System32\profapi.dll
0x00007ffc7e2a0000 - 0x00007ffc7e2ad000 	C:\Program Files\Android\Android Studio\jre\jre\bin\management.dll
0x00007ffc703f0000 - 0x00007ffc7040a000 	C:\Program Files\Android\Android Studio\jre\jre\bin\net.dll
0x00007ffc91150000 - 0x00007ffc911b6000 	C:\WINDOWS\system32\mswsock.dll
0x00007ffc6b560000 - 0x00007ffc6b571000 	C:\Program Files\Android\Android Studio\jre\jre\bin\nio.dll
0x00007ffc91310000 - 0x00007ffc91327000 	C:\WINDOWS\SYSTEM32\CRYPTSP.dll
0x00007ffc90d50000 - 0x00007ffc90d83000 	C:\WINDOWS\system32\rsaenh.dll
0x00007ffc91420000 - 0x00007ffc91445000 	C:\WINDOWS\SYSTEM32\bcrypt.dll
0x00007ffc917c0000 - 0x00007ffc917e9000 	C:\WINDOWS\SYSTEM32\USERENV.dll
0x00007ffc91330000 - 0x00007ffc9133b000 	C:\WINDOWS\SYSTEM32\CRYPTBASE.dll
0x00007ffc90ee0000 - 0x00007ffc90f19000 	C:\WINDOWS\SYSTEM32\IPHLPAPI.DLL
0x00007ffc92ae0000 - 0x00007ffc92ae8000 	C:\WINDOWS\System32\NSI.dll
0x00007ffc8ba60000 - 0x00007ffc8ba76000 	C:\WINDOWS\SYSTEM32\dhcpcsvc6.DLL
0x00007ffc8acd0000 - 0x00007ffc8acea000 	C:\WINDOWS\SYSTEM32\dhcpcsvc.DLL

VM Arguments:
jvm_args: -Djava.awt.headless=true -Djava.rmi.server.hostname=localhost -Xmx1536m -Dkotlin.environment.keepalive 
java_command: org.jetbrains.kotlin.daemon.KotlinCompileDaemon --daemon-runFilesPath C:\Users\Septima\AppData\Local\kotlin\daemon --daemon-autoshutdownIdleSeconds=7200 --daemon-compilerClasspath C:\Users\Septima\.gradle\caches\modules-2\files-2.1\org.jetbrains.kotlin\kotlin-compiler-embeddable\1.2.41\e439cfdc216b070ebd454da892447f5dca96a934\kotlin-compiler-embeddable-1.2.41.jar;C:\Users\Septima\.gradle\caches\modules-2\files-2.1\org.jetbrains.kotlin\kotlin-stdlib\1.2.41\7e34f009642702250bccd9e5255866f408962a05\kotlin-stdlib-1.2.41.jar;C:\Users\Septima\.gradle\caches\modules-2\files-2.1\org.jetbrains.kotlin\kotlin-script-runtime\1.2.41\e291b12913910c260ce878f9a76c84203cf710a1\kotlin-script-runtime-1.2.41.jar;C:\Users\Septima\.gradle\caches\modules-2\files-2.1\org.jetbrains.kotlin\kotlin-reflect\1.2.41\e4d6728a4fa55dbfb510aeea25c072c7c51d94\kotlin-reflect-1.2.41.jar;C:\Program Files\Android\Android Studio\jre\lib\tools.jar
java_class_path (initial): C:\Users\Septima\.gradle\caches\modules-2\files-2.1\org.jetbrains.kotlin\kotlin-compiler-embeddable\1.2.41\e439cfdc216b070ebd454da892447f5dca96a934\kotlin-compiler-embeddable-1.2.41.jar;C:\Users\Septima\.gradle\caches\modules-2\files-2.1\org.jetbrains.kotlin\kotlin-stdlib\1.2.41\7e34f009642702250bccd9e5255866f408962a05\kotlin-stdlib-1.2.41.jar;C:\Users\Septima\.gradle\caches\modules-2\files-2.1\org.jetbrains.kotlin\kotlin-script-runtime\1.2.41\e291b12913910c260ce878f9a76c84203cf710a1\kotlin-script-runtime-1.2.41.jar;C:\Users\Septima\.gradle\caches\modules-2\files-2.1\org.jetbrains.kotlin\kotlin-reflect\1.2.41\e4d6728a4fa55dbfb510aeea25c072c7c51d94\kotlin-reflect-1.2.41.jar;C:\Program Files\Android\Android Studio\jre\lib\tools.jar
Launcher Type: SUN_STANDARD

Environment Variables:
PATH=C:\Program Files\Microsoft MPI\Bin\;C:\ProgramData\Oracle\Java\javapath;C:\Windows\system32;C:\Windows;C:\Windows\System32\Wbem;C:\Windows\System32\WindowsPowerShell\v1.0\;C:\Program Files (x86)\NVIDIA Corporation\PhysX\Common;C:\MinGW\bin;;C:\WINDOWS\system32;C:\WINDOWS;C:\WINDOWS\System32\Wbem;C:\WINDOWS\System32\WindowsPowerShell\v1.0\;C:\Program Files (x86)\Microsoft SQL Server\130\Tools\Binn\;C:\Program Files\Microsoft SQL Server\130\Tools\Binn\;C:\Program Files (x86)\Microsoft SQL Server\130\DTS\Binn\;C:\Program Files\Microsoft SQL Server\130\DTS\Binn\;C:\Program Files\Microsoft SQL Server\Client SDK\ODBC\130\Tools\Binn\;C:\Program Files (x86)\Microsoft SQL Server\Client SDK\ODBC\130\Tools\Binn\;C:\Program Files (x86)\Microsoft SQL Server\140\Tools\Binn\;C:\Program Files (x86)\Microsoft SQL Server\140\DTS\Binn\;C:\Program Files (x86)\Microsoft SQL Server\140\Tools\Binn\ManagementStudio\;C:\Program Files (x86)\Microsoft SQL Server\110\DTS\Binn\;C:\Program Files (x86)\Microsoft SQL Server\120\DTS\Binn\;C:\Program Files (x86)\Microsoft SQL Server\120\Tools\Binn\ManagementStudio\;C:\Program Files (x86)\Microsoft SQL Server\120\Tools\Binn\;C:\Program Files (x86)\Microsoft Visual Studio 12.0\Common7\IDE\PrivateAssemblies\;C:\Users\Septima\AppData\Local\Programs\Python\Python36-32\Scripts\;C:\Users\Septima\AppData\Local\Programs\Python\Python36-32\;C:\Users\Septima\AppData\Local\Microsoft\WindowsApps;C:\Users\Septima\AppData\Local\atom\bin;C:\Users\Septima\AppData\Local\NASM;C:\Users\Septima\Anaconda2
USERNAME=Septima
OS=Windows_NT
PROCESSOR_IDENTIFIER=Intel64 Family 6 Model 78 Stepping 3, GenuineIntel



---------------  S Y S T E M  ---------------

OS: Windows 10.0 , 64 bit Build 16299 (10.0.16299.431)

CPU:total 4 (initial active 4) (2 cores per cpu, 2 threads per core) family 6 model 78 stepping 3, cmov, cx8, fxsr, mmx, sse, sse2, sse3, ssse3, sse4.1, sse4.2, popcnt, avx, avx2, aes, clmul, erms, 3dnowpref, lzcnt, ht, tsc, tscinvbit, bmi1, bmi2, adx

Memory: 4k page, physical 8279168k(1493844k free), swap 8279168k(8472k free)

vm_info: OpenJDK 64-Bit Server VM (25.152-b02) for windows-amd64 JRE (1.8.0_152-release-1024-b02), built by "builder" with MS VC++ 10.0 (VS2010)

time: Fri May 25 13:36:50 2018
elapsed time: 894 seconds (0d 0h 14m 54s)

