#
# There is insufficient memory for the Java Runtime Environment to continue.
# Native memory allocation (malloc) failed to allocate 1071136 bytes for Chunk::new
# Possible reasons:
#   The system is out of physical RAM or swap space
#   In 32 bit mode, the process size limit was hit
# Possible solutions:
#   Reduce memory load on the system
#   Increase physical memory or swap space
#   Check if swap backing store is full
#   Use 64 bit Java on a 64 bit OS
#   Decrease Java heap size (-Xmx/-Xms)
#   Decrease number of Java threads
#   Decrease Java thread stack sizes (-Xss)
#   Set larger code cache with -XX:ReservedCodeCacheSize=
# This output file may be truncated or incomplete.
#
#  Out of Memory Error (allocation.cpp:390), pid=6268, tid=0x00000000000015a0
#
# JRE version: OpenJDK Runtime Environment (8.0_152-b02) (build 1.8.0_152-release-1024-b02)
# Java VM: OpenJDK 64-Bit Server VM (25.152-b02 mixed mode windows-amd64 compressed oops)
# Failed to write core dump. Minidumps are not enabled by default on client versions of Windows
#

---------------  T H R E A D  ---------------

Current thread (0x0000000017aec800):  JavaThread "C2 CompilerThread0" daemon [_thread_in_native, id=5536, stack(0x0000000019240000,0x0000000019340000)]

Stack: [0x0000000019240000,0x0000000019340000]
[error occurred during error reporting (printing stack bounds), id 0xc0000005]

Native frames: (J=compiled Java code, j=interpreted, Vv=VM code, C=native code)


Current CompileTask:
C2:  17090 6691       4       java.io.ObjectOutputStream::writeClassDesc (60 bytes)


---------------  P R O C E S S  ---------------

Java Threads: ( => current thread )
  0x0000000020e7b800 JavaThread "Task worker for ':' Thread 3" [_thread_blocked, id=9428, stack(0x0000000024e20000,0x0000000024f20000)]
  0x0000000020e79000 JavaThread "Task worker for ':' Thread 2" [_thread_in_Java, id=4412, stack(0x0000000024d20000,0x0000000024e20000)]
  0x0000000020e7a800 JavaThread "Task worker for ':'" [_thread_blocked, id=11380, stack(0x0000000024c20000,0x0000000024d20000)]
  0x0000000020e7a000 JavaThread "Cache worker for Build Output Cleanup Cache (C:\Users\Septima\AndroidStudioProjects\UnitConverter\.gradle\buildOutputCleanup)" [_thread_blocked, id=10824, stack(0x0000000024960000,0x0000000024a60000)]
  0x0000000020e77800 JavaThread "Cache worker for task history cache (C:\Users\Septima\AndroidStudioProjects\UnitConverter\.gradle\4.4\taskHistory)" [_thread_blocked, id=10144, stack(0x0000000024860000,0x0000000024960000)]
  0x0000000020e77000 JavaThread "Cache worker for file content cache (C:\Users\Septima\AndroidStudioProjects\UnitConverter\.gradle\4.4\fileContent)" [_thread_blocked, id=7588, stack(0x00000000235f0000,0x00000000236f0000)]
  0x000000001aee0000 JavaThread "Memory manager" [_thread_blocked, id=6624, stack(0x00000000234f0000,0x00000000235f0000)]
  0x000000001aedf000 JavaThread "pool-1-thread-1" [_thread_blocked, id=11352, stack(0x00000000231f0000,0x00000000232f0000)]
  0x000000001aede800 JavaThread "build operations Thread 4" [_thread_blocked, id=10600, stack(0x0000000022ef0000,0x0000000022ff0000)]
  0x000000001aee0800 JavaThread "build operations Thread 3" [_thread_blocked, id=6948, stack(0x0000000022df0000,0x0000000022ef0000)]
  0x000000001aedd800 JavaThread "build operations Thread 2" [_thread_blocked, id=9172, stack(0x0000000022cf0000,0x0000000022df0000)]
  0x000000001aedd000 JavaThread "build operations" [_thread_blocked, id=10468, stack(0x0000000022bf0000,0x0000000022cf0000)]
  0x000000001aee2000 JavaThread "Cache worker for Artifact transforms cache (C:\Users\Septima\.gradle\caches\transforms-1)" [_thread_blocked, id=9528, stack(0x00000000200b0000,0x00000000201b0000)]
  0x000000001ae4f800 JavaThread "Cache worker for file hash cache (C:\Users\Septima\AndroidStudioProjects\UnitConverter\.gradle\4.4\fileHashes)" [_thread_blocked, id=12484, stack(0x000000001c790000,0x000000001c890000)]
  0x000000001ad2b000 JavaThread "File lock request listener" [_thread_in_native, id=7176, stack(0x000000001c690000,0x000000001c790000)]
  0x000000001ae12800 JavaThread "Cache worker for file hash cache (C:\Users\Septima\.gradle\caches\4.4\fileHashes)" [_thread_blocked, id=2008, stack(0x000000001c590000,0x000000001c690000)]
  0x000000001ac63000 JavaThread "Stdin handler" [_thread_blocked, id=428, stack(0x000000001c290000,0x000000001c390000)]
  0x000000001ac62800 JavaThread "Asynchronous log dispatcher for DefaultDaemonConnection: socket connection from /127.0.0.1:51642 to /127.0.0.1:51643" [_thread_blocked, id=4812, stack(0x000000001c190000,0x000000001c290000)]
  0x000000001ac60000 JavaThread "Daemon worker" [_thread_blocked, id=11196, stack(0x000000001c090000,0x000000001c190000)]
  0x000000001ad4f800 JavaThread "Cancel handler" [_thread_blocked, id=7632, stack(0x000000001bf90000,0x000000001c090000)]
  0x000000001ac8c000 JavaThread "Handler for socket connection from /127.0.0.1:51642 to /127.0.0.1:51643" [_thread_in_native, id=12744, stack(0x000000001bc90000,0x000000001bd90000)]
  0x000000001ac89000 JavaThread "Daemon" [_thread_blocked, id=13068, stack(0x000000001bb90000,0x000000001bc90000)]
  0x000000001ac7b800 JavaThread "Daemon periodic checks" [_thread_blocked, id=6964, stack(0x000000001ba90000,0x000000001bb90000)]
  0x000000001ac76800 JavaThread "Incoming local TCP Connector on port 51642" [_thread_in_native, id=10072, stack(0x000000001b850000,0x000000001b950000)]
  0x0000000017b4c800 JavaThread "Service Thread" daemon [_thread_blocked, id=12496, stack(0x0000000019940000,0x0000000019a40000)]
  0x0000000017b48000 JavaThread "C1 CompilerThread2" daemon [_thread_blocked, id=12224, stack(0x0000000019840000,0x0000000019940000)]
  0x0000000017af1000 JavaThread "C2 CompilerThread1" daemon [_thread_blocked, id=224, stack(0x0000000019340000,0x0000000019440000)]
=>0x0000000017aec800 JavaThread "C2 CompilerThread0" daemon [_thread_in_native, id=5536, stack(0x0000000019240000,0x0000000019340000)]
  0x0000000017aeb800 JavaThread "Attach Listener" daemon [_thread_blocked, id=12628, stack(0x0000000019140000,0x0000000019240000)]
  0x0000000017aea000 JavaThread "Signal Dispatcher" daemon [_thread_blocked, id=10780, stack(0x0000000019040000,0x0000000019140000)]
  0x0000000017ade000 JavaThread "Finalizer" daemon [_thread_blocked, id=9456, stack(0x0000000018d50000,0x0000000018e50000)]
  0x0000000004172800 JavaThread "Reference Handler" daemon [_thread_blocked, id=12588, stack(0x0000000018c50000,0x0000000018d50000)]
  0x0000000004082800 JavaThread "main" [_thread_blocked, id=5832, stack(0x0000000003ea0000,0x0000000003fa0000)]

Other Threads:
  0x0000000017ab5000 VMThread [stack: 0x0000000018b50000,0x0000000018c50000] [id=13024]
  0x0000000017b4d800 WatcherThread [stack: 0x0000000019a40000,0x0000000019b40000] [id=11184]

VM state:not at safepoint (normal execution)

VM Mutex/Monitor currently owned by a thread: None

Heap:
 PSYoungGen      total 180736K, used 32876K [0x00000000e0000000, 0x00000000ed580000, 0x0000000100000000)
  eden space 167936K, 19% used [0x00000000e0000000,0x00000000e201b128,0x00000000ea400000)
  from space 12800K, 0% used [0x00000000eb280000,0x00000000eb280000,0x00000000ebf00000)
  to   space 14848K, 0% used [0x00000000ea400000,0x00000000ea400000,0x00000000eb280000)
 ParOldGen       total 93696K, used 33892K [0x00000000a0000000, 0x00000000a5b80000, 0x00000000e0000000)
  object space 93696K, 36% used [0x00000000a0000000,0x00000000a21192b8,0x00000000a5b80000)
 Metaspace       used 59090K, capacity 60748K, committed 61016K, reserved 1101824K
  class space    used 8096K, capacity 8511K, committed 8576K, reserved 1048576K

Card table byte_map: [0x0000000013540000,0x0000000013850000] byte_map_base: 0x0000000013040000

Marking Bits: (ParMarkBitMap*) 0x0000000061f54970
 Begin Bits: [0x0000000013e50000, 0x0000000015650000)
 End Bits:   [0x0000000015650000, 0x0000000016e50000)

Polling page: 0x0000000002680000

CodeCache: size=245760Kb used=19034Kb max_used=19034Kb free=226725Kb
 bounds [0x0000000004180000, 0x0000000005430000, 0x0000000013180000]
 total_blobs=6716 nmethods=5937 adapters=691
 compilation: enabled

Compilation events (10 events):
Event: 17.047 Thread 0x0000000017b48000 6735       1       org.gradle.api.tasks.util.PatternSet::getExcludes (5 bytes)
Event: 17.048 Thread 0x0000000017b48000 nmethod 6735 0x00000000054176d0 code [0x0000000005417820, 0x0000000005417930]
Event: 17.078 Thread 0x0000000017b48000 6736       1       org.gradle.api.internal.file.pattern.EndOfPathMatcher::getMinSegments (2 bytes)
Event: 17.078 Thread 0x0000000017b48000 nmethod 6736 0x0000000005417410 code [0x0000000005417560, 0x0000000005417670]
Event: 17.079 Thread 0x0000000017b48000 6737       3       com.google.common.collect.RegularImmutableSortedMap::get (27 bytes)
Event: 17.080 Thread 0x0000000017b48000 nmethod 6737 0x0000000005416e50 code [0x0000000005416fc0, 0x00000000054172f8]
Event: 17.080 Thread 0x0000000017b48000 6738       3       com.google.common.collect.SortedLists::binarySearch (145 bytes)
Event: 17.081 Thread 0x0000000017b48000 nmethod 6738 0x00000000054279d0 code [0x0000000005427c40, 0x0000000005428ac8]
Event: 17.081 Thread 0x0000000017b48000 6739       3       com.google.common.collect.SortedLists$KeyPresentBehavior$1::resultIndex (3 bytes)
Event: 17.081 Thread 0x0000000017b48000 nmethod 6739 0x0000000005429190 code [0x00000000054292e0, 0x0000000005429430]

GC Heap History (10 events):
Event: 8.419 GC heap before
{Heap before GC invocations=9 (full 2):
 PSYoungGen      total 140800K, used 10226K [0x00000000e0000000, 0x00000000ebf00000, 0x0000000100000000)
  eden space 130560K, 0% used [0x00000000e0000000,0x00000000e0000000,0x00000000e7f80000)
  from space 10240K, 99% used [0x00000000e7f80000,0x00000000e897c938,0x00000000e8980000)
  to   space 12800K, 0% used [0x00000000eb280000,0x00000000eb280000,0x00000000ebf00000)
 ParOldGen       total 57344K, used 10773K [0x00000000a0000000, 0x00000000a3800000, 0x00000000e0000000)
  object space 57344K, 18% used [0x00000000a0000000,0x00000000a0a85708,0x00000000a3800000)
 Metaspace       used 34749K, capacity 35260K, committed 35416K, reserved 1079296K
  class space    used 4780K, capacity 4972K, committed 4992K, reserved 1048576K
Event: 8.540 GC heap after
Heap after GC invocations=9 (full 2):
 PSYoungGen      total 140800K, used 0K [0x00000000e0000000, 0x00000000ebf00000, 0x0000000100000000)
  eden space 130560K, 0% used [0x00000000e0000000,0x00000000e0000000,0x00000000e7f80000)
  from space 10240K, 0% used [0x00000000e7f80000,0x00000000e7f80000,0x00000000e8980000)
  to   space 12800K, 0% used [0x00000000eb280000,0x00000000eb280000,0x00000000ebf00000)
 ParOldGen       total 93696K, used 19356K [0x00000000a0000000, 0x00000000a5b80000, 0x00000000e0000000)
  object space 93696K, 20% used [0x00000000a0000000,0x00000000a12e70b0,0x00000000a5b80000)
 Metaspace       used 34749K, capacity 35260K, committed 35416K, reserved 1079296K
  class space    used 4780K, capacity 4972K, committed 4992K, reserved 1048576K
}
Event: 11.419 GC heap before
{Heap before GC invocations=10 (full 2):
 PSYoungGen      total 140800K, used 130560K [0x00000000e0000000, 0x00000000ebf00000, 0x0000000100000000)
  eden space 130560K, 100% used [0x00000000e0000000,0x00000000e7f80000,0x00000000e7f80000)
  from space 10240K, 0% used [0x00000000e7f80000,0x00000000e7f80000,0x00000000e8980000)
  to   space 12800K, 0% used [0x00000000eb280000,0x00000000eb280000,0x00000000ebf00000)
 ParOldGen       total 93696K, used 19356K [0x00000000a0000000, 0x00000000a5b80000, 0x00000000e0000000)
  object space 93696K, 20% used [0x00000000a0000000,0x00000000a12e70b0,0x00000000a5b80000)
 Metaspace       used 42979K, capacity 43878K, committed 44120K, reserved 1087488K
  class space    used 5878K, capacity 6162K, committed 6272K, reserved 1048576K
Event: 11.458 GC heap after
Heap after GC invocations=10 (full 2):
 PSYoungGen      total 180736K, used 12785K [0x00000000e0000000, 0x00000000ed580000, 0x0000000100000000)
  eden space 167936K, 0% used [0x00000000e0000000,0x00000000e0000000,0x00000000ea400000)
  from space 12800K, 99% used [0x00000000eb280000,0x00000000ebefc588,0x00000000ebf00000)
  to   space 14848K, 0% used [0x00000000ea400000,0x00000000ea400000,0x00000000eb280000)
 ParOldGen       total 93696K, used 20667K [0x00000000a0000000, 0x00000000a5b80000, 0x00000000e0000000)
  object space 93696K, 22% used [0x00000000a0000000,0x00000000a142ec40,0x00000000a5b80000)
 Metaspace       used 42979K, capacity 43878K, committed 44120K, reserved 1087488K
  class space    used 5878K, capacity 6162K, committed 6272K, reserved 1048576K
}
Event: 16.017 GC heap before
{Heap before GC invocations=11 (full 2):
 PSYoungGen      total 180736K, used 180721K [0x00000000e0000000, 0x00000000ed580000, 0x0000000100000000)
  eden space 167936K, 100% used [0x00000000e0000000,0x00000000ea400000,0x00000000ea400000)
  from space 12800K, 99% used [0x00000000eb280000,0x00000000ebefc588,0x00000000ebf00000)
  to   space 14848K, 0% used [0x00000000ea400000,0x00000000ea400000,0x00000000eb280000)
 ParOldGen       total 93696K, used 20667K [0x00000000a0000000, 0x00000000a5b80000, 0x00000000e0000000)
  object space 93696K, 22% used [0x00000000a0000000,0x00000000a142ec40,0x00000000a5b80000)
 Metaspace       used 55453K, capacity 57042K, committed 57176K, reserved 1097728K
  class space    used 7582K, capacity 8016K, committed 8064K, reserved 1048576K
Event: 16.052 GC heap after
Heap after GC invocations=11 (full 2):
 PSYoungGen      total 182784K, used 14829K [0x00000000e0000000, 0x00000000ed580000, 0x0000000100000000)
  eden space 167936K, 0% used [0x00000000e0000000,0x00000000e0000000,0x00000000ea400000)
  from space 14848K, 99% used [0x00000000ea400000,0x00000000eb27b510,0x00000000eb280000)
  to   space 12800K, 0% used [0x00000000eb280000,0x00000000eb280000,0x00000000ebf00000)
 ParOldGen       total 93696K, used 30414K [0x00000000a0000000, 0x00000000a5b80000, 0x00000000e0000000)
  object space 93696K, 32% used [0x00000000a0000000,0x00000000a1db3bb0,0x00000000a5b80000)
 Metaspace       used 55453K, capacity 57042K, committed 57176K, reserved 1097728K
  class space    used 7582K, capacity 8016K, committed 8064K, reserved 1048576K
}
Event: 16.332 GC heap before
{Heap before GC invocations=12 (full 2):
 PSYoungGen      total 182784K, used 44400K [0x00000000e0000000, 0x00000000ed580000, 0x0000000100000000)
  eden space 167936K, 17% used [0x00000000e0000000,0x00000000e1ce0eb8,0x00000000ea400000)
  from space 14848K, 99% used [0x00000000ea400000,0x00000000eb27b510,0x00000000eb280000)
  to   space 12800K, 0% used [0x00000000eb280000,0x00000000eb280000,0x00000000ebf00000)
 ParOldGen       total 93696K, used 30414K [0x00000000a0000000, 0x00000000a5b80000, 0x00000000e0000000)
  object space 93696K, 32% used [0x00000000a0000000,0x00000000a1db3bb0,0x00000000a5b80000)
 Metaspace       used 57327K, capacity 58898K, committed 58968K, reserved 1099776K
  class space    used 7851K, capacity 8272K, committed 8320K, reserved 1048576K
Event: 16.352 GC heap after
Heap after GC invocations=12 (full 2):
 PSYoungGen      total 180736K, used 11800K [0x00000000e0000000, 0x00000000ed580000, 0x0000000100000000)
  eden space 167936K, 0% used [0x00000000e0000000,0x00000000e0000000,0x00000000ea400000)
  from space 12800K, 92% used [0x00000000eb280000,0x00000000ebe06178,0x00000000ebf00000)
  to   space 14848K, 0% used [0x00000000ea400000,0x00000000ea400000,0x00000000eb280000)
 ParOldGen       total 93696K, used 36937K [0x00000000a0000000, 0x00000000a5b80000, 0x00000000e0000000)
  object space 93696K, 39% used [0x00000000a0000000,0x00000000a24126e0,0x00000000a5b80000)
 Metaspace       used 57327K, capacity 58898K, committed 58968K, reserved 1099776K
  class space    used 7851K, capacity 8272K, committed 8320K, reserved 1048576K
}
Event: 16.352 GC heap before
{Heap before GC invocations=13 (full 3):
 PSYoungGen      total 180736K, used 11800K [0x00000000e0000000, 0x00000000ed580000, 0x0000000100000000)
  eden space 167936K, 0% used [0x00000000e0000000,0x00000000e0000000,0x00000000ea400000)
  from space 12800K, 92% used [0x00000000eb280000,0x00000000ebe06178,0x00000000ebf00000)
  to   space 14848K, 0% used [0x00000000ea400000,0x00000000ea400000,0x00000000eb280000)
 ParOldGen       total 93696K, used 36937K [0x00000000a0000000, 0x00000000a5b80000, 0x00000000e0000000)
  object space 93696K, 39% used [0x00000000a0000000,0x00000000a24126e0,0x00000000a5b80000)
 Metaspace       used 57327K, capacity 58898K, committed 58968K, reserved 1099776K
  class space    used 7851K, capacity 8272K, committed 8320K, reserved 1048576K
Event: 16.591 GC heap after
Heap after GC invocations=13 (full 3):
 PSYoungGen      total 180736K, used 0K [0x00000000e0000000, 0x00000000ed580000, 0x0000000100000000)
  eden space 167936K, 0% used [0x00000000e0000000,0x00000000e0000000,0x00000000ea400000)
  from space 12800K, 0% used [0x00000000eb280000,0x00000000eb280000,0x00000000ebf00000)
  to   space 14848K, 0% used [0x00000000ea400000,0x00000000ea400000,0x00000000eb280000)
 ParOldGen       total 93696K, used 33892K [0x00000000a0000000, 0x00000000a5b80000, 0x00000000e0000000)
  object space 93696K, 36% used [0x00000000a0000000,0x00000000a21192b8,0x00000000a5b80000)
 Metaspace       used 57327K, capacity 58898K, committed 58968K, reserved 1099776K
  class space    used 7851K, capacity 8272K, committed 8320K, reserved 1048576K
}

Deoptimization events (10 events):
Event: 15.471 Thread 0x0000000020e77800 Uncommon trap: reason=unstable_if action=reinterpret pc=0x0000000004b8c3c4 method=com.esotericsoftware.kryo.io.Input.readUtf8(I)V @ 79
Event: 16.605 Thread 0x0000000020e79000 Uncommon trap: reason=class_check action=maybe_recompile pc=0x00000000053c9c7c method=kotlin.reflect.jvm.internal.impl.protobuf.CodedInputStream.tryRefillBuffer(I)Z @ 177
Event: 16.608 Thread 0x0000000020e79000 Uncommon trap: reason=class_check action=maybe_recompile pc=0x00000000053c9c7c method=kotlin.reflect.jvm.internal.impl.protobuf.CodedInputStream.tryRefillBuffer(I)Z @ 177
Event: 16.608 Thread 0x0000000020e79000 Uncommon trap: reason=class_check action=maybe_recompile pc=0x00000000053c9c7c method=kotlin.reflect.jvm.internal.impl.protobuf.CodedInputStream.tryRefillBuffer(I)Z @ 177
Event: 16.609 Thread 0x0000000020e79000 Uncommon trap: reason=unstable_if action=reinterpret pc=0x00000000053c8914 method=kotlin.reflect.jvm.internal.impl.protobuf.CodedInputStream.readRawVarint32()I @ 69
Event: 16.611 Thread 0x0000000020e79000 Uncommon trap: reason=unstable_if action=reinterpret pc=0x00000000053b3ac0 method=kotlin.reflect.jvm.internal.impl.protobuf.CodedInputStream.readRawVarint32()I @ 69
Event: 16.612 Thread 0x0000000020e79000 Uncommon trap: reason=class_check action=maybe_recompile pc=0x00000000053c9c7c method=kotlin.reflect.jvm.internal.impl.protobuf.CodedInputStream.tryRefillBuffer(I)Z @ 177
Event: 17.022 Thread 0x0000000020e79000 Uncommon trap: reason=unstable_if action=reinterpret pc=0x0000000004e82798 method=org.gradle.internal.hash.HashCode.equals(Ljava/lang/Object;)Z @ 67
Event: 17.028 Thread 0x0000000020e79000 Uncommon trap: reason=unstable_if action=reinterpret pc=0x000000000467f284 method=com.google.common.collect.MapMakerInternalMap$Segment.drainKeyReferenceQueue()V @ 11
Event: 17.074 Thread 0x0000000020e79000 Uncommon trap: reason=null_assert action=make_not_entrant pc=0x0000000004fe3d38 method=com.google.common.cache.LocalCache.processPendingNotifications()V @ 9

Classes redefined (0 events):
No events

Internal exceptions (10 events):
Event: 14.210 Thread 0x000000001ac60000 Exception <a 'java/lang/ClassNotFoundException': groovy/lang/MetaMethodCustomizer> (0x00000000e6dfd998) thrown at [D:\src\AOSP-openjdk-cygwin\jdk8u\hotspot\src\share\vm\classfile\systemDictionary.cpp, line 210]
Event: 14.210 Thread 0x000000001ac60000 Exception <a 'java/lang/ClassNotFoundException': org/codehaus/groovy/reflection/CachedMethodCustomizer> (0x00000000e6e204e8) thrown at [D:\src\AOSP-openjdk-cygwin\jdk8u\hotspot\src\share\vm\classfile\systemDictionary.cpp, line 210]
Event: 14.574 Thread 0x000000001ac60000 Exception <a 'java/lang/NoSuchMethodError': <clinit>> (0x00000000e7499120) thrown at [D:\src\AOSP-openjdk-cygwin\jdk8u\hotspot\src\share\vm\prims\jni.cpp, line 1613]
Event: 14.576 Thread 0x000000001ac60000 Exception <a 'java/lang/NoSuchMethodError': <clinit>> (0x00000000e74a7cd0) thrown at [D:\src\AOSP-openjdk-cygwin\jdk8u\hotspot\src\share\vm\prims\jni.cpp, line 1613]
Event: 14.654 Thread 0x000000001ac60000 Exception <a 'java/lang/NoSuchMethodError': <clinit>> (0x00000000e79bacf8) thrown at [D:\src\AOSP-openjdk-cygwin\jdk8u\hotspot\src\share\vm\prims\jni.cpp, line 1613]
Event: 14.659 Thread 0x000000001ac60000 Exception <a 'java/lang/NoSuchMethodError': <clinit>> (0x00000000e79d69f8) thrown at [D:\src\AOSP-openjdk-cygwin\jdk8u\hotspot\src\share\vm\prims\jni.cpp, line 1613]
Event: 14.660 Thread 0x000000001ac60000 Exception <a 'java/lang/NoSuchMethodError': <clinit>> (0x00000000e79d8860) thrown at [D:\src\AOSP-openjdk-cygwin\jdk8u\hotspot\src\share\vm\prims\jni.cpp, line 1613]
Event: 14.730 Thread 0x0000000020e7a800 Implicit null exception at 0x0000000004764fe2 to 0x0000000004765521
Event: 15.436 Thread 0x0000000020e79000 Exception <a 'java/lang/NoSuchMethodError': <clinit>> (0x00000000e76a8ca0) thrown at [D:\src\AOSP-openjdk-cygwin\jdk8u\hotspot\src\share\vm\prims\jni.cpp, line 1613]
Event: 15.439 Thread 0x0000000020e79000 Exception <a 'java/lang/NoSuchMethodError': <clinit>> (0x00000000e76b3100) thrown at [D:\src\AOSP-openjdk-cygwin\jdk8u\hotspot\src\share\vm\prims\jni.cpp, line 1613]

Events (10 events):
Event: 17.074 Thread 0x0000000020e79000 DEOPT PACKING pc=0x0000000004fe3d38 sp=0x0000000024e1d0a0
Event: 17.074 Thread 0x0000000020e79000 DEOPT UNPACKING pc=0x00000000041c557b sp=0x0000000024e1d040 mode 2
Event: 17.074 loading class org/gradle/cache/internal/AsyncCacheAccessDecoratedCache$2
Event: 17.074 loading class org/gradle/cache/internal/AsyncCacheAccessDecoratedCache$2 done
Event: 17.074 loading class org/gradle/cache/internal/DefaultMultiProcessSafePersistentIndexedCache$2
Event: 17.074 loading class org/gradle/cache/internal/DefaultMultiProcessSafePersistentIndexedCache$2 done
Event: 17.075 loading class org/gradle/cache/internal/btree/BTreePersistentIndexedCache$DataBlockUpdateResult
Event: 17.075 loading class org/gradle/cache/internal/btree/BTreePersistentIndexedCache$DataBlockUpdateResult done
Event: 17.081 loading class org/gradle/api/internal/tasks/execution/OutputDirectoryCreatingTaskExecuter$1
Event: 17.081 loading class org/gradle/api/internal/tasks/execution/OutputDirectoryCreatingTaskExecuter$1 done


Dynamic libraries:
0x00007ff705780000 - 0x00007ff7057b1000 	C:\Program Files\Android\Android Studio\jre\bin\java.exe
0x00007ffda6a80000 - 0x00007ffda6c60000 	C:\WINDOWS\SYSTEM32\ntdll.dll
0x00007ffd97860000 - 0x00007ffd97894000 	C:\Program Files\AVAST Software\Avast\x64\aswhooka.dll
0x00007ffda4410000 - 0x00007ffda44be000 	C:\WINDOWS\System32\KERNEL32.DLL
0x00007ffda30a0000 - 0x00007ffda3306000 	C:\WINDOWS\System32\KERNELBASE.dll
0x00007ffda4920000 - 0x00007ffda49c1000 	C:\WINDOWS\System32\ADVAPI32.dll
0x00007ffda4bb0000 - 0x00007ffda4c4d000 	C:\WINDOWS\System32\msvcrt.dll
0x00007ffda4d60000 - 0x00007ffda4dbb000 	C:\WINDOWS\System32\sechost.dll
0x00007ffda6340000 - 0x00007ffda645f000 	C:\WINDOWS\System32\RPCRT4.dll
0x00007ffda6850000 - 0x00007ffda69df000 	C:\WINDOWS\System32\USER32.dll
0x00007ffda34c0000 - 0x00007ffda34e0000 	C:\WINDOWS\System32\win32u.dll
0x00007ffda4dc0000 - 0x00007ffda4de8000 	C:\WINDOWS\System32\GDI32.dll
0x00007ffda2e80000 - 0x00007ffda3013000 	C:\WINDOWS\System32\gdi32full.dll
0x00007ffda34e0000 - 0x00007ffda357b000 	C:\WINDOWS\System32\msvcp_win.dll
0x00007ffda3370000 - 0x00007ffda3466000 	C:\WINDOWS\System32\ucrtbase.dll
0x00007ffd96620000 - 0x00007ffd96889000 	C:\WINDOWS\WinSxS\amd64_microsoft.windows.common-controls_6595b64144ccf1df_6.0.16299.431_none_15c7d3ee93659e73\COMCTL32.dll
0x00007ffda3f50000 - 0x00007ffda4258000 	C:\WINDOWS\System32\combase.dll
0x00007ffda3020000 - 0x00007ffda3092000 	C:\WINDOWS\System32\bcryptPrimitives.dll
0x00007ffda4270000 - 0x00007ffda429d000 	C:\WINDOWS\System32\IMM32.DLL
0x00000000616b0000 - 0x0000000061782000 	C:\Program Files\Android\Android Studio\jre\jre\bin\msvcr100.dll
0x0000000061790000 - 0x0000000061fcf000 	C:\Program Files\Android\Android Studio\jre\jre\bin\server\jvm.dll
0x00007ffda4260000 - 0x00007ffda4268000 	C:\WINDOWS\System32\PSAPI.DLL
0x00007ffda1950000 - 0x00007ffda1959000 	C:\WINDOWS\SYSTEM32\WSOCK32.dll
0x00007ffda4b40000 - 0x00007ffda4bac000 	C:\WINDOWS\System32\WS2_32.dll
0x00007ffda0430000 - 0x00007ffda0453000 	C:\WINDOWS\SYSTEM32\WINMM.dll
0x00007ffd98450000 - 0x00007ffd9845a000 	C:\WINDOWS\SYSTEM32\VERSION.dll
0x00007ffda03d0000 - 0x00007ffda03fa000 	C:\WINDOWS\SYSTEM32\WINMMBASE.dll
0x00007ffda3470000 - 0x00007ffda34ba000 	C:\WINDOWS\System32\cfgmgr32.dll
0x00007ffd7a530000 - 0x00007ffd7a53f000 	C:\Program Files\Android\Android Studio\jre\jre\bin\verify.dll
0x00007ffd69130000 - 0x00007ffd69159000 	C:\Program Files\Android\Android Studio\jre\jre\bin\java.dll
0x00007ffd68af0000 - 0x00007ffd68b06000 	C:\Program Files\Android\Android Studio\jre\jre\bin\zip.dll
0x00007ffda4f00000 - 0x00007ffda6338000 	C:\WINDOWS\System32\SHELL32.dll
0x00007ffda4df0000 - 0x00007ffda4e96000 	C:\WINDOWS\System32\shcore.dll
0x00007ffda3580000 - 0x00007ffda3cc7000 	C:\WINDOWS\System32\windows.storage.dll
0x00007ffda4ea0000 - 0x00007ffda4ef1000 	C:\WINDOWS\System32\shlwapi.dll
0x00007ffda2e40000 - 0x00007ffda2e51000 	C:\WINDOWS\System32\kernel.appcore.dll
0x00007ffda2dd0000 - 0x00007ffda2e1c000 	C:\WINDOWS\System32\powrprof.dll
0x00007ffda2e20000 - 0x00007ffda2e3b000 	C:\WINDOWS\System32\profapi.dll
0x00007ffd689f0000 - 0x00007ffd68a0a000 	C:\Program Files\Android\Android Studio\jre\jre\bin\net.dll
0x00007ffda2660000 - 0x00007ffda26c6000 	C:\WINDOWS\system32\mswsock.dll
0x00007ffd68810000 - 0x00007ffd68821000 	C:\Program Files\Android\Android Studio\jre\jre\bin\nio.dll
0x00007ffd789e0000 - 0x00007ffd789fe000 	C:\Users\Septima\.gradle\native\25\windows-amd64\native-platform.dll
0x00007ffd7a520000 - 0x00007ffd7a52d000 	C:\Program Files\Android\Android Studio\jre\jre\bin\management.dll
0x00007ffda2820000 - 0x00007ffda2837000 	C:\WINDOWS\SYSTEM32\CRYPTSP.dll
0x00007ffda2260000 - 0x00007ffda2293000 	C:\WINDOWS\system32\rsaenh.dll
0x00007ffda2930000 - 0x00007ffda2955000 	C:\WINDOWS\SYSTEM32\bcrypt.dll
0x00007ffda2cd0000 - 0x00007ffda2cf9000 	C:\WINDOWS\SYSTEM32\USERENV.dll
0x00007ffda2840000 - 0x00007ffda284b000 	C:\WINDOWS\SYSTEM32\CRYPTBASE.dll
0x00007ffda23f0000 - 0x00007ffda2429000 	C:\WINDOWS\SYSTEM32\IPHLPAPI.DLL
0x00007ffda69e0000 - 0x00007ffda69e8000 	C:\WINDOWS\System32\NSI.dll
0x00007ffd98ff0000 - 0x00007ffd99006000 	C:\WINDOWS\SYSTEM32\dhcpcsvc6.DLL
0x00007ffd98fd0000 - 0x00007ffd98fea000 	C:\WINDOWS\SYSTEM32\dhcpcsvc.DLL

VM Arguments:
jvm_args: -Xmx1536m -Dfile.encoding=windows-1252 -Duser.country=US -Duser.language=en -Duser.variant 
java_command: org.gradle.launcher.daemon.bootstrap.GradleDaemon 4.4
java_class_path (initial): C:\Users\Septima\.gradle\wrapper\dists\gradle-4.4-all\9br9xq1tocpiv8o6njlyu5op1\gradle-4.4\lib\gradle-launcher-4.4.jar
Launcher Type: SUN_STANDARD

Environment Variables:
PATH=C:\Program Files\Microsoft MPI\Bin\;C:\Program Files\Docker\Docker\Resources\bin;C:\ProgramData\Oracle\Java\javapath;C:\Windows\system32;C:\Windows;C:\Windows\System32\Wbem;C:\Windows\System32\WindowsPowerShell\v1.0\;C:\Program Files (x86)\NVIDIA Corporation\PhysX\Common;C:\MinGW\bin;;C:\WINDOWS\system32;C:\WINDOWS;C:\WINDOWS\System32\Wbem;C:\WINDOWS\System32\WindowsPowerShell\v1.0\;C:\Program Files (x86)\Microsoft SQL Server\130\Tools\Binn\;C:\Program Files\Microsoft SQL Server\130\Tools\Binn\;C:\Program Files (x86)\Microsoft SQL Server\130\DTS\Binn\;C:\Program Files\Microsoft SQL Server\130\DTS\Binn\;C:\Program Files\Microsoft SQL Server\Client SDK\ODBC\130\Tools\Binn\;C:\Program Files (x86)\Microsoft SQL Server\Client SDK\ODBC\130\Tools\Binn\;C:\Program Files (x86)\Microsoft SQL Server\140\Tools\Binn\;C:\Program Files (x86)\Microsoft SQL Server\140\DTS\Binn\;C:\Program Files (x86)\Microsoft SQL Server\140\Tools\Binn\ManagementStudio\;C:\Program Files (x86)\Microsoft SQL Server\110\DTS\Binn\;C:\Program Files (x86)\Microsoft SQL Server\120\DTS\Binn\;C:\Program Files (x86)\Microsoft SQL Server\120\Tools\Binn\ManagementStudio\;C:\Program Files (x86)\Microsoft SQL Server\120\Tools\Binn\;C:\Program Files (x86)\Microsoft Visual Studio 12.0\Common7\IDE\PrivateAssemblies\;C:\Users\Septima\AppData\Local\Programs\Python\Python36-32\Scripts\;C:\Users\Septima\AppData\Local\Programs\Python\Python36-32\;C:\Users\Septima\AppData\Local\Microsoft\WindowsApps;C:\Program Files\Microsoft VS Code\bin;C:\Users\Septima\AppData\Local\atom\bin;C:\Users\Septima\AppData\Local\NASM;C:\Users\Septima\Anaconda2;
USERNAME=Septima
OS=Windows_NT
PROCESSOR_IDENTIFIER=Intel64 Family 6 Model 78 Stepping 3, GenuineIntel



---------------  S Y S T E M  ---------------

OS: Windows 10.0 , 64 bit Build 16299 (10.0.16299.431)

CPU:total 4 (initial active 4) (2 cores per cpu, 2 threads per core) family 6 model 78 stepping 3, cmov, cx8, fxsr, mmx, sse, sse2, sse3, ssse3, sse4.1, sse4.2, popcnt, avx, avx2, aes, clmul, erms, 3dnowpref, lzcnt, ht, tsc, tscinvbit, bmi1, bmi2, adx

Memory: 4k page, physical 8279168k(1032476k free), swap 8279168k(6048k free)

vm_info: OpenJDK 64-Bit Server VM (25.152-b02) for windows-amd64 JRE (1.8.0_152-release-1024-b02), built by "builder" with MS VC++ 10.0 (VS2010)

time: Wed May 23 21:27:47 2018
elapsed time: 17 seconds (0d 0h 0m 17s)

