#
# There is insufficient memory for the Java Runtime Environment to continue.
# Native memory allocation (malloc) failed to allocate 1027696 bytes for Chunk::new
# Possible reasons:
#   The system is out of physical RAM or swap space
#   In 32 bit mode, the process size limit was hit
# Possible solutions:
#   Reduce memory load on the system
#   Increase physical memory or swap space
#   Check if swap backing store is full
#   Use 64 bit Java on a 64 bit OS
#   Decrease Java heap size (-Xmx/-Xms)
#   Decrease number of Java threads
#   Decrease Java thread stack sizes (-Xss)
#   Set larger code cache with -XX:ReservedCodeCacheSize=
# This output file may be truncated or incomplete.
#
#  Out of Memory Error (allocation.cpp:390), pid=4700, tid=0x0000000000000cc0
#
# JRE version: OpenJDK Runtime Environment (8.0_152-b02) (build 1.8.0_152-release-1024-b02)
# Java VM: OpenJDK 64-Bit Server VM (25.152-b02 mixed mode windows-amd64 compressed oops)
# Failed to write core dump. Minidumps are not enabled by default on client versions of Windows
#

---------------  T H R E A D  ---------------

Current thread (0x000000001868b000):  JavaThread "C2 CompilerThread1" daemon [_thread_in_native, id=3264, stack(0x0000000019e70000,0x0000000019f70000)]

Stack: [0x0000000019e70000,0x0000000019f70000]
[error occurred during error reporting (printing stack bounds), id 0xc0000005]

Native frames: (J=compiled Java code, j=interpreted, Vv=VM code, C=native code)


Current CompileTask:
C2:  14377 5220       4       org.jetbrains.kotlin.load.kotlin.TypeSignatureMappingKt::mapType (749 bytes)


---------------  P R O C E S S  ---------------

Java Threads: ( => current thread )
  0x000000001a83b000 JavaThread "RMI RenewClean-[localhost:52522,org.jetbrains.kotlin.daemon.common.LoopbackNetworkInterface$ClientLoopbackSocketFactory@66b585f8]" daemon [_thread_blocked, id=5672, stack(0x000000001bcf0000,0x000000001bdf0000)]
  0x000000001a82e000 JavaThread "RMI TCP Connection(2)-127.0.0.1" daemon [_thread_blocked, id=12320, stack(0x000000001bbf0000,0x000000001bcf0000)]
  0x000000001a829000 JavaThread "RMI Scheduler(0)" daemon [_thread_blocked, id=10736, stack(0x000000001baf0000,0x000000001bbf0000)]
  0x000000001a784000 JavaThread "RMI TCP Connection(1)-127.0.0.1" daemon [_thread_in_native, id=10940, stack(0x000000001b9f0000,0x000000001baf0000)]
  0x0000000004bc2800 JavaThread "DestroyJavaVM" [_thread_blocked, id=11964, stack(0x00000000049d0000,0x0000000004ad0000)]
  0x000000001a783000 JavaThread "GC Daemon" daemon [_thread_blocked, id=5532, stack(0x000000001b5b0000,0x000000001b6b0000)]
  0x000000001a782000 JavaThread "RMI Reaper" [_thread_blocked, id=5984, stack(0x000000001b4b0000,0x000000001b5b0000)]
  0x000000001a770800 JavaThread "Timer-0" daemon [_thread_blocked, id=13284, stack(0x000000001b2b0000,0x000000001b3b0000)]
  0x000000001a793000 JavaThread "RMI TCP Accept-17228" daemon [_thread_in_native, id=12964, stack(0x000000001b1b0000,0x000000001b2b0000)]
  0x0000000019f7a000 JavaThread "Service Thread" daemon [_thread_blocked, id=8956, stack(0x000000001a470000,0x000000001a570000)]
  0x000000001868e800 JavaThread "C1 CompilerThread2" daemon [_thread_blocked, id=11196, stack(0x000000001a370000,0x000000001a470000)]
=>0x000000001868b000 JavaThread "C2 CompilerThread1" daemon [_thread_in_native, id=3264, stack(0x0000000019e70000,0x0000000019f70000)]
  0x000000001862d000 JavaThread "C2 CompilerThread0" daemon [_thread_in_native, id=12492, stack(0x0000000019d70000,0x0000000019e70000)]
  0x000000001862c000 JavaThread "Attach Listener" daemon [_thread_blocked, id=10888, stack(0x0000000019c70000,0x0000000019d70000)]
  0x000000001862b000 JavaThread "Signal Dispatcher" daemon [_thread_blocked, id=10632, stack(0x0000000019b70000,0x0000000019c70000)]
  0x000000001861e000 JavaThread "Finalizer" daemon [_thread_blocked, id=9564, stack(0x0000000019880000,0x0000000019980000)]
  0x0000000004cb5000 JavaThread "Reference Handler" daemon [_thread_blocked, id=7964, stack(0x0000000019780000,0x0000000019880000)]

Other Threads:
  0x00000000185f5800 VMThread [stack: 0x0000000019680000,0x0000000019780000] [id=12724]
  0x0000000019f7c000 WatcherThread [stack: 0x000000001a570000,0x000000001a670000] [id=4596]

VM state:at safepoint (normal execution)

VM Mutex/Monitor currently owned by a thread:  ([mutex/lock_event])
[0x0000000004afe2b0] Threads_lock - owner thread: 0x00000000185f5800
[0x0000000004afe230] Heap_lock - owner thread: 0x000000001a82e000

Heap:
 PSYoungGen      total 66048K, used 66042K [0x00000000e0000000, 0x00000000e6c80000, 0x0000000100000000)
  eden space 48128K, 100% used [0x00000000e0000000,0x00000000e2f00000,0x00000000e2f00000)
  from space 17920K, 99% used [0x00000000e2f00000,0x00000000e407e888,0x00000000e4080000)
  to   space 23552K, 70% used [0x00000000e5580000,0x00000000e659ad18,0x00000000e6c80000)
 ParOldGen       total 120320K, used 25376K [0x00000000a0000000, 0x00000000a7580000, 0x00000000e0000000)
  object space 120320K, 21% used [0x00000000a0000000,0x00000000a18c81f8,0x00000000a7580000)
 Metaspace       used 47731K, capacity 48540K, committed 49024K, reserved 1091584K
  class space    used 5992K, capacity 6186K, committed 6272K, reserved 1048576K

Card table byte_map: [0x0000000014080000,0x0000000014390000] byte_map_base: 0x0000000013b80000

Marking Bits: (ParMarkBitMap*) 0x00000000621f4970
 Begin Bits: [0x0000000014990000, 0x0000000016190000)
 End Bits:   [0x0000000016190000, 0x0000000017990000)

Polling page: 0x0000000000df0000

CodeCache: size=245760Kb used=17655Kb max_used=17655Kb free=228104Kb
 bounds [0x0000000004cc0000, 0x0000000005e10000, 0x0000000013cc0000]
 total_blobs=5650 nmethods=5149 adapters=413
 compilation: enabled

Compilation events (10 events):
Event: 14.311 Thread 0x000000001868e800 5323       3       org.jetbrains.kotlin.load.kotlin.JvmDescriptorTypeWriter::writeArrayType (23 bytes)
Event: 14.312 Thread 0x000000001868e800 nmethod 5323 0x0000000005dea450 code [0x0000000005dea5a0, 0x0000000005dea730]
Event: 14.313 Thread 0x000000001868e800 5324       3       org.jetbrains.kotlin.load.kotlin.JvmDescriptorTypeWriter::writeArrayEnd (1 bytes)
Event: 14.314 Thread 0x000000001868e800 nmethod 5324 0x0000000005e01d90 code [0x0000000005e01ee0, 0x0000000005e02030]
Event: 14.314 Thread 0x000000001868e800 5325       3       org.jetbrains.kotlin.load.kotlin.TypeMappingMode::toGenericArgumentMode (86 bytes)
Event: 14.314 Thread 0x000000001868e800 nmethod 5325 0x0000000005e036d0 code [0x0000000005e03860, 0x0000000005e03cc8]
Event: 14.319 Thread 0x000000001868e800 5327       3       org.jetbrains.kotlin.descriptors.annotations.Annotations$Companion::findAnyAnnotation (86 bytes)
Event: 14.319 Thread 0x000000001868e800 nmethod 5327 0x0000000005e09c90 code [0x0000000005e09ec0, 0x0000000005e0aa38]
Event: 14.344 Thread 0x000000001868e800 5330       3       org.jetbrains.kotlin.codegen.state.KotlinTypeMapper$1::getPredefinedInternalNameForClass (19 bytes)
Event: 14.344 Thread 0x000000001868e800 nmethod 5330 0x0000000005e02dd0 code [0x0000000005e02f80, 0x0000000005e03498]

GC Heap History (10 events):
Event: 9.566 GC heap before
{Heap before GC invocations=8 (full 2):
 PSYoungGen      total 38400K, used 29998K [0x00000000e0000000, 0x00000000e3800000, 0x0000000100000000)
  eden space 33280K, 74% used [0x00000000e0000000,0x00000000e18508f0,0x00000000e2080000)
  from space 5120K, 99% used [0x00000000e2080000,0x00000000e257b178,0x00000000e2580000)
  to   space 5120K, 0% used [0x00000000e3300000,0x00000000e3300000,0x00000000e3800000)
 ParOldGen       total 72192K, used 20059K [0x00000000a0000000, 0x00000000a4680000, 0x00000000e0000000)
  object space 72192K, 27% used [0x00000000a0000000,0x00000000a1396f40,0x00000000a4680000)
 Metaspace       used 34712K, capacity 35192K, committed 35496K, reserved 1081344K
  class space    used 4440K, capacity 4580K, committed 4608K, reserved 1048576K
Event: 9.595 GC heap after
Heap after GC invocations=8 (full 2):
 PSYoungGen      total 41984K, used 5110K [0x00000000e0000000, 0x00000000e5100000, 0x0000000100000000)
  eden space 36864K, 0% used [0x00000000e0000000,0x00000000e0000000,0x00000000e2400000)
  from space 5120K, 99% used [0x00000000e3300000,0x00000000e37fdaa8,0x00000000e3800000)
  to   space 15360K, 0% used [0x00000000e2400000,0x00000000e2400000,0x00000000e3300000)
 ParOldGen       total 72192K, used 26207K [0x00000000a0000000, 0x00000000a4680000, 0x00000000e0000000)
  object space 72192K, 36% used [0x00000000a0000000,0x00000000a1997c58,0x00000000a4680000)
 Metaspace       used 34712K, capacity 35192K, committed 35496K, reserved 1081344K
  class space    used 4440K, capacity 4580K, committed 4608K, reserved 1048576K
}
Event: 9.595 GC heap before
{Heap before GC invocations=9 (full 3):
 PSYoungGen      total 41984K, used 5110K [0x00000000e0000000, 0x00000000e5100000, 0x0000000100000000)
  eden space 36864K, 0% used [0x00000000e0000000,0x00000000e0000000,0x00000000e2400000)
  from space 5120K, 99% used [0x00000000e3300000,0x00000000e37fdaa8,0x00000000e3800000)
  to   space 15360K, 0% used [0x00000000e2400000,0x00000000e2400000,0x00000000e3300000)
 ParOldGen       total 72192K, used 26207K [0x00000000a0000000, 0x00000000a4680000, 0x00000000e0000000)
  object space 72192K, 36% used [0x00000000a0000000,0x00000000a1997c58,0x00000000a4680000)
 Metaspace       used 34712K, capacity 35192K, committed 35496K, reserved 1081344K
  class space    used 4440K, capacity 4580K, committed 4608K, reserved 1048576K
Event: 9.740 GC heap after
Heap after GC invocations=9 (full 3):
 PSYoungGen      total 41984K, used 0K [0x00000000e0000000, 0x00000000e5100000, 0x0000000100000000)
  eden space 36864K, 0% used [0x00000000e0000000,0x00000000e0000000,0x00000000e2400000)
  from space 5120K, 0% used [0x00000000e3300000,0x00000000e3300000,0x00000000e3800000)
  to   space 15360K, 0% used [0x00000000e2400000,0x00000000e2400000,0x00000000e3300000)
 ParOldGen       total 120320K, used 16992K [0x00000000a0000000, 0x00000000a7580000, 0x00000000e0000000)
  object space 120320K, 14% used [0x00000000a0000000,0x00000000a10982f0,0x00000000a7580000)
 Metaspace       used 34712K, capacity 35192K, committed 35496K, reserved 1081344K
  class space    used 4440K, capacity 4580K, committed 4608K, reserved 1048576K
}
Event: 10.341 GC heap before
{Heap before GC invocations=10 (full 3):
 PSYoungGen      total 41984K, used 36864K [0x00000000e0000000, 0x00000000e5100000, 0x0000000100000000)
  eden space 36864K, 100% used [0x00000000e0000000,0x00000000e2400000,0x00000000e2400000)
  from space 5120K, 0% used [0x00000000e3300000,0x00000000e3300000,0x00000000e3800000)
  to   space 15360K, 0% used [0x00000000e2400000,0x00000000e2400000,0x00000000e3300000)
 ParOldGen       total 120320K, used 16992K [0x00000000a0000000, 0x00000000a7580000, 0x00000000e0000000)
  object space 120320K, 14% used [0x00000000a0000000,0x00000000a10982f0,0x00000000a7580000)
 Metaspace       used 36696K, capacity 37260K, committed 37544K, reserved 1081344K
  class space    used 4695K, capacity 4818K, committed 4864K, reserved 1048576K
Event: 10.355 GC heap after
Heap after GC invocations=10 (full 3):
 PSYoungGen      total 52224K, used 11238K [0x00000000e0000000, 0x00000000e5000000, 0x0000000100000000)
  eden space 36864K, 0% used [0x00000000e0000000,0x00000000e0000000,0x00000000e2400000)
  from space 15360K, 73% used [0x00000000e2400000,0x00000000e2ef98a8,0x00000000e3300000)
  to   space 15872K, 0% used [0x00000000e4080000,0x00000000e4080000,0x00000000e5000000)
 ParOldGen       total 120320K, used 17000K [0x00000000a0000000, 0x00000000a7580000, 0x00000000e0000000)
  object space 120320K, 14% used [0x00000000a0000000,0x00000000a109a2f0,0x00000000a7580000)
 Metaspace       used 36696K, capacity 37260K, committed 37544K, reserved 1081344K
  class space    used 4695K, capacity 4818K, committed 4864K, reserved 1048576K
}
Event: 11.510 GC heap before
{Heap before GC invocations=11 (full 3):
 PSYoungGen      total 52224K, used 48102K [0x00000000e0000000, 0x00000000e5000000, 0x0000000100000000)
  eden space 36864K, 100% used [0x00000000e0000000,0x00000000e2400000,0x00000000e2400000)
  from space 15360K, 73% used [0x00000000e2400000,0x00000000e2ef98a8,0x00000000e3300000)
  to   space 15872K, 0% used [0x00000000e4080000,0x00000000e4080000,0x00000000e5000000)
 ParOldGen       total 120320K, used 17000K [0x00000000a0000000, 0x00000000a7580000, 0x00000000e0000000)
  object space 120320K, 14% used [0x00000000a0000000,0x00000000a109a2f0,0x00000000a7580000)
 Metaspace       used 38319K, capacity 38944K, committed 39296K, reserved 1083392K
  class space    used 4815K, capacity 4960K, committed 4992K, reserved 1048576K
Event: 11.529 GC heap after
Heap after GC invocations=11 (full 3):
 PSYoungGen      total 64000K, used 15289K [0x00000000e0000000, 0x00000000e5380000, 0x0000000100000000)
  eden space 48128K, 0% used [0x00000000e0000000,0x00000000e0000000,0x00000000e2f00000)
  from space 15872K, 96% used [0x00000000e4080000,0x00000000e4f6e720,0x00000000e5000000)
  to   space 17920K, 0% used [0x00000000e2f00000,0x00000000e2f00000,0x00000000e4080000)
 ParOldGen       total 120320K, used 17008K [0x00000000a0000000, 0x00000000a7580000, 0x00000000e0000000)
  object space 120320K, 14% used [0x00000000a0000000,0x00000000a109c2f0,0x00000000a7580000)
 Metaspace       used 38319K, capacity 38944K, committed 39296K, reserved 1083392K
  class space    used 4815K, capacity 4960K, committed 4992K, reserved 1048576K
}
Event: 13.257 GC heap before
{Heap before GC invocations=12 (full 3):
 PSYoungGen      total 64000K, used 63417K [0x00000000e0000000, 0x00000000e5380000, 0x0000000100000000)
  eden space 48128K, 100% used [0x00000000e0000000,0x00000000e2f00000,0x00000000e2f00000)
  from space 15872K, 96% used [0x00000000e4080000,0x00000000e4f6e720,0x00000000e5000000)
  to   space 17920K, 0% used [0x00000000e2f00000,0x00000000e2f00000,0x00000000e4080000)
 ParOldGen       total 120320K, used 17008K [0x00000000a0000000, 0x00000000a7580000, 0x00000000e0000000)
  object space 120320K, 14% used [0x00000000a0000000,0x00000000a109c2f0,0x00000000a7580000)
 Metaspace       used 44738K, capacity 45452K, committed 45824K, reserved 1089536K
  class space    used 5733K, capacity 5888K, committed 5888K, reserved 1048576K
Event: 13.281 GC heap after
Heap after GC invocations=12 (full 3):
 PSYoungGen      total 66048K, used 17914K [0x00000000e0000000, 0x00000000e6c80000, 0x0000000100000000)
  eden space 48128K, 0% used [0x00000000e0000000,0x00000000e0000000,0x00000000e2f00000)
  from space 17920K, 99% used [0x00000000e2f00000,0x00000000e407e888,0x00000000e4080000)
  to   space 23552K, 0% used [0x00000000e5580000,0x00000000e5580000,0x00000000e6c80000)
 ParOldGen       total 120320K, used 25376K [0x00000000a0000000, 0x00000000a7580000, 0x00000000e0000000)
  object space 120320K, 21% used [0x00000000a0000000,0x00000000a18c81f8,0x00000000a7580000)
 Metaspace       used 44738K, capacity 45452K, committed 45824K, reserved 1089536K
  class space    used 5733K, capacity 5888K, committed 5888K, reserved 1048576K
}

Deoptimization events (10 events):
Event: 13.698 Thread 0x000000001a82e000 Uncommon trap: reason=bimorphic action=maybe_recompile pc=0x0000000005c8e9f0 method=org.jetbrains.kotlin.resolve.calls.callResolverUtil.CallResolverUtilKt.isOrOverridesSynthesized(Lorg/jetbrains/kotlin/descriptors/CallableMemberDescriptor;)Z @ 8
Event: 13.698 Thread 0x000000001a82e000 Uncommon trap: reason=bimorphic action=maybe_recompile pc=0x0000000005c99c60 method=org.jetbrains.kotlin.resolve.OverridingUtil.collectOverriddenDeclarations(Lorg/jetbrains/kotlin/descriptors/CallableMemberDescriptor;Ljava/util/Set;)V @ 1
Event: 13.698 Thread 0x000000001a82e000 Uncommon trap: reason=bimorphic action=maybe_recompile pc=0x0000000005c99c60 method=org.jetbrains.kotlin.resolve.OverridingUtil.collectOverriddenDeclarations(Lorg/jetbrains/kotlin/descriptors/CallableMemberDescriptor;Ljava/util/Set;)V @ 1
Event: 13.698 Thread 0x000000001a82e000 Uncommon trap: reason=bimorphic action=maybe_recompile pc=0x0000000005c8e9f0 method=org.jetbrains.kotlin.resolve.calls.callResolverUtil.CallResolverUtilKt.isOrOverridesSynthesized(Lorg/jetbrains/kotlin/descriptors/CallableMemberDescriptor;)Z @ 8
Event: 13.698 Thread 0x000000001a82e000 Uncommon trap: reason=bimorphic action=maybe_recompile pc=0x0000000005c8e9f0 method=org.jetbrains.kotlin.resolve.calls.callResolverUtil.CallResolverUtilKt.isOrOverridesSynthesized(Lorg/jetbrains/kotlin/descriptors/CallableMemberDescriptor;)Z @ 8
Event: 13.698 Thread 0x000000001a82e000 Uncommon trap: reason=bimorphic action=maybe_recompile pc=0x0000000005c99c60 method=org.jetbrains.kotlin.resolve.OverridingUtil.collectOverriddenDeclarations(Lorg/jetbrains/kotlin/descriptors/CallableMemberDescriptor;Ljava/util/Set;)V @ 1
Event: 13.698 Thread 0x000000001a82e000 Uncommon trap: reason=bimorphic action=maybe_recompile pc=0x0000000005c99c60 method=org.jetbrains.kotlin.resolve.OverridingUtil.collectOverriddenDeclarations(Lorg/jetbrains/kotlin/descriptors/CallableMemberDescriptor;Ljava/util/Set;)V @ 1
Event: 13.705 Thread 0x000000001a82e000 Uncommon trap: reason=class_check action=maybe_recompile pc=0x000000000597f03c method=org.jetbrains.kotlin.serialization.deserialization.descriptors.DeserializedMemberScope.getContributedClassifier(Lorg/jetbrains/kotlin/name/Name;Lorg/jetbrains/kotlin/inc
Event: 13.705 Thread 0x000000001a82e000 Uncommon trap: reason=class_check action=maybe_recompile pc=0x000000000597f03c method=org.jetbrains.kotlin.serialization.deserialization.descriptors.DeserializedMemberScope.getContributedClassifier(Lorg/jetbrains/kotlin/name/Name;Lorg/jetbrains/kotlin/inc
Event: 13.783 Thread 0x000000001a82e000 Uncommon trap: reason=class_check action=maybe_recompile pc=0x000000000540d100 method=org.jetbrains.kotlin.protobuf.CodedOutputStream.refreshBuffer()V @ 28

Classes redefined (0 events):
No events

Internal exceptions (10 events):
Event: 12.838 Thread 0x000000001a82e000 Exception <a 'java/lang/NoSuchMethodError': java.lang.Object.lambda$static$0(I)[Lorg/jetbrains/kotlin/com/intellij/psi/PsiMethod;> (0x00000000e1fc6890) thrown at [D:\src\AOSP-openjdk-cygwin\jdk8u\hotspot\src\share\vm\interpreter\linkResolver.cpp, line 584
Event: 12.840 Thread 0x000000001a82e000 Exception <a 'java/lang/NoSuchMethodError': java.lang.Object.lambda$static$0(I)[Lorg/jetbrains/kotlin/com/intellij/psi/PsiField;> (0x00000000e1fd1808) thrown at [D:\src\AOSP-openjdk-cygwin\jdk8u\hotspot\src\share\vm\interpreter\linkResolver.cpp, line 584]
Event: 12.868 Thread 0x000000001a82e000 Exception <a 'java/lang/NoSuchMethodError': java.lang.Object.lambda$static$0(I)[Lorg/jetbrains/kotlin/com/intellij/psi/PsiJavaCodeReferenceElement;> (0x00000000e20aff50) thrown at [D:\src\AOSP-openjdk-cygwin\jdk8u\hotspot\src\share\vm\interpreter\linkReso
Event: 13.039 Thread 0x000000001a82e000 Implicit null exception at 0x0000000004f2ab15 to 0x0000000004f2ace5
Event: 13.066 Thread 0x000000001a82e000 Implicit null exception at 0x00000000055de723 to 0x00000000055deae9
Event: 13.066 Thread 0x000000001a82e000 Implicit null exception at 0x00000000054d88a9 to 0x00000000054d8c09
Event: 13.067 Thread 0x000000001a82e000 Implicit null exception at 0x00000000054ae54c to 0x00000000054ae5b6
Event: 13.233 Thread 0x000000001a82e000 Exception <a 'java/lang/NoSuchMethodError': java.lang.Object.lambda$static$0(Ljava/lang/Throwable;Ljava/lang/String;)V> (0x00000000e2df0180) thrown at [D:\src\AOSP-openjdk-cygwin\jdk8u\hotspot\src\share\vm\interpreter\linkResolver.cpp, line 584]
Event: 13.450 Thread 0x000000001a82e000 Exception <a 'java/lang/NoSuchMethodError': java.lang.Object.lambda$static$0(Lorg/jetbrains/kotlin/descriptors/ValueParameterDescriptor;Lorg/jetbrains/kotlin/codegen/ExpressionCodegen;)Lorg/jetbrains/kotlin/codegen/StackValue;> (0x00000000e073a460) thrown
Event: 13.605 Thread 0x000000001a82e000 Implicit null exception at 0x00000000050719fb to 0x0000000005072045

Events (10 events):
Event: 14.009 loading class org/jetbrains/kotlin/codegen/state/BuilderFactoryForDuplicateSignatureDiagnosticsKt
Event: 14.009 loading class org/jetbrains/kotlin/codegen/state/BuilderFactoryForDuplicateSignatureDiagnosticsKt done
Event: 14.010 loading class org/jetbrains/kotlin/codegen/state/BuilderFactoryForDuplicateSignatureDiagnostics$groupMembersDescriptorsBySignature$1
Event: 14.010 loading class org/jetbrains/kotlin/codegen/state/BuilderFactoryForDuplicateSignatureDiagnostics$groupMembersDescriptorsBySignature$1 done
Event: 14.011 loading class org/jetbrains/kotlin/resolve/descriptorUtil/DescriptorUtilsKt$overriddenTreeUniqueAsSequence$1
Event: 14.011 loading class org/jetbrains/kotlin/resolve/descriptorUtil/DescriptorUtilsKt$overriddenTreeUniqueAsSequence$1 done
Event: 14.011 loading class org/jetbrains/kotlin/resolve/descriptorUtil/DescriptorUtilsKt$overriddenTreeUniqueAsSequence$1$doBuildOverriddenTreeAsSequence$$inlined$with$lambda$1
Event: 14.011 loading class org/jetbrains/kotlin/resolve/descriptorUtil/DescriptorUtilsKt$overriddenTreeUniqueAsSequence$1$doBuildOverriddenTreeAsSequence$$inlined$with$lambda$1 done
Event: 14.087 Executing VM operation: ForceSafepoint
Event: 14.087 Executing VM operation: ForceSafepoint done


Dynamic libraries:
0x00007ff7106d0000 - 0x00007ff710701000 	C:\Program Files\Android\Android Studio\jre\jre\bin\java.exe
0x00007ffda6a80000 - 0x00007ffda6c60000 	C:\WINDOWS\SYSTEM32\ntdll.dll
0x00007ffd97860000 - 0x00007ffd97894000 	C:\Program Files\AVAST Software\Avast\x64\aswhooka.dll
0x00007ffda4410000 - 0x00007ffda44be000 	C:\WINDOWS\System32\KERNEL32.DLL
0x00007ffda30a0000 - 0x00007ffda3306000 	C:\WINDOWS\System32\KERNELBASE.dll
0x00007ffda4920000 - 0x00007ffda49c1000 	C:\WINDOWS\System32\ADVAPI32.dll
0x00007ffda4bb0000 - 0x00007ffda4c4d000 	C:\WINDOWS\System32\msvcrt.dll
0x00007ffda4d60000 - 0x00007ffda4dbb000 	C:\WINDOWS\System32\sechost.dll
0x00007ffda6340000 - 0x00007ffda645f000 	C:\WINDOWS\System32\RPCRT4.dll
0x00007ffda6850000 - 0x00007ffda69df000 	C:\WINDOWS\System32\USER32.dll
0x00007ffda34c0000 - 0x00007ffda34e0000 	C:\WINDOWS\System32\win32u.dll
0x00007ffda4dc0000 - 0x00007ffda4de8000 	C:\WINDOWS\System32\GDI32.dll
0x00007ffda2e80000 - 0x00007ffda3013000 	C:\WINDOWS\System32\gdi32full.dll
0x00007ffda34e0000 - 0x00007ffda357b000 	C:\WINDOWS\System32\msvcp_win.dll
0x00007ffda3370000 - 0x00007ffda3466000 	C:\WINDOWS\System32\ucrtbase.dll
0x00007ffd96620000 - 0x00007ffd96889000 	C:\WINDOWS\WinSxS\amd64_microsoft.windows.common-controls_6595b64144ccf1df_6.0.16299.431_none_15c7d3ee93659e73\COMCTL32.dll
0x00007ffda3f50000 - 0x00007ffda4258000 	C:\WINDOWS\System32\combase.dll
0x00007ffda3020000 - 0x00007ffda3092000 	C:\WINDOWS\System32\bcryptPrimitives.dll
0x00007ffda4270000 - 0x00007ffda429d000 	C:\WINDOWS\System32\IMM32.DLL
0x0000000061950000 - 0x0000000061a22000 	C:\Program Files\Android\Android Studio\jre\jre\bin\msvcr100.dll
0x0000000061a30000 - 0x000000006226f000 	C:\Program Files\Android\Android Studio\jre\jre\bin\server\jvm.dll
0x00007ffda4260000 - 0x00007ffda4268000 	C:\WINDOWS\System32\PSAPI.DLL
0x00007ffda1950000 - 0x00007ffda1959000 	C:\WINDOWS\SYSTEM32\WSOCK32.dll
0x00007ffda4b40000 - 0x00007ffda4bac000 	C:\WINDOWS\System32\WS2_32.dll
0x00007ffda0430000 - 0x00007ffda0453000 	C:\WINDOWS\SYSTEM32\WINMM.dll
0x00007ffd98450000 - 0x00007ffd9845a000 	C:\WINDOWS\SYSTEM32\VERSION.dll
0x00007ffda03d0000 - 0x00007ffda03fa000 	C:\WINDOWS\SYSTEM32\WINMMBASE.dll
0x00007ffda3470000 - 0x00007ffda34ba000 	C:\WINDOWS\System32\cfgmgr32.dll
0x00007ffda02c0000 - 0x00007ffda02cf000 	C:\Program Files\Android\Android Studio\jre\jre\bin\verify.dll
0x00007ffd89520000 - 0x00007ffd89549000 	C:\Program Files\Android\Android Studio\jre\jre\bin\java.dll
0x00007ffd99e60000 - 0x00007ffd99e76000 	C:\Program Files\Android\Android Studio\jre\jre\bin\zip.dll
0x00007ffda4f00000 - 0x00007ffda6338000 	C:\WINDOWS\System32\SHELL32.dll
0x00007ffda4df0000 - 0x00007ffda4e96000 	C:\WINDOWS\System32\shcore.dll
0x00007ffda3580000 - 0x00007ffda3cc7000 	C:\WINDOWS\System32\windows.storage.dll
0x00007ffda4ea0000 - 0x00007ffda4ef1000 	C:\WINDOWS\System32\shlwapi.dll
0x00007ffda2e40000 - 0x00007ffda2e51000 	C:\WINDOWS\System32\kernel.appcore.dll
0x00007ffda2dd0000 - 0x00007ffda2e1c000 	C:\WINDOWS\System32\powrprof.dll
0x00007ffda2e20000 - 0x00007ffda2e3b000 	C:\WINDOWS\System32\profapi.dll
0x00007ffda0010000 - 0x00007ffda001d000 	C:\Program Files\Android\Android Studio\jre\jre\bin\management.dll
0x00007ffd92d60000 - 0x00007ffd92d7a000 	C:\Program Files\Android\Android Studio\jre\jre\bin\net.dll
0x00007ffda2660000 - 0x00007ffda26c6000 	C:\WINDOWS\system32\mswsock.dll
0x00007ffd8a000000 - 0x00007ffd8a011000 	C:\Program Files\Android\Android Studio\jre\jre\bin\nio.dll
0x00007ffda2820000 - 0x00007ffda2837000 	C:\WINDOWS\SYSTEM32\CRYPTSP.dll
0x00007ffda2260000 - 0x00007ffda2293000 	C:\WINDOWS\system32\rsaenh.dll
0x00007ffda2930000 - 0x00007ffda2955000 	C:\WINDOWS\SYSTEM32\bcrypt.dll
0x00007ffda2cd0000 - 0x00007ffda2cf9000 	C:\WINDOWS\SYSTEM32\USERENV.dll
0x00007ffda2840000 - 0x00007ffda284b000 	C:\WINDOWS\SYSTEM32\CRYPTBASE.dll
0x00007ffda23f0000 - 0x00007ffda2429000 	C:\WINDOWS\SYSTEM32\IPHLPAPI.DLL
0x00007ffda69e0000 - 0x00007ffda69e8000 	C:\WINDOWS\System32\NSI.dll
0x00007ffd98ff0000 - 0x00007ffd99006000 	C:\WINDOWS\SYSTEM32\dhcpcsvc6.DLL
0x00007ffd98fd0000 - 0x00007ffd98fea000 	C:\WINDOWS\SYSTEM32\dhcpcsvc.DLL

VM Arguments:
jvm_args: -Djava.awt.headless=true -Djava.rmi.server.hostname=localhost -Xmx1536m -Dkotlin.environment.keepalive 
java_command: org.jetbrains.kotlin.daemon.KotlinCompileDaemon --daemon-runFilesPath C:\Users\Septima\AppData\Local\kotlin\daemon --daemon-autoshutdownIdleSeconds=7200 --daemon-compilerClasspath C:\Users\Septima\.gradle\caches\modules-2\files-2.1\org.jetbrains.kotlin\kotlin-compiler-embeddable\1.2.20\27671864206ef5bd946972619ed4ac4ae1397b2\kotlin-compiler-embeddable-1.2.20.jar;C:\Users\Septima\.gradle\caches\modules-2\files-2.1\org.jetbrains.kotlin\kotlin-stdlib\1.2.20\1ce9e25c74aade0aa039cce459f2906a8c8ffc8e\kotlin-stdlib-1.2.20.jar;C:\Users\Septima\.gradle\caches\modules-2\files-2.1\org.jetbrains.kotlin\kotlin-script-runtime\1.2.20\5aace4d747ac901b2235cd5bd9970b87508389a0\kotlin-script-runtime-1.2.20.jar;C:\Users\Septima\.gradle\caches\modules-2\files-2.1\org.jetbrains.kotlin\kotlin-reflect\1.2.20\f6f78911d9abbc803697a9030962258d9bda49b3\kotlin-reflect-1.2.20.jar;C:\Program Files\Android\Android Studio\jre\lib\tools.jar
java_class_path (initial): C:\Users\Septima\.gradle\caches\modules-2\files-2.1\org.jetbrains.kotlin\kotlin-compiler-embeddable\1.2.20\27671864206ef5bd946972619ed4ac4ae1397b2\kotlin-compiler-embeddable-1.2.20.jar;C:\Users\Septima\.gradle\caches\modules-2\files-2.1\org.jetbrains.kotlin\kotlin-stdlib\1.2.20\1ce9e25c74aade0aa039cce459f2906a8c8ffc8e\kotlin-stdlib-1.2.20.jar;C:\Users\Septima\.gradle\caches\modules-2\files-2.1\org.jetbrains.kotlin\kotlin-script-runtime\1.2.20\5aace4d747ac901b2235cd5bd9970b87508389a0\kotlin-script-runtime-1.2.20.jar;C:\Users\Septima\.gradle\caches\modules-2\files-2.1\org.jetbrains.kotlin\kotlin-reflect\1.2.20\f6f78911d9abbc803697a9030962258d9bda49b3\kotlin-reflect-1.2.20.jar;C:\Program Files\Android\Android Studio\jre\lib\tools.jar
Launcher Type: SUN_STANDARD

Environment Variables:
PATH=C:\Program Files\Microsoft MPI\Bin\;C:\ProgramData\Oracle\Java\javapath;C:\Windows\system32;C:\Windows;C:\Windows\System32\Wbem;C:\Windows\System32\WindowsPowerShell\v1.0\;C:\Program Files (x86)\NVIDIA Corporation\PhysX\Common;C:\MinGW\bin;;C:\WINDOWS\system32;C:\WINDOWS;C:\WINDOWS\System32\Wbem;C:\WINDOWS\System32\WindowsPowerShell\v1.0\;C:\Program Files (x86)\Microsoft SQL Server\130\Tools\Binn\;C:\Program Files\Microsoft SQL Server\130\Tools\Binn\;C:\Program Files (x86)\Microsoft SQL Server\130\DTS\Binn\;C:\Program Files\Microsoft SQL Server\130\DTS\Binn\;C:\Program Files\Microsoft SQL Server\Client SDK\ODBC\130\Tools\Binn\;C:\Program Files (x86)\Microsoft SQL Server\Client SDK\ODBC\130\Tools\Binn\;C:\Program Files (x86)\Microsoft SQL Server\140\Tools\Binn\;C:\Program Files (x86)\Microsoft SQL Server\140\DTS\Binn\;C:\Program Files (x86)\Microsoft SQL Server\140\Tools\Binn\ManagementStudio\;C:\Program Files (x86)\Microsoft SQL Server\110\DTS\Binn\;C:\Program Files (x86)\Microsoft SQL Server\120\DTS\Binn\;C:\Program Files (x86)\Microsoft SQL Server\120\Tools\Binn\ManagementStudio\;C:\Program Files (x86)\Microsoft SQL Server\120\Tools\Binn\;C:\Program Files (x86)\Microsoft Visual Studio 12.0\Common7\IDE\PrivateAssemblies\;C:\Users\Septima\AppData\Local\Programs\Python\Python36-32\Scripts\;C:\Users\Septima\AppData\Local\Programs\Python\Python36-32\;C:\Users\Septima\AppData\Local\Microsoft\WindowsApps;C:\Users\Septima\AppData\Local\atom\bin;C:\Users\Septima\AppData\Local\NASM;C:\Users\Septima\Anaconda2
USERNAME=Septima
OS=Windows_NT
PROCESSOR_IDENTIFIER=Intel64 Family 6 Model 78 Stepping 3, GenuineIntel



---------------  S Y S T E M  ---------------

OS: Windows 10.0 , 64 bit Build 16299 (10.0.16299.431)

CPU:total 4 (initial active 4) (2 cores per cpu, 2 threads per core) family 6 model 78 stepping 3, cmov, cx8, fxsr, mmx, sse, sse2, sse3, ssse3, sse4.1, sse4.2, popcnt, avx, avx2, aes, clmul, erms, 3dnowpref, lzcnt, ht, tsc, tscinvbit, bmi1, bmi2, adx

Memory: 4k page, physical 8279168k(1383388k free), swap 8279168k(9696k free)

vm_info: OpenJDK 64-Bit Server VM (25.152-b02) for windows-amd64 JRE (1.8.0_152-release-1024-b02), built by "builder" with MS VC++ 10.0 (VS2010)

time: Wed May 23 22:15:57 2018
elapsed time: 14 seconds (0d 0h 0m 14s)

