#
# There is insufficient memory for the Java Runtime Environment to continue.
# Native memory allocation (malloc) failed to allocate 1407696 bytes for Chunk::new
# Possible reasons:
#   The system is out of physical RAM or swap space
#   In 32 bit mode, the process size limit was hit
# Possible solutions:
#   Reduce memory load on the system
#   Increase physical memory or swap space
#   Check if swap backing store is full
#   Use 64 bit Java on a 64 bit OS
#   Decrease Java heap size (-Xmx/-Xms)
#   Decrease number of Java threads
#   Decrease Java thread stack sizes (-Xss)
#   Set larger code cache with -XX:ReservedCodeCacheSize=
# This output file may be truncated or incomplete.
#
#  Out of Memory Error (allocation.cpp:390), pid=10404, tid=0x0000000000002a54
#
# JRE version: OpenJDK Runtime Environment (8.0_152-b02) (build 1.8.0_152-release-1024-b02)
# Java VM: OpenJDK 64-Bit Server VM (25.152-b02 mixed mode windows-amd64 compressed oops)
# Failed to write core dump. Minidumps are not enabled by default on client versions of Windows
#

---------------  T H R E A D  ---------------

Current thread (0x0000000017ede800):  JavaThread "C2 CompilerThread0" daemon [_thread_in_native, id=10836, stack(0x0000000019630000,0x0000000019730000)]

Stack: [0x0000000019630000,0x0000000019730000]
[error occurred during error reporting (printing stack bounds), id 0xc0000005]

Native frames: (J=compiled Java code, j=interpreted, Vv=VM code, C=native code)


Current CompileTask:
C2:  14645 4991       4       java.lang.Class::privateGetMethodRecursive (130 bytes)


---------------  P R O C E S S  ---------------

Java Threads: ( => current thread )
  0x000000001ff17000 JavaThread "Memory manager" [_thread_blocked, id=10316, stack(0x0000000022670000,0x0000000022770000)]
  0x000000001ff16000 JavaThread "pool-1-thread-1" [_thread_blocked, id=8468, stack(0x0000000022370000,0x0000000022470000)]
  0x000000001ff14800 JavaThread "build operations Thread 4" [_thread_blocked, id=11680, stack(0x0000000021e70000,0x0000000021f70000)]
  0x000000001ff13800 JavaThread "build operations Thread 3" [_thread_blocked, id=3168, stack(0x0000000021d70000,0x0000000021e70000)]
  0x000000001ff13000 JavaThread "build operations Thread 2" [_thread_blocked, id=188, stack(0x00000000218a0000,0x00000000219a0000)]
  0x000000001ff10000 JavaThread "build operations" [_thread_blocked, id=8588, stack(0x0000000020310000,0x0000000020410000)]
  0x000000001ff10800 JavaThread "Cache worker for Artifact transforms cache (C:\Users\Septima\.gradle\caches\transforms-1)" [_thread_blocked, id=5332, stack(0x000000001f020000,0x000000001f120000)]
  0x000000001cf82000 JavaThread "Cache worker for file hash cache (C:\Users\Septima\AndroidStudioProjects\UnitConverter\.gradle\4.4\fileHashes)" [_thread_blocked, id=10152, stack(0x000000001db50000,0x000000001dc50000)]
  0x000000001b106800 JavaThread "File lock request listener" [_thread_in_native, id=8824, stack(0x000000001ca80000,0x000000001cb80000)]
  0x000000001b136800 JavaThread "Cache worker for file hash cache (C:\Users\Septima\.gradle\caches\4.4\fileHashes)" [_thread_blocked, id=164, stack(0x000000001c980000,0x000000001ca80000)]
  0x000000001af79000 JavaThread "Stdin handler" [_thread_blocked, id=10204, stack(0x000000001c680000,0x000000001c780000)]
  0x000000001af78000 JavaThread "Asynchronous log dispatcher for DefaultDaemonConnection: socket connection from /127.0.0.1:51752 to /127.0.0.1:51753" [_thread_blocked, id=5384, stack(0x000000001c580000,0x000000001c680000)]
  0x000000001af73000 JavaThread "Daemon worker" [_thread_in_Java, id=12988, stack(0x000000001c480000,0x000000001c580000)]
  0x000000001af70800 JavaThread "Cancel handler" [_thread_blocked, id=11304, stack(0x000000001c380000,0x000000001c480000)]
  0x000000001af4e800 JavaThread "Handler for socket connection from /127.0.0.1:51752 to /127.0.0.1:51753" [_thread_in_native, id=11400, stack(0x000000001c080000,0x000000001c180000)]
  0x000000001af4e000 JavaThread "Daemon" [_thread_blocked, id=12416, stack(0x000000001bf80000,0x000000001c080000)]
  0x000000001aef0800 JavaThread "Daemon periodic checks" [_thread_blocked, id=3320, stack(0x000000001be80000,0x000000001bf80000)]
  0x000000001aed3000 JavaThread "Incoming local TCP Connector on port 51752" [_thread_in_native, id=8700, stack(0x000000001bc40000,0x000000001bd40000)]
  0x0000000019959800 JavaThread "Service Thread" daemon [_thread_blocked, id=12892, stack(0x0000000019d30000,0x0000000019e30000)]
  0x0000000017ee7800 JavaThread "C1 CompilerThread2" daemon [_thread_blocked, id=8772, stack(0x0000000019830000,0x0000000019930000)]
  0x0000000017ee2800 JavaThread "C2 CompilerThread1" daemon [_thread_in_native, id=12620, stack(0x0000000019730000,0x0000000019830000)]
=>0x0000000017ede800 JavaThread "C2 CompilerThread0" daemon [_thread_in_native, id=10836, stack(0x0000000019630000,0x0000000019730000)]
  0x0000000017edd800 JavaThread "Attach Listener" daemon [_thread_blocked, id=12196, stack(0x0000000019530000,0x0000000019630000)]
  0x0000000017edc000 JavaThread "Signal Dispatcher" daemon [_thread_blocked, id=12608, stack(0x0000000019430000,0x0000000019530000)]
  0x0000000004568000 JavaThread "Finalizer" daemon [_thread_blocked, id=12420, stack(0x0000000019140000,0x0000000019240000)]
  0x0000000004562800 JavaThread "Reference Handler" daemon [_thread_blocked, id=4916, stack(0x0000000019040000,0x0000000019140000)]
  0x0000000004472800 JavaThread "main" [_thread_blocked, id=13272, stack(0x0000000004270000,0x0000000004370000)]

Other Threads:
  0x0000000017ea5000 VMThread [stack: 0x0000000018f40000,0x0000000019040000] [id=12672]
  0x000000001995a000 WatcherThread [stack: 0x0000000019e30000,0x0000000019f30000] [id=6904]

VM state:not at safepoint (normal execution)

VM Mutex/Monitor currently owned by a thread: None

Heap:
 PSYoungGen      total 143360K, used 107661K [0x00000000e0000000, 0x00000000ebd00000, 0x0000000100000000)
  eden space 130560K, 72% used [0x00000000e0000000,0x00000000e5ca3658,0x00000000e7f80000)
  from space 12800K, 99% used [0x00000000eb080000,0x00000000ebcfff10,0x00000000ebd00000)
  to   space 10240K, 0% used [0x00000000e7f80000,0x00000000e7f80000,0x00000000e8980000)
 ParOldGen       total 60416K, used 20628K [0x00000000a0000000, 0x00000000a3b00000, 0x00000000e0000000)
  object space 60416K, 34% used [0x00000000a0000000,0x00000000a14250b8,0x00000000a3b00000)
 Metaspace       used 51821K, capacity 53508K, committed 53592K, reserved 1095680K
  class space    used 7084K, capacity 7471K, committed 7552K, reserved 1048576K

Card table byte_map: [0x0000000013930000,0x0000000013c40000] byte_map_base: 0x0000000013430000

Marking Bits: (ParMarkBitMap*) 0x0000000061f54970
 Begin Bits: [0x0000000014240000, 0x0000000015a40000)
 End Bits:   [0x0000000015a40000, 0x0000000017240000)

Polling page: 0x0000000002c10000

CodeCache: size=245760Kb used=17099Kb max_used=17112Kb free=228660Kb
 bounds [0x0000000004570000, 0x0000000005640000, 0x0000000013570000]
 total_blobs=5643 nmethods=4887 adapters=668
 compilation: enabled

Compilation events (10 events):
Event: 14.568 Thread 0x0000000017ee2800 nmethod 5183 0x0000000005630090 code [0x0000000005630340, 0x00000000056320c0]
Event: 14.568 Thread 0x0000000017ee2800 5240       4       org.objectweb.asm.Frame::execute (2252 bytes)
Event: 14.590 Thread 0x0000000017ee7800 5251       3       com.google.common.cache.LocalCache::recordsWrite (20 bytes)
Event: 14.591 Thread 0x0000000017ee7800 nmethod 5251 0x000000000561cf10 code [0x000000000561d080, 0x000000000561d410]
Event: 14.598 Thread 0x0000000017ee7800 5252       3       org.gradle.model.internal.registry.RuleBindings::access$400 (7 bytes)
Event: 14.598 Thread 0x0000000017ee7800 nmethod 5252 0x000000000561cb50 code [0x000000000561ccc0, 0x000000000561ce28]
Event: 14.598 Thread 0x0000000017ee7800 5253       3       org.gradle.model.internal.registry.RuleBindings::bound (40 bytes)
Event: 14.598 Thread 0x0000000017ee7800 nmethod 5253 0x000000000561c0d0 code [0x000000000561c280, 0x000000000561c7a8]
Event: 14.634 Thread 0x0000000017ee7800 5255       1       org.gradle.internal.metaobject.BeanDynamicObject::access$300 (5 bytes)
Event: 14.634 Thread 0x0000000017ee7800 nmethod 5255 0x000000000562fdd0 code [0x000000000562ff20, 0x0000000005630010]

GC Heap History (10 events):
Event: 4.309 GC heap before
{Heap before GC invocations=6 (full 1):
 PSYoungGen      total 71680K, used 5108K [0x00000000e0000000, 0x00000000e9600000, 0x0000000100000000)
  eden space 66560K, 0% used [0x00000000e0000000,0x00000000e0000000,0x00000000e4100000)
  from space 5120K, 99% used [0x00000000e4100000,0x00000000e45fd060,0x00000000e4600000)
  to   space 10240K, 0% used [0x00000000e8c00000,0x00000000e8c00000,0x00000000e9600000)
 ParOldGen       total 87552K, used 8339K [0x00000000a0000000, 0x00000000a5580000, 0x00000000e0000000)
  object space 87552K, 9% used [0x00000000a0000000,0x00000000a0824ff0,0x00000000a5580000)
 Metaspace       used 20862K, capacity 21200K, committed 21248K, reserved 1067008K
  class space    used 2908K, capacity 3038K, committed 3072K, reserved 1048576K
Event: 4.372 GC heap after
Heap after GC invocations=6 (full 1):
 PSYoungGen      total 71680K, used 0K [0x00000000e0000000, 0x00000000e9600000, 0x0000000100000000)
  eden space 66560K, 0% used [0x00000000e0000000,0x00000000e0000000,0x00000000e4100000)
  from space 5120K, 0% used [0x00000000e4100000,0x00000000e4100000,0x00000000e4600000)
  to   space 10240K, 0% used [0x00000000e8c00000,0x00000000e8c00000,0x00000000e9600000)
 ParOldGen       total 60416K, used 8044K [0x00000000a0000000, 0x00000000a3b00000, 0x00000000e0000000)
  object space 60416K, 13% used [0x00000000a0000000,0x00000000a07db0d8,0x00000000a3b00000)
 Metaspace       used 20862K, capacity 21200K, committed 21248K, reserved 1067008K
  class space    used 2908K, capacity 3038K, committed 3072K, reserved 1048576K
}
Event: 6.892 GC heap before
{Heap before GC invocations=7 (full 1):
 PSYoungGen      total 71680K, used 66560K [0x00000000e0000000, 0x00000000e9600000, 0x0000000100000000)
  eden space 66560K, 100% used [0x00000000e0000000,0x00000000e4100000,0x00000000e4100000)
  from space 5120K, 0% used [0x00000000e4100000,0x00000000e4100000,0x00000000e4600000)
  to   space 10240K, 0% used [0x00000000e8c00000,0x00000000e8c00000,0x00000000e9600000)
 ParOldGen       total 60416K, used 8044K [0x00000000a0000000, 0x00000000a3b00000, 0x00000000e0000000)
  object space 60416K, 13% used [0x00000000a0000000,0x00000000a07db0d8,0x00000000a3b00000)
 Metaspace       used 26627K, capacity 27136K, committed 27392K, reserved 1073152K
  class space    used 3669K, capacity 3833K, committed 3840K, reserved 1048576K
Event: 6.980 GC heap after
Heap after GC invocations=7 (full 1):
 PSYoungGen      total 115200K, used 7495K [0x00000000e0000000, 0x00000000e9380000, 0x0000000100000000)
  eden space 107520K, 0% used [0x00000000e0000000,0x00000000e0000000,0x00000000e6900000)
  from space 7680K, 97% used [0x00000000e8c00000,0x00000000e9351d30,0x00000000e9380000)
  to   space 10240K, 0% used [0x00000000e7f80000,0x00000000e7f80000,0x00000000e8980000)
 ParOldGen       total 60416K, used 8052K [0x00000000a0000000, 0x00000000a3b00000, 0x00000000e0000000)
  object space 60416K, 13% used [0x00000000a0000000,0x00000000a07dd0d8,0x00000000a3b00000)
 Metaspace       used 26627K, capacity 27136K, committed 27392K, reserved 1073152K
  class space    used 3669K, capacity 3833K, committed 3840K, reserved 1048576K
}
Event: 9.358 GC heap before
{Heap before GC invocations=8 (full 1):
 PSYoungGen      total 115200K, used 96541K [0x00000000e0000000, 0x00000000e9380000, 0x0000000100000000)
  eden space 107520K, 82% used [0x00000000e0000000,0x00000000e56f59d0,0x00000000e6900000)
  from space 7680K, 97% used [0x00000000e8c00000,0x00000000e9351d30,0x00000000e9380000)
  to   space 10240K, 0% used [0x00000000e7f80000,0x00000000e7f80000,0x00000000e8980000)
 ParOldGen       total 60416K, used 8052K [0x00000000a0000000, 0x00000000a3b00000, 0x00000000e0000000)
  object space 60416K, 13% used [0x00000000a0000000,0x00000000a07dd0d8,0x00000000a3b00000)
 Metaspace       used 34716K, capacity 35260K, committed 35416K, reserved 1079296K
  class space    used 4779K, capacity 4972K, committed 4992K, reserved 1048576K
Event: 9.372 GC heap after
Heap after GC invocations=8 (full 1):
 PSYoungGen      total 140800K, used 10218K [0x00000000e0000000, 0x00000000ebd00000, 0x0000000100000000)
  eden space 130560K, 0% used [0x00000000e0000000,0x00000000e0000000,0x00000000e7f80000)
  from space 10240K, 99% used [0x00000000e7f80000,0x00000000e897abf0,0x00000000e8980000)
  to   space 12800K, 0% used [0x00000000eb080000,0x00000000eb080000,0x00000000ebd00000)
 ParOldGen       total 60416K, used 10700K [0x00000000a0000000, 0x00000000a3b00000, 0x00000000e0000000)
  object space 60416K, 17% used [0x00000000a0000000,0x00000000a0a73120,0x00000000a3b00000)
 Metaspace       used 34716K, capacity 35260K, committed 35416K, reserved 1079296K
  class space    used 4779K, capacity 4972K, committed 4992K, reserved 1048576K
}
Event: 9.372 GC heap before
{Heap before GC invocations=9 (full 2):
 PSYoungGen      total 140800K, used 10218K [0x00000000e0000000, 0x00000000ebd00000, 0x0000000100000000)
  eden space 130560K, 0% used [0x00000000e0000000,0x00000000e0000000,0x00000000e7f80000)
  from space 10240K, 99% used [0x00000000e7f80000,0x00000000e897abf0,0x00000000e8980000)
  to   space 12800K, 0% used [0x00000000eb080000,0x00000000eb080000,0x00000000ebd00000)
 ParOldGen       total 60416K, used 10700K [0x00000000a0000000, 0x00000000a3b00000, 0x00000000e0000000)
  object space 60416K, 17% used [0x00000000a0000000,0x00000000a0a73120,0x00000000a3b00000)
 Metaspace       used 34716K, capacity 35260K, committed 35416K, reserved 1079296K
  class space    used 4779K, capacity 4972K, committed 4992K, reserved 1048576K
Event: 9.498 GC heap after
Heap after GC invocations=9 (full 2):
 PSYoungGen      total 140800K, used 0K [0x00000000e0000000, 0x00000000ebd00000, 0x0000000100000000)
  eden space 130560K, 0% used [0x00000000e0000000,0x00000000e0000000,0x00000000e7f80000)
  from space 10240K, 0% used [0x00000000e7f80000,0x00000000e7f80000,0x00000000e8980000)
  to   space 12800K, 0% used [0x00000000eb080000,0x00000000eb080000,0x00000000ebd00000)
 ParOldGen       total 60416K, used 19355K [0x00000000a0000000, 0x00000000a3b00000, 0x00000000e0000000)
  object space 60416K, 32% used [0x00000000a0000000,0x00000000a12e6ff0,0x00000000a3b00000)
 Metaspace       used 34716K, capacity 35260K, committed 35416K, reserved 1079296K
  class space    used 4779K, capacity 4972K, committed 4992K, reserved 1048576K
}
Event: 12.292 GC heap before
{Heap before GC invocations=10 (full 2):
 PSYoungGen      total 140800K, used 130560K [0x00000000e0000000, 0x00000000ebd00000, 0x0000000100000000)
  eden space 130560K, 100% used [0x00000000e0000000,0x00000000e7f80000,0x00000000e7f80000)
  from space 10240K, 0% used [0x00000000e7f80000,0x00000000e7f80000,0x00000000e8980000)
  to   space 12800K, 0% used [0x00000000eb080000,0x00000000eb080000,0x00000000ebd00000)
 ParOldGen       total 60416K, used 19355K [0x00000000a0000000, 0x00000000a3b00000, 0x00000000e0000000)
  object space 60416K, 32% used [0x00000000a0000000,0x00000000a12e6ff0,0x00000000a3b00000)
 Metaspace       used 42969K, capacity 43782K, committed 43992K, reserved 1087488K
  class space    used 5873K, capacity 6130K, committed 6144K, reserved 1048576K
Event: 12.315 GC heap after
Heap after GC invocations=10 (full 2):
 PSYoungGen      total 143360K, used 12799K [0x00000000e0000000, 0x00000000ebd00000, 0x0000000100000000)
  eden space 130560K, 0% used [0x00000000e0000000,0x00000000e0000000,0x00000000e7f80000)
  from space 12800K, 99% used [0x00000000eb080000,0x00000000ebcfff10,0x00000000ebd00000)
  to   space 10240K, 0% used [0x00000000e7f80000,0x00000000e7f80000,0x00000000e8980000)
 ParOldGen       total 60416K, used 20628K [0x00000000a0000000, 0x00000000a3b00000, 0x00000000e0000000)
  object space 60416K, 34% used [0x00000000a0000000,0x00000000a14250b8,0x00000000a3b00000)
 Metaspace       used 42969K, capacity 43782K, committed 43992K, reserved 1087488K
  class space    used 5873K, capacity 6130K, committed 6144K, reserved 1048576K
}

Deoptimization events (10 events):
Event: 12.544 Thread 0x000000001af73000 Uncommon trap: reason=class_check action=maybe_recompile pc=0x0000000004ae5a68 method=java.io.DataInputStream.readUnsignedShort()I @ 4
Event: 12.790 Thread 0x000000001af73000 Uncommon trap: reason=unstable_if action=reinterpret pc=0x0000000004e4a210 method=java.util.WeakHashMap.remove(Ljava/lang/Object;)Ljava/lang/Object; @ 94
Event: 12.798 Thread 0x000000001af73000 Uncommon trap: reason=unstable_if action=reinterpret pc=0x0000000004b289b4 method=java.util.WeakHashMap.remove(Ljava/lang/Object;)Ljava/lang/Object; @ 94
Event: 12.866 Thread 0x000000001af73000 Uncommon trap: reason=unstable_if action=reinterpret pc=0x000000000521f508 method=java.util.regex.Pattern$BmpCharProperty.match(Ljava/util/regex/Matcher;ILjava/lang/CharSequence;)Z @ 34
Event: 12.866 Thread 0x000000001af73000 Uncommon trap: reason=unstable_if action=reinterpret pc=0x0000000004e12728 method=java.util.regex.Pattern$BmpCharProperty.match(Ljava/util/regex/Matcher;ILjava/lang/CharSequence;)Z @ 34
Event: 13.830 Thread 0x000000001af73000 Uncommon trap: reason=unstable_if action=reinterpret pc=0x00000000053a91e8 method=java.util.regex.Pattern$GroupTail.match(Ljava/util/regex/Matcher;ILjava/lang/CharSequence;)Z @ 73
Event: 13.830 Thread 0x000000001af73000 Uncommon trap: reason=unstable_if action=reinterpret pc=0x00000000053aa798 method=com.sun.org.apache.xerces.internal.impl.XMLEntityScanner.scanContent(Lcom/sun/org/apache/xerces/internal/xni/XMLString;)I @ 163
Event: 14.133 Thread 0x000000001af73000 Uncommon trap: reason=unstable_if action=reinterpret pc=0x0000000004e1f128 method=org.objectweb.asm.Type.getArgumentsAndReturnSizes(Ljava/lang/String;)I @ 47
Event: 14.133 Thread 0x000000001af73000 Uncommon trap: reason=unstable_if action=reinterpret pc=0x0000000004abfe54 method=org.objectweb.asm.Type.getArgumentsAndReturnSizes(Ljava/lang/String;)I @ 47
Event: 14.402 Thread 0x000000001af73000 Uncommon trap: reason=unstable_if action=reinterpret pc=0x0000000005522008 method=java.util.TreeMap.put(Ljava/lang/Object;Ljava/lang/Object;)Ljava/lang/Object; @ 163

Classes redefined (0 events):
No events

Internal exceptions (10 events):
Event: 13.292 Thread 0x000000001af73000 Exception <a 'java/lang/NoSuchMethodError': java.lang.Object.lambda$maxBy$1(Ljava/util/Comparator;Ljava/lang/Object;Ljava/lang/Object;)Ljava/lang/Object;> (0x00000000e2532978) thrown at [D:\src\AOSP-openjdk-cygwin\jdk8u\hotspot\src\share\vm\interpreter\li
Event: 14.168 Thread 0x000000001af73000 Exception <a 'java/lang/NoSuchMethodError': java.lang.Object.lambda$static$0(Ljava/util/Set;Ljava/util/Set;)Z> (0x00000000e47fe818) thrown at [D:\src\AOSP-openjdk-cygwin\jdk8u\hotspot\src\share\vm\interpreter\linkResolver.cpp, line 584]
Event: 14.169 Thread 0x000000001af73000 Exception <a 'java/lang/NoSuchMethodError': java.lang.Object.lambda$static$1(Ljava/util/Set;Ljava/util/Set;)Z> (0x00000000e48013b8) thrown at [D:\src\AOSP-openjdk-cygwin\jdk8u\hotspot\src\share\vm\interpreter\linkResolver.cpp, line 584]
Event: 14.169 Thread 0x000000001af73000 Exception <a 'java/lang/NoSuchMethodError': java.lang.Object.lambda$static$2(Ljava/util/Set;Ljava/util/Set;)Z> (0x00000000e4803b28) thrown at [D:\src\AOSP-openjdk-cygwin\jdk8u\hotspot\src\share\vm\interpreter\linkResolver.cpp, line 584]
Event: 14.629 Thread 0x000000001af73000 Exception <a 'java/lang/ClassNotFoundException': com/android/build/gradle/internal/api/ApkVariantOutputImpl_DecoratedBeanInfo> (0x00000000e5969888) thrown at [D:\src\AOSP-openjdk-cygwin\jdk8u\hotspot\src\share\vm\classfile\systemDictionary.cpp, line 210]
Event: 14.629 Thread 0x000000001af73000 Exception <a 'java/lang/ClassNotFoundException': com/android/build/gradle/internal/api/ApkVariantOutputImplBeanInfo> (0x00000000e5981928) thrown at [D:\src\AOSP-openjdk-cygwin\jdk8u\hotspot\src\share\vm\classfile\systemDictionary.cpp, line 210]
Event: 14.630 Thread 0x000000001af73000 Exception <a 'java/lang/ClassNotFoundException': com/android/build/gradle/internal/api/BaseVariantOutputImplBeanInfo> (0x00000000e599a800) thrown at [D:\src\AOSP-openjdk-cygwin\jdk8u\hotspot\src\share\vm\classfile\systemDictionary.cpp, line 210]
Event: 14.630 Thread 0x000000001af73000 Exception <a 'java/lang/ClassNotFoundException': com/android/build/gradle/internal/api/BaseVariantOutputImplCustomizer> (0x00000000e59b3bc8) thrown at [D:\src\AOSP-openjdk-cygwin\jdk8u\hotspot\src\share\vm\classfile\systemDictionary.cpp, line 210]
Event: 14.632 Thread 0x000000001af73000 Exception <a 'java/lang/ClassNotFoundException': com/android/build/gradle/internal/api/ApkVariantOutputImplCustomizer> (0x00000000e59ea160) thrown at [D:\src\AOSP-openjdk-cygwin\jdk8u\hotspot\src\share\vm\classfile\systemDictionary.cpp, line 210]
Event: 14.632 Thread 0x000000001af73000 Exception <a 'java/lang/ClassNotFoundException': com/android/build/gradle/internal/api/ApkVariantOutputImpl_DecoratedCustomizer> (0x00000000e5a163a8) thrown at [D:\src\AOSP-openjdk-cygwin\jdk8u\hotspot\src\share\vm\classfile\systemDictionary.cpp, line 210

Events (10 events):
Event: 14.631 loading class com/android/build/gradle/internal/api/ApkVariantOutputImplCustomizer
Event: 14.631 loading class com/android/build/gradle/internal/api/ApkVariantOutputImplCustomizer done
Event: 14.632 loading class com/android/build/gradle/internal/api/ApkVariantOutputImpl_DecoratedCustomizer
Event: 14.632 loading class com/android/build/gradle/internal/api/ApkVariantOutputImpl_DecoratedCustomizer done
Event: 14.632 loading class com/android/build/gradle/internal/api/ApkVariantOutputImpl_DecoratedCustomizer
Event: 14.632 loading class com/android/build/gradle/internal/api/ApkVariantOutputImpl_DecoratedCustomizer done
Event: 14.632 loading class com/android/build/gradle/internal/api/ApkVariantOutputImpl_DecoratedCustomizer
Event: 14.632 loading class com/android/build/gradle/internal/api/ApkVariantOutputImpl_DecoratedCustomizer done
Event: 14.634 loading class com/android/build/gradle/internal/api/UnitTestVariantImpl
Event: 14.634 loading class com/android/build/gradle/internal/api/UnitTestVariantImpl done


Dynamic libraries:
0x00007ff705780000 - 0x00007ff7057b1000 	C:\Program Files\Android\Android Studio\jre\bin\java.exe
0x00007ffda6a80000 - 0x00007ffda6c60000 	C:\WINDOWS\SYSTEM32\ntdll.dll
0x00007ffd97860000 - 0x00007ffd97894000 	C:\Program Files\AVAST Software\Avast\x64\aswhooka.dll
0x00007ffda4410000 - 0x00007ffda44be000 	C:\WINDOWS\System32\KERNEL32.DLL
0x00007ffda30a0000 - 0x00007ffda3306000 	C:\WINDOWS\System32\KERNELBASE.dll
0x00007ffda4920000 - 0x00007ffda49c1000 	C:\WINDOWS\System32\ADVAPI32.dll
0x00007ffda4bb0000 - 0x00007ffda4c4d000 	C:\WINDOWS\System32\msvcrt.dll
0x00007ffda4d60000 - 0x00007ffda4dbb000 	C:\WINDOWS\System32\sechost.dll
0x00007ffda6340000 - 0x00007ffda645f000 	C:\WINDOWS\System32\RPCRT4.dll
0x00007ffda6850000 - 0x00007ffda69df000 	C:\WINDOWS\System32\USER32.dll
0x00007ffda34c0000 - 0x00007ffda34e0000 	C:\WINDOWS\System32\win32u.dll
0x00007ffda4dc0000 - 0x00007ffda4de8000 	C:\WINDOWS\System32\GDI32.dll
0x00007ffda2e80000 - 0x00007ffda3013000 	C:\WINDOWS\System32\gdi32full.dll
0x00007ffda34e0000 - 0x00007ffda357b000 	C:\WINDOWS\System32\msvcp_win.dll
0x00007ffda3370000 - 0x00007ffda3466000 	C:\WINDOWS\System32\ucrtbase.dll
0x00007ffd96620000 - 0x00007ffd96889000 	C:\WINDOWS\WinSxS\amd64_microsoft.windows.common-controls_6595b64144ccf1df_6.0.16299.431_none_15c7d3ee93659e73\COMCTL32.dll
0x00007ffda3f50000 - 0x00007ffda4258000 	C:\WINDOWS\System32\combase.dll
0x00007ffda3020000 - 0x00007ffda3092000 	C:\WINDOWS\System32\bcryptPrimitives.dll
0x00007ffda4270000 - 0x00007ffda429d000 	C:\WINDOWS\System32\IMM32.DLL
0x00000000616b0000 - 0x0000000061782000 	C:\Program Files\Android\Android Studio\jre\jre\bin\msvcr100.dll
0x0000000061790000 - 0x0000000061fcf000 	C:\Program Files\Android\Android Studio\jre\jre\bin\server\jvm.dll
0x00007ffda4260000 - 0x00007ffda4268000 	C:\WINDOWS\System32\PSAPI.DLL
0x00007ffda1950000 - 0x00007ffda1959000 	C:\WINDOWS\SYSTEM32\WSOCK32.dll
0x00007ffda4b40000 - 0x00007ffda4bac000 	C:\WINDOWS\System32\WS2_32.dll
0x00007ffda0430000 - 0x00007ffda0453000 	C:\WINDOWS\SYSTEM32\WINMM.dll
0x00007ffd98450000 - 0x00007ffd9845a000 	C:\WINDOWS\SYSTEM32\VERSION.dll
0x00007ffda03d0000 - 0x00007ffda03fa000 	C:\WINDOWS\SYSTEM32\WINMMBASE.dll
0x00007ffda3470000 - 0x00007ffda34ba000 	C:\WINDOWS\System32\cfgmgr32.dll
0x00007ffd7a530000 - 0x00007ffd7a53f000 	C:\Program Files\Android\Android Studio\jre\jre\bin\verify.dll
0x00007ffd69130000 - 0x00007ffd69159000 	C:\Program Files\Android\Android Studio\jre\jre\bin\java.dll
0x00007ffd68af0000 - 0x00007ffd68b06000 	C:\Program Files\Android\Android Studio\jre\jre\bin\zip.dll
0x00007ffda4f00000 - 0x00007ffda6338000 	C:\WINDOWS\System32\SHELL32.dll
0x00007ffda4df0000 - 0x00007ffda4e96000 	C:\WINDOWS\System32\shcore.dll
0x00007ffda3580000 - 0x00007ffda3cc7000 	C:\WINDOWS\System32\windows.storage.dll
0x00007ffda4ea0000 - 0x00007ffda4ef1000 	C:\WINDOWS\System32\shlwapi.dll
0x00007ffda2e40000 - 0x00007ffda2e51000 	C:\WINDOWS\System32\kernel.appcore.dll
0x00007ffda2dd0000 - 0x00007ffda2e1c000 	C:\WINDOWS\System32\powrprof.dll
0x00007ffda2e20000 - 0x00007ffda2e3b000 	C:\WINDOWS\System32\profapi.dll
0x00007ffd689f0000 - 0x00007ffd68a0a000 	C:\Program Files\Android\Android Studio\jre\jre\bin\net.dll
0x00007ffda2660000 - 0x00007ffda26c6000 	C:\WINDOWS\system32\mswsock.dll
0x00007ffd68810000 - 0x00007ffd68821000 	C:\Program Files\Android\Android Studio\jre\jre\bin\nio.dll
0x00007ffd789e0000 - 0x00007ffd789fe000 	C:\Users\Septima\.gradle\native\25\windows-amd64\native-platform.dll
0x00007ffd7a520000 - 0x00007ffd7a52d000 	C:\Program Files\Android\Android Studio\jre\jre\bin\management.dll
0x00007ffda2820000 - 0x00007ffda2837000 	C:\WINDOWS\SYSTEM32\CRYPTSP.dll
0x00007ffda2260000 - 0x00007ffda2293000 	C:\WINDOWS\system32\rsaenh.dll
0x00007ffda2930000 - 0x00007ffda2955000 	C:\WINDOWS\SYSTEM32\bcrypt.dll
0x00007ffda2cd0000 - 0x00007ffda2cf9000 	C:\WINDOWS\SYSTEM32\USERENV.dll
0x00007ffda2840000 - 0x00007ffda284b000 	C:\WINDOWS\SYSTEM32\CRYPTBASE.dll
0x00007ffda23f0000 - 0x00007ffda2429000 	C:\WINDOWS\SYSTEM32\IPHLPAPI.DLL
0x00007ffda69e0000 - 0x00007ffda69e8000 	C:\WINDOWS\System32\NSI.dll
0x00007ffd98ff0000 - 0x00007ffd99006000 	C:\WINDOWS\SYSTEM32\dhcpcsvc6.DLL
0x00007ffd98fd0000 - 0x00007ffd98fea000 	C:\WINDOWS\SYSTEM32\dhcpcsvc.DLL

VM Arguments:
jvm_args: -Xmx1536m -Dfile.encoding=windows-1252 -Duser.country=US -Duser.language=en -Duser.variant 
java_command: org.gradle.launcher.daemon.bootstrap.GradleDaemon 4.4
java_class_path (initial): C:\Users\Septima\.gradle\wrapper\dists\gradle-4.4-all\9br9xq1tocpiv8o6njlyu5op1\gradle-4.4\lib\gradle-launcher-4.4.jar
Launcher Type: SUN_STANDARD

Environment Variables:
PATH=C:\Program Files\Microsoft MPI\Bin\;C:\Program Files\Docker\Docker\Resources\bin;C:\ProgramData\Oracle\Java\javapath;C:\Windows\system32;C:\Windows;C:\Windows\System32\Wbem;C:\Windows\System32\WindowsPowerShell\v1.0\;C:\Program Files (x86)\NVIDIA Corporation\PhysX\Common;C:\MinGW\bin;;C:\WINDOWS\system32;C:\WINDOWS;C:\WINDOWS\System32\Wbem;C:\WINDOWS\System32\WindowsPowerShell\v1.0\;C:\Program Files (x86)\Microsoft SQL Server\130\Tools\Binn\;C:\Program Files\Microsoft SQL Server\130\Tools\Binn\;C:\Program Files (x86)\Microsoft SQL Server\130\DTS\Binn\;C:\Program Files\Microsoft SQL Server\130\DTS\Binn\;C:\Program Files\Microsoft SQL Server\Client SDK\ODBC\130\Tools\Binn\;C:\Program Files (x86)\Microsoft SQL Server\Client SDK\ODBC\130\Tools\Binn\;C:\Program Files (x86)\Microsoft SQL Server\140\Tools\Binn\;C:\Program Files (x86)\Microsoft SQL Server\140\DTS\Binn\;C:\Program Files (x86)\Microsoft SQL Server\140\Tools\Binn\ManagementStudio\;C:\Program Files (x86)\Microsoft SQL Server\110\DTS\Binn\;C:\Program Files (x86)\Microsoft SQL Server\120\DTS\Binn\;C:\Program Files (x86)\Microsoft SQL Server\120\Tools\Binn\ManagementStudio\;C:\Program Files (x86)\Microsoft SQL Server\120\Tools\Binn\;C:\Program Files (x86)\Microsoft Visual Studio 12.0\Common7\IDE\PrivateAssemblies\;C:\Users\Septima\AppData\Local\Programs\Python\Python36-32\Scripts\;C:\Users\Septima\AppData\Local\Programs\Python\Python36-32\;C:\Users\Septima\AppData\Local\Microsoft\WindowsApps;C:\Program Files\Microsoft VS Code\bin;C:\Users\Septima\AppData\Local\atom\bin;C:\Users\Septima\AppData\Local\NASM;C:\Users\Septima\Anaconda2;
USERNAME=Septima
OS=Windows_NT
PROCESSOR_IDENTIFIER=Intel64 Family 6 Model 78 Stepping 3, GenuineIntel



---------------  S Y S T E M  ---------------

OS: Windows 10.0 , 64 bit Build 16299 (10.0.16299.431)

CPU:total 4 (initial active 4) (2 cores per cpu, 2 threads per core) family 6 model 78 stepping 3, cmov, cx8, fxsr, mmx, sse, sse2, sse3, ssse3, sse4.1, sse4.2, popcnt, avx, avx2, aes, clmul, erms, 3dnowpref, lzcnt, ht, tsc, tscinvbit, bmi1, bmi2, adx

Memory: 4k page, physical 8279168k(1001416k free), swap 8279168k(5644k free)

vm_info: OpenJDK 64-Bit Server VM (25.152-b02) for windows-amd64 JRE (1.8.0_152-release-1024-b02), built by "builder" with MS VC++ 10.0 (VS2010)

time: Wed May 23 21:31:51 2018
elapsed time: 14 seconds (0d 0h 0m 14s)

